mode: set
github.com/ace-platform/settlement-engine/cmd/settlement-engine/main.go:22.35,25.2 2 0
github.com/ace-platform/settlement-engine/cmd/settlement-engine/main.go:27.13,37.56 7 0
github.com/ace-platform/settlement-engine/cmd/settlement-engine/main.go:37.56,42.3 1 0
github.com/ace-platform/settlement-engine/cmd/settlement-engine/main.go:44.2,46.12 2 0
github.com/ace-platform/settlement-engine/cmd/settlement-engine/main.go:46.12,47.49 1 0
github.com/ace-platform/settlement-engine/cmd/settlement-engine/main.go:47.49,49.4 1 0
github.com/ace-platform/settlement-engine/cmd/settlement-engine/main.go:52.2,53.16 2 0
github.com/ace-platform/settlement-engine/cmd/settlement-engine/main.go:53.16,55.3 1 0
github.com/ace-platform/settlement-engine/cmd/settlement-engine/main.go:57.2,65.13 7 0
github.com/ace-platform/settlement-engine/internal/engine/engine.go:42.11,51.2 1 1
github.com/ace-platform/settlement-engine/internal/engine/engine.go:54.50,56.2 1 1
github.com/ace-platform/settlement-engine/internal/engine/engine.go:64.135,79.16 7 1
github.com/ace-platform/settlement-engine/internal/engine/engine.go:79.16,83.3 3 1
github.com/ace-platform/settlement-engine/internal/engine/engine.go:84.2,100.33 11 1
github.com/ace-platform/settlement-engine/internal/engine/engine.go:100.33,101.48 1 1
github.com/ace-platform/settlement-engine/internal/engine/engine.go:101.48,103.9 2 1
github.com/ace-platform/settlement-engine/internal/engine/engine.go:107.2,107.18 1 1
github.com/ace-platform/settlement-engine/internal/engine/engine.go:107.18,109.3 1 1
github.com/ace-platform/settlement-engine/internal/engine/engine.go:109.8,112.3 2 1
github.com/ace-platform/settlement-engine/internal/engine/engine.go:113.2,115.22 2 1
github.com/ace-platform/settlement-engine/internal/engine/engine.go:115.22,117.3 1 1
github.com/ace-platform/settlement-engine/internal/engine/engine.go:119.2,119.19 1 1
github.com/ace-platform/settlement-engine/internal/engine/engine.go:123.73,128.9 4 1
github.com/ace-platform/settlement-engine/internal/engine/engine.go:128.9,130.3 1 1
github.com/ace-platform/settlement-engine/internal/engine/engine.go:131.2,131.17 1 1
github.com/ace-platform/settlement-engine/internal/engine/engine.go:135.57,140.29 4 1
github.com/ace-platform/settlement-engine/internal/engine/engine.go:140.29,142.3 1 1
github.com/ace-platform/settlement-engine/internal/engine/engine.go:143.2,143.15 1 1
github.com/ace-platform/settlement-engine/internal/engine/engine.go:147.51,149.2 1 1
github.com/ace-platform/settlement-engine/internal/engine/engine.go:152.95,154.2 1 1
github.com/ace-platform/settlement-engine/internal/types/decimal.go:18.56,20.2 1 1
github.com/ace-platform/settlement-engine/internal/types/decimal.go:22.38,24.2 1 0
github.com/ace-platform/settlement-engine/internal/types/decimal.go:26.28,28.2 1 1
github.com/ace-platform/settlement-engine/internal/types/decimal.go:30.40,32.2 1 0
github.com/ace-platform/settlement-engine/internal/types/decimal.go:34.46,36.13 2 0
github.com/ace-platform/settlement-engine/internal/types/decimal.go:36.13,38.3 1 0
github.com/ace-platform/settlement-engine/internal/types/decimal.go:40.2,41.31 2 0
github.com/ace-platform/settlement-engine/internal/types/decimal.go:41.31,44.3 2 0
github.com/ace-platform/settlement-engine/internal/types/decimal.go:46.2,48.16 3 0
github.com/ace-platform/settlement-engine/internal/types/decimal.go:48.16,50.3 1 0
github.com/ace-platform/settlement-engine/internal/types/decimal.go:52.2,53.21 2 0
github.com/ace-platform/settlement-engine/internal/types/decimal.go:53.21,55.23 2 0
github.com/ace-platform/settlement-engine/internal/types/decimal.go:55.23,57.4 1 0
github.com/ace-platform/settlement-engine/internal/types/decimal.go:58.3,58.24 1 0
github.com/ace-platform/settlement-engine/internal/types/decimal.go:58.24,60.4 1 0
github.com/ace-platform/settlement-engine/internal/types/decimal.go:61.3,62.17 2 0
github.com/ace-platform/settlement-engine/internal/types/decimal.go:62.17,64.4 1 0
github.com/ace-platform/settlement-engine/internal/types/decimal.go:67.2,68.14 2 0
github.com/ace-platform/settlement-engine/internal/types/decimal.go:68.14,70.3 1 0
github.com/ace-platform/settlement-engine/internal/types/decimal.go:71.2,71.33 1 0
github.com/ace-platform/settlement-engine/internal/types/decimal.go:74.35,74.53 1 0
github.com/ace-platform/settlement-engine/internal/types/decimal.go:75.35,75.58 1 1
github.com/ace-platform/settlement-engine/internal/types/decimal.go:76.35,76.57 1 1
github.com/ace-platform/settlement-engine/internal/types/decimal.go:77.35,77.70 1 1
github.com/ace-platform/settlement-engine/internal/types/decimal.go:79.45,81.2 1 1
github.com/ace-platform/settlement-engine/internal/types/decimal.go:83.45,85.2 1 1
github.com/ace-platform/settlement-engine/internal/types/decimal.go:87.46,89.2 1 1
github.com/ace-platform/settlement-engine/internal/types/decimal.go:91.48,93.2 1 0
github.com/ace-platform/settlement-engine/internal/types/decimal.go:97.52,99.2 1 0
github.com/ace-platform/settlement-engine/internal/types/decimal.go:102.50,103.18 1 0
github.com/ace-platform/settlement-engine/internal/types/decimal.go:103.18,105.3 1 0
github.com/ace-platform/settlement-engine/internal/types/decimal.go:106.2,106.42 1 0
github.com/ace-platform/settlement-engine/internal/types/decimal.go:109.32,110.17 1 0
github.com/ace-platform/settlement-engine/internal/types/decimal.go:110.17,112.3 1 0
github.com/ace-platform/settlement-engine/internal/types/decimal.go:113.2,113.10 1 0
github.com/ace-platform/settlement-engine/internal/types/decimal.go:116.41,117.27 1 0
github.com/ace-platform/settlement-engine/internal/types/decimal.go:117.27,119.3 1 0
github.com/ace-platform/settlement-engine/internal/types/decimal.go:120.2,120.27 1 0
github.com/ace-platform/settlement-engine/internal/types/decimal.go:120.27,122.3 1 0
github.com/ace-platform/settlement-engine/internal/types/decimal.go:123.2,123.10 1 0
github.com/ace-platform/settlement-engine/internal/types/decimal.go:126.50,126.82 1 0
github.com/ace-platform/settlement-engine/internal/types/decimal.go:127.51,127.83 1 0
github.com/ace-platform/settlement-engine/internal/types/decimal.go:128.51,128.84 1 1
github.com/ace-platform/settlement-engine/internal/types/decimal.go:130.45,131.28 1 0
github.com/ace-platform/settlement-engine/internal/types/decimal.go:131.28,133.3 1 0
github.com/ace-platform/settlement-engine/internal/types/decimal.go:134.2,134.14 1 0
github.com/ace-platform/settlement-engine/internal/types/decimal.go:137.34,140.14 3 0
github.com/ace-platform/settlement-engine/internal/types/decimal.go:140.14,142.3 1 0
github.com/ace-platform/settlement-engine/internal/types/decimal.go:143.2,147.14 4 0
github.com/ace-platform/settlement-engine/internal/types/decimal.go:147.14,149.3 1 0
github.com/ace-platform/settlement-engine/internal/types/decimal.go:150.2,150.19 1 0
github.com/ace-platform/settlement-engine/internal/types/decimal.go:150.19,152.3 1 0
github.com/ace-platform/settlement-engine/internal/types/decimal.go:153.2,155.55 3 0
github.com/ace-platform/settlement-engine/internal/types/settlement.go:13.31,14.18 1 0
github.com/ace-platform/settlement-engine/internal/types/settlement.go:14.18,16.3 1 0
github.com/ace-platform/settlement-engine/internal/types/settlement.go:17.2,17.15 1 0
github.com/ace-platform/settlement-engine/internal/types/settlement.go:42.48,43.11 1 0
github.com/ace-platform/settlement-engine/internal/types/settlement.go:44.26,45.19 1 0
github.com/ace-platform/settlement-engine/internal/types/settlement.go:46.26,47.19 1 0
github.com/ace-platform/settlement-engine/internal/types/settlement.go:48.29,49.22 1 0
github.com/ace-platform/settlement-engine/internal/types/settlement.go:50.27,51.20 1 0
github.com/ace-platform/settlement-engine/internal/types/settlement.go:52.28,53.21 1 0
github.com/ace-platform/settlement-engine/internal/types/settlement.go:54.25,55.18 1 0
github.com/ace-platform/settlement-engine/internal/types/settlement.go:56.10,57.19 1 0
github.com/ace-platform/settlement-engine/internal/types/settlement.go:104.54,105.11 1 0
github.com/ace-platform/settlement-engine/internal/types/settlement.go:106.26,107.19 1 0
github.com/ace-platform/settlement-engine/internal/types/settlement.go:108.28,109.21 1 0
github.com/ace-platform/settlement-engine/internal/types/settlement.go:110.28,111.21 1 0
github.com/ace-platform/settlement-engine/internal/types/settlement.go:112.25,113.18 1 0
github.com/ace-platform/settlement-engine/internal/types/settlement.go:114.10,115.19 1 0
github.com/ace-platform/settlement-engine/internal/types/settlement.go:127.39,128.16 1 0
github.com/ace-platform/settlement-engine/internal/types/settlement.go:128.16,130.3 1 0
github.com/ace-platform/settlement-engine/internal/types/settlement.go:131.2,131.18 1 0
github.com/ace-platform/settlement-engine/internal/payment/gateway.go:24.47,26.2 1 1
github.com/ace-platform/settlement-engine/internal/payment/gateway.go:29.106,31.36 2 1
github.com/ace-platform/settlement-engine/internal/payment/gateway.go:31.36,36.21 4 1
github.com/ace-platform/settlement-engine/internal/payment/gateway.go:36.21,39.4 2 1
github.com/ace-platform/settlement-engine/internal/payment/gateway.go:39.9,42.4 2 1
github.com/ace-platform/settlement-engine/internal/payment/gateway.go:43.3,43.20 1 1
github.com/ace-platform/settlement-engine/internal/payment/gateway.go:45.2,45.16 1 1
github.com/ace-platform/settlement-engine/internal/payment/gateway.go:57.44,62.2 1 1
github.com/ace-platform/settlement-engine/internal/payment/gateway.go:65.57,69.2 3 1
github.com/ace-platform/settlement-engine/internal/payment/gateway.go:71.96,78.35 5 1
github.com/ace-platform/settlement-engine/internal/payment/gateway.go:78.35,87.3 3 1
github.com/ace-platform/settlement-engine/internal/payment/gateway.go:89.2,96.15 3 1
github.com/ace-platform/settlement-engine/internal/payment/gateway.go:100.63,106.2 5 1
github.com/ace-platform/settlement-engine/internal/types/decimal.go:18.56,20.2 1 1
github.com/ace-platform/settlement-engine/internal/types/decimal.go:22.38,24.2 1 0
github.com/ace-platform/settlement-engine/internal/types/decimal.go:26.28,28.2 1 0
github.com/ace-platform/settlement-engine/internal/types/decimal.go:30.40,32.2 1 0
github.com/ace-platform/settlement-engine/internal/types/decimal.go:34.46,36.13 2 0
github.com/ace-platform/settlement-engine/internal/types/decimal.go:36.13,38.3 1 0
github.com/ace-platform/settlement-engine/internal/types/decimal.go:40.2,41.31 2 0
github.com/ace-platform/settlement-engine/internal/types/decimal.go:41.31,44.3 2 0
github.com/ace-platform/settlement-engine/internal/types/decimal.go:46.2,48.16 3 0
github.com/ace-platform/settlement-engine/internal/types/decimal.go:48.16,50.3 1 0
github.com/ace-platform/settlement-engine/internal/types/decimal.go:52.2,53.21 2 0
github.com/ace-platform/settlement-engine/internal/types/decimal.go:53.21,55.23 2 0
github.com/ace-platform/settlement-engine/internal/types/decimal.go:55.23,57.4 1 0
github.com/ace-platform/settlement-engine/internal/types/decimal.go:58.3,58.24 1 0
github.com/ace-platform/settlement-engine/internal/types/decimal.go:58.24,60.4 1 0
github.com/ace-platform/settlement-engine/internal/types/decimal.go:61.3,62.17 2 0
github.com/ace-platform/settlement-engine/internal/types/decimal.go:62.17,64.4 1 0
github.com/ace-platform/settlement-engine/internal/types/decimal.go:67.2,68.14 2 0
github.com/ace-platform/settlement-engine/internal/types/decimal.go:68.14,70.3 1 0
github.com/ace-platform/settlement-engine/internal/types/decimal.go:71.2,71.33 1 0
github.com/ace-platform/settlement-engine/internal/types/decimal.go:74.35,74.53 1 0
github.com/ace-platform/settlement-engine/internal/types/decimal.go:75.35,75.58 1 0
github.com/ace-platform/settlement-engine/internal/types/decimal.go:76.35,76.57 1 0
github.com/ace-platform/settlement-engine/internal/types/decimal.go:77.35,77.70 1 0
github.com/ace-platform/settlement-engine/internal/types/decimal.go:79.45,81.2 1 0
github.com/ace-platform/settlement-engine/internal/types/decimal.go:83.45,85.2 1 0
github.com/ace-platform/settlement-engine/internal/types/decimal.go:87.46,89.2 1 0
github.com/ace-platform/settlement-engine/internal/types/decimal.go:91.48,93.2 1 0
github.com/ace-platform/settlement-engine/internal/types/decimal.go:97.52,99.2 1 0
github.com/ace-platform/settlement-engine/internal/types/decimal.go:102.50,103.18 1 0
github.com/ace-platform/settlement-engine/internal/types/decimal.go:103.18,105.3 1 0
github.com/ace-platform/settlement-engine/internal/types/decimal.go:106.2,106.42 1 0
github.com/ace-platform/settlement-engine/internal/types/decimal.go:109.32,110.17 1 0
github.com/ace-platform/settlement-engine/internal/types/decimal.go:110.17,112.3 1 0
github.com/ace-platform/settlement-engine/internal/types/decimal.go:113.2,113.10 1 0
github.com/ace-platform/settlement-engine/internal/types/decimal.go:116.41,117.27 1 0
github.com/ace-platform/settlement-engine/internal/types/decimal.go:117.27,119.3 1 0
github.com/ace-platform/settlement-engine/internal/types/decimal.go:120.2,120.27 1 0
github.com/ace-platform/settlement-engine/internal/types/decimal.go:120.27,122.3 1 0
github.com/ace-platform/settlement-engine/internal/types/decimal.go:123.2,123.10 1 0
github.com/ace-platform/settlement-engine/internal/types/decimal.go:126.50,126.82 1 0
github.com/ace-platform/settlement-engine/internal/types/decimal.go:127.51,127.83 1 0
github.com/ace-platform/settlement-engine/internal/types/decimal.go:128.51,128.84 1 0
github.com/ace-platform/settlement-engine/internal/types/decimal.go:130.45,131.28 1 0
github.com/ace-platform/settlement-engine/internal/types/decimal.go:131.28,133.3 1 0
github.com/ace-platform/settlement-engine/internal/types/decimal.go:134.2,134.14 1 0
github.com/ace-platform/settlement-engine/internal/types/decimal.go:137.34,140.14 3 0
github.com/ace-platform/settlement-engine/internal/types/decimal.go:140.14,142.3 1 0
github.com/ace-platform/settlement-engine/internal/types/decimal.go:143.2,147.14 4 0
github.com/ace-platform/settlement-engine/internal/types/decimal.go:147.14,149.3 1 0
github.com/ace-platform/settlement-engine/internal/types/decimal.go:150.2,150.19 1 0
github.com/ace-platform/settlement-engine/internal/types/decimal.go:150.19,152.3 1 0
github.com/ace-platform/settlement-engine/internal/types/decimal.go:153.2,155.55 3 0
github.com/ace-platform/settlement-engine/internal/types/settlement.go:13.31,14.18 1 0
github.com/ace-platform/settlement-engine/internal/types/settlement.go:14.18,16.3 1 0
github.com/ace-platform/settlement-engine/internal/types/settlement.go:17.2,17.15 1 0
github.com/ace-platform/settlement-engine/internal/types/settlement.go:42.48,43.11 1 0
github.com/ace-platform/settlement-engine/internal/types/settlement.go:44.26,45.19 1 0
github.com/ace-platform/settlement-engine/internal/types/settlement.go:46.26,47.19 1 0
github.com/ace-platform/settlement-engine/internal/types/settlement.go:48.29,49.22 1 0
github.com/ace-platform/settlement-engine/internal/types/settlement.go:50.27,51.20 1 0
github.com/ace-platform/settlement-engine/internal/types/settlement.go:52.28,53.21 1 0
github.com/ace-platform/settlement-engine/internal/types/settlement.go:54.25,55.18 1 0
github.com/ace-platform/settlement-engine/internal/types/settlement.go:56.10,57.19 1 0
github.com/ace-platform/settlement-engine/internal/types/settlement.go:104.54,105.11 1 0
github.com/ace-platform/settlement-engine/internal/types/settlement.go:106.26,107.19 1 0
github.com/ace-platform/settlement-engine/internal/types/settlement.go:108.28,109.21 1 0
github.com/ace-platform/settlement-engine/internal/types/settlement.go:110.28,111.21 1 0
github.com/ace-platform/settlement-engine/internal/types/settlement.go:112.25,113.18 1 0
github.com/ace-platform/settlement-engine/internal/types/settlement.go:114.10,115.19 1 0
github.com/ace-platform/settlement-engine/internal/types/settlement.go:127.39,128.16 1 0
github.com/ace-platform/settlement-engine/internal/types/settlement.go:128.16,130.3 1 0
github.com/ace-platform/settlement-engine/internal/types/settlement.go:131.2,131.18 1 0
github.com/ace-platform/settlement-engine/internal/kafka/config.go:27.37,29.58 2 0
github.com/ace-platform/settlement-engine/internal/kafka/config.go:29.58,31.3 1 0
github.com/ace-platform/settlement-engine/internal/kafka/config.go:32.2,32.50 1 0
github.com/ace-platform/settlement-engine/internal/kafka/config.go:32.50,33.44 1 0
github.com/ace-platform/settlement-engine/internal/kafka/config.go:33.44,35.4 1 0
github.com/ace-platform/settlement-engine/internal/kafka/config.go:37.2,37.55 1 0
github.com/ace-platform/settlement-engine/internal/kafka/config.go:37.55,38.44 1 0
github.com/ace-platform/settlement-engine/internal/kafka/config.go:38.44,40.4 1 0
github.com/ace-platform/settlement-engine/internal/kafka/config.go:42.2,42.12 1 0
github.com/ace-platform/settlement-engine/internal/kafka/config.go:48.59,50.58 2 0
github.com/ace-platform/settlement-engine/internal/kafka/config.go:50.58,52.3 1 0
github.com/ace-platform/settlement-engine/internal/kafka/config.go:53.2,53.50 1 0
github.com/ace-platform/settlement-engine/internal/kafka/config.go:53.50,54.44 1 0
github.com/ace-platform/settlement-engine/internal/kafka/config.go:54.44,56.4 1 0
github.com/ace-platform/settlement-engine/internal/kafka/config.go:58.2,58.55 1 0
github.com/ace-platform/settlement-engine/internal/kafka/config.go:58.55,59.44 1 0
github.com/ace-platform/settlement-engine/internal/kafka/config.go:59.44,61.4 1 0
github.com/ace-platform/settlement-engine/internal/kafka/config.go:63.2,63.54 1 0
github.com/ace-platform/settlement-engine/internal/kafka/config.go:63.54,64.44 1 0
github.com/ace-platform/settlement-engine/internal/kafka/config.go:64.44,66.4 1 0
github.com/ace-platform/settlement-engine/internal/kafka/config.go:68.2,68.12 1 0
github.com/ace-platform/settlement-engine/internal/kafka/consumer.go:35.59,43.2 1 1
github.com/ace-platform/settlement-engine/internal/kafka/consumer.go:57.84,65.2 1 1
github.com/ace-platform/settlement-engine/internal/kafka/consumer.go:68.68,72.2 3 1
github.com/ace-platform/settlement-engine/internal/kafka/consumer.go:75.69,79.2 3 1
github.com/ace-platform/settlement-engine/internal/kafka/consumer.go:82.60,86.31 4 1
github.com/ace-platform/settlement-engine/internal/kafka/consumer.go:86.31,87.33 1 1
github.com/ace-platform/settlement-engine/internal/kafka/consumer.go:87.33,90.4 2 1
github.com/ace-platform/settlement-engine/internal/kafka/consumer.go:92.2,95.32 3 1
github.com/ace-platform/settlement-engine/internal/kafka/consumer.go:95.32,97.51 2 1
github.com/ace-platform/settlement-engine/internal/kafka/consumer.go:97.51,100.4 2 1
github.com/ace-platform/settlement-engine/internal/kafka/consumer.go:102.2,103.12 2 1
github.com/ace-platform/settlement-engine/internal/kafka/consumer.go:106.111,107.6 1 1
github.com/ace-platform/settlement-engine/internal/kafka/consumer.go:107.6,108.10 1 1
github.com/ace-platform/settlement-engine/internal/kafka/consumer.go:109.21,110.10 1 1
github.com/ace-platform/settlement-engine/internal/kafka/consumer.go:111.25,112.11 1 1
github.com/ace-platform/settlement-engine/internal/kafka/consumer.go:112.11,114.5 1 1
github.com/ace-platform/settlement-engine/internal/kafka/consumer.go:115.4,115.45 1 1
github.com/ace-platform/settlement-engine/internal/kafka/consumer.go:120.105,122.58 2 1
github.com/ace-platform/settlement-engine/internal/kafka/consumer.go:122.58,126.3 3 1
github.com/ace-platform/settlement-engine/internal/kafka/consumer.go:129.2,130.30 2 1
github.com/ace-platform/settlement-engine/internal/kafka/consumer.go:130.30,133.3 2 1
github.com/ace-platform/settlement-engine/internal/kafka/consumer.go:134.2,137.62 3 1
github.com/ace-platform/settlement-engine/internal/kafka/consumer.go:137.62,138.18 1 1
github.com/ace-platform/settlement-engine/internal/kafka/consumer.go:138.18,140.4 1 1
github.com/ace-platform/settlement-engine/internal/kafka/consumer.go:141.3,141.45 1 1
github.com/ace-platform/settlement-engine/internal/kafka/consumer.go:141.45,143.12 2 1
github.com/ace-platform/settlement-engine/internal/kafka/consumer.go:146.3,148.51 3 1
github.com/ace-platform/settlement-engine/internal/kafka/consumer.go:148.51,150.4 1 1
github.com/ace-platform/settlement-engine/internal/kafka/consumer.go:151.3,152.9 2 1
github.com/ace-platform/settlement-engine/internal/kafka/consumer.go:155.2,156.34 2 1
github.com/ace-platform/settlement-engine/internal/kafka/consumer.go:159.74,160.26 1 1
github.com/ace-platform/settlement-engine/internal/kafka/consumer.go:160.26,162.3 1 0
github.com/ace-platform/settlement-engine/internal/kafka/consumer.go:163.2,171.19 3 1
github.com/ace-platform/settlement-engine/internal/kafka/consumer.go:171.19,173.3 1 1
github.com/ace-platform/settlement-engine/internal/kafka/consumer.go:176.41,180.32 3 1
github.com/ace-platform/settlement-engine/internal/kafka/consumer.go:180.32,181.20 1 1
github.com/ace-platform/settlement-engine/internal/kafka/consumer.go:181.20,182.9 1 1
github.com/ace-platform/settlement-engine/internal/kafka/consumer.go:184.3,185.10 2 1
github.com/ace-platform/settlement-engine/internal/kafka/consumer.go:190.41,195.2 4 1
github.com/ace-platform/settlement-engine/internal/kafka/consumer.go:198.48,202.2 3 1
github.com/ace-platform/settlement-engine/internal/kafka/consumer.go:205.46,206.43 1 1
github.com/ace-platform/settlement-engine/internal/kafka/consumer.go:206.43,208.3 1 1
github.com/ace-platform/settlement-engine/internal/kafka/consumer.go:209.2,209.14 1 1
github.com/ace-platform/settlement-engine/internal/kafka/event.go:23.93,25.16 2 1
github.com/ace-platform/settlement-engine/internal/kafka/event.go:25.16,27.3 1 0
github.com/ace-platform/settlement-engine/internal/kafka/event.go:28.2,29.16 2 1
github.com/ace-platform/settlement-engine/internal/kafka/event.go:29.16,31.3 1 0
github.com/ace-platform/settlement-engine/internal/kafka/event.go:32.2,40.8 1 1
github.com/ace-platform/settlement-engine/internal/kafka/event.go:53.37,55.45 2 1
github.com/ace-platform/settlement-engine/internal/kafka/event.go:55.45,57.3 1 0
github.com/ace-platform/settlement-engine/internal/kafka/event.go:58.2,61.60 3 1
github.com/ace-platform/settlement-engine/internal/kafka/producer.go:27.45,34.2 1 1
github.com/ace-platform/settlement-engine/internal/kafka/producer.go:48.62,53.2 1 1
github.com/ace-platform/settlement-engine/internal/kafka/producer.go:56.80,62.2 5 1
github.com/ace-platform/settlement-engine/internal/kafka/producer.go:66.90,70.2 3 1
github.com/ace-platform/settlement-engine/internal/kafka/producer.go:73.74,75.14 2 1
github.com/ace-platform/settlement-engine/internal/kafka/producer.go:75.14,78.3 2 1
github.com/ace-platform/settlement-engine/internal/kafka/producer.go:79.2,85.57 6 1
github.com/ace-platform/settlement-engine/internal/kafka/producer.go:85.57,86.18 1 1
github.com/ace-platform/settlement-engine/internal/kafka/producer.go:86.18,88.4 1 1
github.com/ace-platform/settlement-engine/internal/kafka/producer.go:90.3,90.18 1 1
github.com/ace-platform/settlement-engine/internal/kafka/producer.go:90.18,91.50 1 1
github.com/ace-platform/settlement-engine/internal/kafka/producer.go:91.50,93.13 2 1
github.com/ace-platform/settlement-engine/internal/kafka/producer.go:97.3,98.17 2 1
github.com/ace-platform/settlement-engine/internal/kafka/producer.go:98.17,100.4 1 1
github.com/ace-platform/settlement-engine/internal/kafka/producer.go:102.3,108.16 2 1
github.com/ace-platform/settlement-engine/internal/kafka/producer.go:108.16,109.11 1 1
github.com/ace-platform/settlement-engine/internal/kafka/producer.go:110.19,110.19 0 1
github.com/ace-platform/settlement-engine/internal/kafka/producer.go:111.12,113.13 2 1
github.com/ace-platform/settlement-engine/internal/kafka/producer.go:116.3,116.13 1 1
github.com/ace-platform/settlement-engine/internal/kafka/producer.go:118.2,118.112 1 1
github.com/ace-platform/settlement-engine/internal/kafka/producer.go:122.41,126.30 4 1
github.com/ace-platform/settlement-engine/internal/kafka/producer.go:126.30,128.3 1 0
github.com/ace-platform/settlement-engine/internal/kafka/producer.go:129.2,129.12 1 1
github.com/ace-platform/settlement-engine/internal/kafka/producer.go:133.58,137.15 4 1
github.com/ace-platform/settlement-engine/internal/kafka/producer.go:137.15,139.3 1 1
github.com/ace-platform/settlement-engine/internal/kafka/producer.go:140.2,141.6 2 1
github.com/ace-platform/settlement-engine/internal/kafka/producer.go:141.6,142.10 1 1
github.com/ace-platform/settlement-engine/internal/kafka/producer.go:143.22,144.11 1 1
github.com/ace-platform/settlement-engine/internal/kafka/producer.go:144.11,146.5 1 0
github.com/ace-platform/settlement-engine/internal/kafka/producer.go:147.4,147.26 1 1
github.com/ace-platform/settlement-engine/internal/kafka/producer.go:148.11,149.15 1 1
github.com/ace-platform/settlement-engine/internal/kafka/wiring.go:51.109,53.16 2 1
github.com/ace-platform/settlement-engine/internal/kafka/wiring.go:53.16,55.3 1 0
github.com/ace-platform/settlement-engine/internal/kafka/wiring.go:56.2,57.39 2 1
github.com/ace-platform/settlement-engine/internal/kafka/wiring.go:57.39,59.3 1 1
github.com/ace-platform/settlement-engine/internal/kafka/wiring.go:60.2,60.54 1 1
github.com/ace-platform/settlement-engine/internal/kafka/wiring.go:66.57,67.54 1 1
github.com/ace-platform/settlement-engine/internal/kafka/wiring.go:67.54,69.65 2 1
github.com/ace-platform/settlement-engine/internal/kafka/wiring.go:69.65,71.4 1 0
github.com/ace-platform/settlement-engine/internal/kafka/wiring.go:72.3,72.47 1 1
github.com/ace-platform/settlement-engine/internal/pnl/calculator.go:16.61,18.2 1 1
github.com/ace-platform/settlement-engine/internal/pnl/calculator.go:26.104,28.16 2 1
github.com/ace-platform/settlement-engine/internal/pnl/calculator.go:28.16,30.3 1 1
github.com/ace-platform/settlement-engine/internal/pnl/calculator.go:32.2,32.26 1 1
github.com/ace-platform/settlement-engine/internal/pnl/calculator.go:32.26,42.3 1 1
github.com/ace-platform/settlement-engine/internal/pnl/calculator.go:45.2,46.32 2 1
github.com/ace-platform/settlement-engine/internal/pnl/calculator.go:46.32,48.3 1 1
github.com/ace-platform/settlement-engine/internal/pnl/calculator.go:48.8,51.3 1 1
github.com/ace-platform/settlement-engine/internal/pnl/calculator.go:56.2,67.8 3 1
github.com/ace-platform/settlement-engine/internal/pnl/calculator.go:71.114,73.32 2 1
github.com/ace-platform/settlement-engine/internal/pnl/calculator.go:73.32,75.17 2 1
github.com/ace-platform/settlement-engine/internal/pnl/calculator.go:75.17,78.4 1 1
github.com/ace-platform/settlement-engine/internal/pnl/calculator.go:79.3,79.33 1 1
github.com/ace-platform/settlement-engine/internal/pnl/calculator.go:81.2,81.21 1 1
github.com/ace-platform/settlement-engine/internal/pnl/calculator.go:86.75,88.28 2 1
github.com/ace-platform/settlement-engine/internal/pnl/calculator.go:88.28,90.10 2 1
github.com/ace-platform/settlement-engine/internal/pnl/calculator.go:90.10,92.4 1 1
github.com/ace-platform/settlement-engine/internal/pnl/calculator.go:93.3,93.57 1 1
github.com/ace-platform/settlement-engine/internal/pnl/calculator.go:95.2,95.13 1 1
github.com/ace-platform/settlement-engine/internal/types/decimal.go:18.56,20.2 1 1
github.com/ace-platform/settlement-engine/internal/types/decimal.go:22.38,24.2 1 0
github.com/ace-platform/settlement-engine/internal/types/decimal.go:26.28,28.2 1 1
github.com/ace-platform/settlement-engine/internal/types/decimal.go:30.40,32.2 1 0
github.com/ace-platform/settlement-engine/internal/types/decimal.go:34.46,36.13 2 0
github.com/ace-platform/settlement-engine/internal/types/decimal.go:36.13,38.3 1 0
github.com/ace-platform/settlement-engine/internal/types/decimal.go:40.2,41.31 2 0
github.com/ace-platform/settlement-engine/internal/types/decimal.go:41.31,44.3 2 0
github.com/ace-platform/settlement-engine/internal/types/decimal.go:46.2,48.16 3 0
github.com/ace-platform/settlement-engine/internal/types/decimal.go:48.16,50.3 1 0
github.com/ace-platform/settlement-engine/internal/types/decimal.go:52.2,53.21 2 0
github.com/ace-platform/settlement-engine/internal/types/decimal.go:53.21,55.23 2 0
github.com/ace-platform/settlement-engine/internal/types/decimal.go:55.23,57.4 1 0
github.com/ace-platform/settlement-engine/internal/types/decimal.go:58.3,58.24 1 0
github.com/ace-platform/settlement-engine/internal/types/decimal.go:58.24,60.4 1 0
github.com/ace-platform/settlement-engine/internal/types/decimal.go:61.3,62.17 2 0
github.com/ace-platform/settlement-engine/internal/types/decimal.go:62.17,64.4 1 0
github.com/ace-platform/settlement-engine/internal/types/decimal.go:67.2,68.14 2 0
github.com/ace-platform/settlement-engine/internal/types/decimal.go:68.14,70.3 1 0
github.com/ace-platform/settlement-engine/internal/types/decimal.go:71.2,71.33 1 0
github.com/ace-platform/settlement-engine/internal/types/decimal.go:74.35,74.53 1 0
github.com/ace-platform/settlement-engine/internal/types/decimal.go:75.35,75.58 1 1
github.com/ace-platform/settlement-engine/internal/types/decimal.go:76.35,76.57 1 0
github.com/ace-platform/settlement-engine/internal/types/decimal.go:77.35,77.70 1 0
github.com/ace-platform/settlement-engine/internal/types/decimal.go:79.45,81.2 1 1
github.com/ace-platform/settlement-engine/internal/types/decimal.go:83.45,85.2 1 1
github.com/ace-platform/settlement-engine/internal/types/decimal.go:87.46,89.2 1 1
github.com/ace-platform/settlement-engine/internal/types/decimal.go:91.48,93.2 1 0
github.com/ace-platform/settlement-engine/internal/types/decimal.go:97.52,99.2 1 0
github.com/ace-platform/settlement-engine/internal/types/decimal.go:102.50,103.18 1 0
github.com/ace-platform/settlement-engine/internal/types/decimal.go:103.18,105.3 1 0
github.com/ace-platform/settlement-engine/internal/types/decimal.go:106.2,106.42 1 0
github.com/ace-platform/settlement-engine/internal/types/decimal.go:109.32,110.17 1 0
github.com/ace-platform/settlement-engine/internal/types/decimal.go:110.17,112.3 1 0
github.com/ace-platform/settlement-engine/internal/types/decimal.go:113.2,113.10 1 0
github.com/ace-platform/settlement-engine/internal/types/decimal.go:116.41,117.27 1 0
github.com/ace-platform/settlement-engine/internal/types/decimal.go:117.27,119.3 1 0
github.com/ace-platform/settlement-engine/internal/types/decimal.go:120.2,120.27 1 0
github.com/ace-platform/settlement-engine/internal/types/decimal.go:120.27,122.3 1 0
github.com/ace-platform/settlement-engine/internal/types/decimal.go:123.2,123.10 1 0
github.com/ace-platform/settlement-engine/internal/types/decimal.go:126.50,126.82 1 0
github.com/ace-platform/settlement-engine/internal/types/decimal.go:127.51,127.83 1 0
github.com/ace-platform/settlement-engine/internal/types/decimal.go:128.51,128.84 1 1
github.com/ace-platform/settlement-engine/internal/types/decimal.go:130.45,131.28 1 0
github.com/ace-platform/settlement-engine/internal/types/decimal.go:131.28,133.3 1 0
github.com/ace-platform/settlement-engine/internal/types/decimal.go:134.2,134.14 1 0
github.com/ace-platform/settlement-engine/internal/types/decimal.go:137.34,140.14 3 0
github.com/ace-platform/settlement-engine/internal/types/decimal.go:140.14,142.3 1 0
github.com/ace-platform/settlement-engine/internal/types/decimal.go:143.2,147.14 4 0
github.com/ace-platform/settlement-engine/internal/types/decimal.go:147.14,149.3 1 0
github.com/ace-platform/settlement-engine/internal/types/decimal.go:150.2,150.19 1 0
github.com/ace-platform/settlement-engine/internal/types/decimal.go:150.19,152.3 1 0
github.com/ace-platform/settlement-engine/internal/types/decimal.go:153.2,155.55 3 0
github.com/ace-platform/settlement-engine/internal/types/settlement.go:13.31,14.18 1 0
github.com/ace-platform/settlement-engine/internal/types/settlement.go:14.18,16.3 1 0
github.com/ace-platform/settlement-engine/internal/types/settlement.go:17.2,17.15 1 0
github.com/ace-platform/settlement-engine/internal/types/settlement.go:42.48,43.11 1 0
github.com/ace-platform/settlement-engine/internal/types/settlement.go:44.26,45.19 1 0
github.com/ace-platform/settlement-engine/internal/types/settlement.go:46.26,47.19 1 0
github.com/ace-platform/settlement-engine/internal/types/settlement.go:48.29,49.22 1 0
github.com/ace-platform/settlement-engine/internal/types/settlement.go:50.27,51.20 1 0
github.com/ace-platform/settlement-engine/internal/types/settlement.go:52.28,53.21 1 0
github.com/ace-platform/settlement-engine/internal/types/settlement.go:54.25,55.18 1 0
github.com/ace-platform/settlement-engine/internal/types/settlement.go:56.10,57.19 1 0
github.com/ace-platform/settlement-engine/internal/types/settlement.go:104.54,105.11 1 0
github.com/ace-platform/settlement-engine/internal/types/settlement.go:106.26,107.19 1 0
github.com/ace-platform/settlement-engine/internal/types/settlement.go:108.28,109.21 1 0
github.com/ace-platform/settlement-engine/internal/types/settlement.go:110.28,111.21 1 0
github.com/ace-platform/settlement-engine/internal/types/settlement.go:112.25,113.18 1 0
github.com/ace-platform/settlement-engine/internal/types/settlement.go:114.10,115.19 1 0
github.com/ace-platform/settlement-engine/internal/types/settlement.go:127.39,128.16 1 0
github.com/ace-platform/settlement-engine/internal/types/settlement.go:128.16,130.3 1 0
github.com/ace-platform/settlement-engine/internal/types/settlement.go:131.2,131.18 1 0
github.com/ace-platform/settlement-engine/internal/server/config.go:15.29,22.2 1 0
github.com/ace-platform/settlement-engine/internal/server/config.go:24.29,27.42 2 0
github.com/ace-platform/settlement-engine/internal/server/config.go:27.42,28.47 1 0
github.com/ace-platform/settlement-engine/internal/server/config.go:28.47,30.4 1 0
github.com/ace-platform/settlement-engine/internal/server/config.go:32.2,32.44 1 0
github.com/ace-platform/settlement-engine/internal/server/config.go:32.44,33.47 1 0
github.com/ace-platform/settlement-engine/internal/server/config.go:33.47,35.4 1 0
github.com/ace-platform/settlement-engine/internal/server/config.go:37.2,37.45 1 0
github.com/ace-platform/settlement-engine/internal/server/config.go:37.45,39.3 1 0
github.com/ace-platform/settlement-engine/internal/server/config.go:40.2,40.54 1 0
github.com/ace-platform/settlement-engine/internal/server/config.go:40.54,42.3 1 0
github.com/ace-platform/settlement-engine/internal/server/config.go:43.2,43.12 1 0
github.com/ace-platform/settlement-engine/internal/server/server.go:21.56,26.2 1 0
github.com/ace-platform/settlement-engine/internal/server/server.go:28.29,30.2 1 0
github.com/ace-platform/settlement-engine/internal/server/server.go:33.44,36.74 2 0
github.com/ace-platform/settlement-engine/internal/server/server.go:36.74,39.3 2 0
github.com/ace-platform/settlement-engine/internal/server/server.go:41.2,41.73 1 0
github.com/ace-platform/settlement-engine/internal/server/server.go:41.73,42.21 1 0
github.com/ace-platform/settlement-engine/internal/server/server.go:42.21,45.4 2 0
github.com/ace-platform/settlement-engine/internal/server/server.go:45.9,48.4 2 0
github.com/ace-platform/settlement-engine/internal/server/server.go:51.2,51.73 1 0
github.com/ace-platform/settlement-engine/internal/server/server.go:51.73,54.20 3 0
github.com/ace-platform/settlement-engine/internal/server/server.go:54.20,56.11 2 0
github.com/ace-platform/settlement-engine/internal/server/server.go:56.11,59.5 2 0
github.com/ace-platform/settlement-engine/internal/server/server.go:60.4,61.10 2 0
github.com/ace-platform/settlement-engine/internal/server/server.go:63.3,64.36 2 0
github.com/ace-platform/settlement-engine/internal/server/server.go:67.2,68.39 2 0
github.com/ace-platform/settlement-engine/internal/server/server.go:72.53,75.2 2 0
github.com/ace-platform/settlement-engine/internal/settlement/generator.go:14.55,16.2 1 1
github.com/ace-platform/settlement-engine/internal/settlement/generator.go:21.106,24.31 2 1
github.com/ace-platform/settlement-engine/internal/settlement/generator.go:24.31,26.10 2 1
github.com/ace-platform/settlement-engine/internal/settlement/generator.go:26.10,28.4 1 1
github.com/ace-platform/settlement-engine/internal/settlement/generator.go:29.3,29.57 1 1
github.com/ace-platform/settlement-engine/internal/settlement/generator.go:32.2,35.45 3 1
github.com/ace-platform/settlement-engine/internal/settlement/generator.go:35.45,36.25 1 1
github.com/ace-platform/settlement-engine/internal/settlement/generator.go:36.25,37.12 1 1
github.com/ace-platform/settlement-engine/internal/settlement/generator.go:40.3,42.24 3 1
github.com/ace-platform/settlement-engine/internal/settlement/generator.go:42.24,46.4 2 1
github.com/ace-platform/settlement-engine/internal/settlement/generator.go:46.9,50.4 2 1
github.com/ace-platform/settlement-engine/internal/settlement/generator.go:52.3,60.5 1 1
github.com/ace-platform/settlement-engine/internal/settlement/generator.go:63.2,63.21 1 1
github.com/ace-platform/settlement-engine/internal/settlement/generator.go:68.87,71.36 3 1
github.com/ace-platform/settlement-engine/internal/settlement/generator.go:71.36,72.25 1 1
github.com/ace-platform/settlement-engine/internal/settlement/generator.go:73.20,74.34 1 1
github.com/ace-platform/settlement-engine/internal/settlement/generator.go:75.21,76.36 1 1
github.com/ace-platform/settlement-engine/internal/settlement/generator.go:79.2,79.22 1 1
github.com/ace-platform/settlement-engine/internal/types/decimal.go:18.56,20.2 1 1
github.com/ace-platform/settlement-engine/internal/types/decimal.go:22.38,24.2 1 0
github.com/ace-platform/settlement-engine/internal/types/decimal.go:26.28,28.2 1 1
github.com/ace-platform/settlement-engine/internal/types/decimal.go:30.40,32.2 1 0
github.com/ace-platform/settlement-engine/internal/types/decimal.go:34.46,36.13 2 0
github.com/ace-platform/settlement-engine/internal/types/decimal.go:36.13,38.3 1 0
github.com/ace-platform/settlement-engine/internal/types/decimal.go:40.2,41.31 2 0
github.com/ace-platform/settlement-engine/internal/types/decimal.go:41.31,44.3 2 0
github.com/ace-platform/settlement-engine/internal/types/decimal.go:46.2,48.16 3 0
github.com/ace-platform/settlement-engine/internal/types/decimal.go:48.16,50.3 1 0
github.com/ace-platform/settlement-engine/internal/types/decimal.go:52.2,53.21 2 0
github.com/ace-platform/settlement-engine/internal/types/decimal.go:53.21,55.23 2 0
github.com/ace-platform/settlement-engine/internal/types/decimal.go:55.23,57.4 1 0
github.com/ace-platform/settlement-engine/internal/types/decimal.go:58.3,58.24 1 0
github.com/ace-platform/settlement-engine/internal/types/decimal.go:58.24,60.4 1 0
github.com/ace-platform/settlement-engine/internal/types/decimal.go:61.3,62.17 2 0
github.com/ace-platform/settlement-engine/internal/types/decimal.go:62.17,64.4 1 0
github.com/ace-platform/settlement-engine/internal/types/decimal.go:67.2,68.14 2 0
github.com/ace-platform/settlement-engine/internal/types/decimal.go:68.14,70.3 1 0
github.com/ace-platform/settlement-engine/internal/types/decimal.go:71.2,71.33 1 0
github.com/ace-platform/settlement-engine/internal/types/decimal.go:74.35,74.53 1 0
github.com/ace-platform/settlement-engine/internal/types/decimal.go:75.35,75.58 1 1
github.com/ace-platform/settlement-engine/internal/types/decimal.go:76.35,76.57 1 1
github.com/ace-platform/settlement-engine/internal/types/decimal.go:77.35,77.70 1 1
github.com/ace-platform/settlement-engine/internal/types/decimal.go:79.45,81.2 1 1
github.com/ace-platform/settlement-engine/internal/types/decimal.go:83.45,85.2 1 0
github.com/ace-platform/settlement-engine/internal/types/decimal.go:87.46,89.2 1 0
github.com/ace-platform/settlement-engine/internal/types/decimal.go:91.48,93.2 1 0
github.com/ace-platform/settlement-engine/internal/types/decimal.go:97.52,99.2 1 0
github.com/ace-platform/settlement-engine/internal/types/decimal.go:102.50,103.18 1 0
github.com/ace-platform/settlement-engine/internal/types/decimal.go:103.18,105.3 1 0
github.com/ace-platform/settlement-engine/internal/types/decimal.go:106.2,106.42 1 0
github.com/ace-platform/settlement-engine/internal/types/decimal.go:109.32,110.17 1 0
github.com/ace-platform/settlement-engine/internal/types/decimal.go:110.17,112.3 1 0
github.com/ace-platform/settlement-engine/internal/types/decimal.go:113.2,113.10 1 0
github.com/ace-platform/settlement-engine/internal/types/decimal.go:116.41,117.27 1 0
github.com/ace-platform/settlement-engine/internal/types/decimal.go:117.27,119.3 1 0
github.com/ace-platform/settlement-engine/internal/types/decimal.go:120.2,120.27 1 0
github.com/ace-platform/settlement-engine/internal/types/decimal.go:120.27,122.3 1 0
github.com/ace-platform/settlement-engine/internal/types/decimal.go:123.2,123.10 1 0
github.com/ace-platform/settlement-engine/internal/types/decimal.go:126.50,126.82 1 0
github.com/ace-platform/settlement-engine/internal/types/decimal.go:127.51,127.83 1 0
github.com/ace-platform/settlement-engine/internal/types/decimal.go:128.51,128.84 1 1
github.com/ace-platform/settlement-engine/internal/types/decimal.go:130.45,131.28 1 0
github.com/ace-platform/settlement-engine/internal/types/decimal.go:131.28,133.3 1 0
github.com/ace-platform/settlement-engine/internal/types/decimal.go:134.2,134.14 1 0
github.com/ace-platform/settlement-engine/internal/types/decimal.go:137.34,140.14 3 0
github.com/ace-platform/settlement-engine/internal/types/decimal.go:140.14,142.3 1 0
github.com/ace-platform/settlement-engine/internal/types/decimal.go:143.2,147.14 4 0
github.com/ace-platform/settlement-engine/internal/types/decimal.go:147.14,149.3 1 0
github.com/ace-platform/settlement-engine/internal/types/decimal.go:150.2,150.19 1 0
github.com/ace-platform/settlement-engine/internal/types/decimal.go:150.19,152.3 1 0
github.com/ace-platform/settlement-engine/internal/types/decimal.go:153.2,155.55 3 0
github.com/ace-platform/settlement-engine/internal/types/settlement.go:13.31,14.18 1 0
github.com/ace-platform/settlement-engine/internal/types/settlement.go:14.18,16.3 1 0
github.com/ace-platform/settlement-engine/internal/types/settlement.go:17.2,17.15 1 0
github.com/ace-platform/settlement-engine/internal/types/settlement.go:42.48,43.11 1 0
github.com/ace-platform/settlement-engine/internal/types/settlement.go:44.26,45.19 1 0
github.com/ace-platform/settlement-engine/internal/types/settlement.go:46.26,47.19 1 0
github.com/ace-platform/settlement-engine/internal/types/settlement.go:48.29,49.22 1 0
github.com/ace-platform/settlement-engine/internal/types/settlement.go:50.27,51.20 1 0
github.com/ace-platform/settlement-engine/internal/types/settlement.go:52.28,53.21 1 0
github.com/ace-platform/settlement-engine/internal/types/settlement.go:54.25,55.18 1 0
github.com/ace-platform/settlement-engine/internal/types/settlement.go:56.10,57.19 1 0
github.com/ace-platform/settlement-engine/internal/types/settlement.go:104.54,105.11 1 0
github.com/ace-platform/settlement-engine/internal/types/settlement.go:106.26,107.19 1 0
github.com/ace-platform/settlement-engine/internal/types/settlement.go:108.28,109.21 1 0
github.com/ace-platform/settlement-engine/internal/types/settlement.go:110.28,111.21 1 0
github.com/ace-platform/settlement-engine/internal/types/settlement.go:112.25,113.18 1 0
github.com/ace-platform/settlement-engine/internal/types/settlement.go:114.10,115.19 1 0
github.com/ace-platform/settlement-engine/internal/types/settlement.go:127.39,128.16 1 0
github.com/ace-platform/settlement-engine/internal/types/settlement.go:128.16,130.3 1 0
github.com/ace-platform/settlement-engine/internal/types/settlement.go:131.2,131.18 1 0
github.com/ace-platform/settlement-engine/internal/types/decimal.go:18.56,20.2 1 0
github.com/ace-platform/settlement-engine/internal/types/decimal.go:22.38,24.2 1 0
github.com/ace-platform/settlement-engine/internal/types/decimal.go:26.28,28.2 1 0
github.com/ace-platform/settlement-engine/internal/types/decimal.go:30.40,32.2 1 0
github.com/ace-platform/settlement-engine/internal/types/decimal.go:34.46,36.13 2 0
github.com/ace-platform/settlement-engine/internal/types/decimal.go:36.13,38.3 1 0
github.com/ace-platform/settlement-engine/internal/types/decimal.go:40.2,41.31 2 0
github.com/ace-platform/settlement-engine/internal/types/decimal.go:41.31,44.3 2 0
github.com/ace-platform/settlement-engine/internal/types/decimal.go:46.2,48.16 3 0
github.com/ace-platform/settlement-engine/internal/types/decimal.go:48.16,50.3 1 0
github.com/ace-platform/settlement-engine/internal/types/decimal.go:52.2,53.21 2 0
github.com/ace-platform/settlement-engine/internal/types/decimal.go:53.21,55.23 2 0
github.com/ace-platform/settlement-engine/internal/types/decimal.go:55.23,57.4 1 0
github.com/ace-platform/settlement-engine/internal/types/decimal.go:58.3,58.24 1 0
github.com/ace-platform/settlement-engine/internal/types/decimal.go:58.24,60.4 1 0
github.com/ace-platform/settlement-engine/internal/types/decimal.go:61.3,62.17 2 0
github.com/ace-platform/settlement-engine/internal/types/decimal.go:62.17,64.4 1 0
github.com/ace-platform/settlement-engine/internal/types/decimal.go:67.2,68.14 2 0
github.com/ace-platform/settlement-engine/internal/types/decimal.go:68.14,70.3 1 0
github.com/ace-platform/settlement-engine/internal/types/decimal.go:71.2,71.33 1 0
github.com/ace-platform/settlement-engine/internal/types/decimal.go:74.35,74.53 1 0
github.com/ace-platform/settlement-engine/internal/types/decimal.go:75.35,75.58 1 0
github.com/ace-platform/settlement-engine/internal/types/decimal.go:76.35,76.57 1 0
github.com/ace-platform/settlement-engine/internal/types/decimal.go:77.35,77.70 1 0
github.com/ace-platform/settlement-engine/internal/types/decimal.go:79.45,81.2 1 0
github.com/ace-platform/settlement-engine/internal/types/decimal.go:83.45,85.2 1 0
github.com/ace-platform/settlement-engine/internal/types/decimal.go:87.46,89.2 1 0
github.com/ace-platform/settlement-engine/internal/types/decimal.go:91.48,93.2 1 0
github.com/ace-platform/settlement-engine/internal/types/decimal.go:97.52,99.2 1 0
github.com/ace-platform/settlement-engine/internal/types/decimal.go:102.50,103.18 1 0
github.com/ace-platform/settlement-engine/internal/types/decimal.go:103.18,105.3 1 0
github.com/ace-platform/settlement-engine/internal/types/decimal.go:106.2,106.42 1 0
github.com/ace-platform/settlement-engine/internal/types/decimal.go:109.32,110.17 1 0
github.com/ace-platform/settlement-engine/internal/types/decimal.go:110.17,112.3 1 0
github.com/ace-platform/settlement-engine/internal/types/decimal.go:113.2,113.10 1 0
github.com/ace-platform/settlement-engine/internal/types/decimal.go:116.41,117.27 1 0
github.com/ace-platform/settlement-engine/internal/types/decimal.go:117.27,119.3 1 0
github.com/ace-platform/settlement-engine/internal/types/decimal.go:120.2,120.27 1 0
github.com/ace-platform/settlement-engine/internal/types/decimal.go:120.27,122.3 1 0
github.com/ace-platform/settlement-engine/internal/types/decimal.go:123.2,123.10 1 0
github.com/ace-platform/settlement-engine/internal/types/decimal.go:126.50,126.82 1 0
github.com/ace-platform/settlement-engine/internal/types/decimal.go:127.51,127.83 1 0
github.com/ace-platform/settlement-engine/internal/types/decimal.go:128.51,128.84 1 0
github.com/ace-platform/settlement-engine/internal/types/decimal.go:130.45,131.28 1 0
github.com/ace-platform/settlement-engine/internal/types/decimal.go:131.28,133.3 1 0
github.com/ace-platform/settlement-engine/internal/types/decimal.go:134.2,134.14 1 0
github.com/ace-platform/settlement-engine/internal/types/decimal.go:137.34,140.14 3 0
github.com/ace-platform/settlement-engine/internal/types/decimal.go:140.14,142.3 1 0
github.com/ace-platform/settlement-engine/internal/types/decimal.go:143.2,147.14 4 0
github.com/ace-platform/settlement-engine/internal/types/decimal.go:147.14,149.3 1 0
github.com/ace-platform/settlement-engine/internal/types/decimal.go:150.2,150.19 1 0
github.com/ace-platform/settlement-engine/internal/types/decimal.go:150.19,152.3 1 0
github.com/ace-platform/settlement-engine/internal/types/decimal.go:153.2,155.55 3 0
github.com/ace-platform/settlement-engine/internal/types/settlement.go:13.31,14.18 1 0
github.com/ace-platform/settlement-engine/internal/types/settlement.go:14.18,16.3 1 0
github.com/ace-platform/settlement-engine/internal/types/settlement.go:17.2,17.15 1 0
github.com/ace-platform/settlement-engine/internal/types/settlement.go:42.48,43.11 1 0
github.com/ace-platform/settlement-engine/internal/types/settlement.go:44.26,45.19 1 0
github.com/ace-platform/settlement-engine/internal/types/settlement.go:46.26,47.19 1 0
github.com/ace-platform/settlement-engine/internal/types/settlement.go:48.29,49.22 1 0
github.com/ace-platform/settlement-engine/internal/types/settlement.go:50.27,51.20 1 0
github.com/ace-platform/settlement-engine/internal/types/settlement.go:52.28,53.21 1 0
github.com/ace-platform/settlement-engine/internal/types/settlement.go:54.25,55.18 1 0
github.com/ace-platform/settlement-engine/internal/types/settlement.go:56.10,57.19 1 0
github.com/ace-platform/settlement-engine/internal/types/settlement.go:104.54,105.11 1 0
github.com/ace-platform/settlement-engine/internal/types/settlement.go:106.26,107.19 1 0
github.com/ace-platform/settlement-engine/internal/types/settlement.go:108.28,109.21 1 0
github.com/ace-platform/settlement-engine/internal/types/settlement.go:110.28,111.21 1 0
github.com/ace-platform/settlement-engine/internal/types/settlement.go:112.25,113.18 1 0
github.com/ace-platform/settlement-engine/internal/types/settlement.go:114.10,115.19 1 0
github.com/ace-platform/settlement-engine/internal/types/settlement.go:127.39,128.16 1 0
github.com/ace-platform/settlement-engine/internal/types/settlement.go:128.16,130.3 1 0
github.com/ace-platform/settlement-engine/internal/types/settlement.go:131.2,131.18 1 0
github.com/ace-platform/settlement-engine/internal/types/decimal.go:18.56,20.2 1 1
github.com/ace-platform/settlement-engine/internal/types/decimal.go:22.38,24.2 1 0
github.com/ace-platform/settlement-engine/internal/types/decimal.go:26.28,28.2 1 1
github.com/ace-platform/settlement-engine/internal/types/decimal.go:30.40,32.2 1 0
github.com/ace-platform/settlement-engine/internal/types/decimal.go:34.46,36.13 2 0
github.com/ace-platform/settlement-engine/internal/types/decimal.go:36.13,38.3 1 0
github.com/ace-platform/settlement-engine/internal/types/decimal.go:40.2,41.31 2 0
github.com/ace-platform/settlement-engine/internal/types/decimal.go:41.31,44.3 2 0
github.com/ace-platform/settlement-engine/internal/types/decimal.go:46.2,48.16 3 0
github.com/ace-platform/settlement-engine/internal/types/decimal.go:48.16,50.3 1 0
github.com/ace-platform/settlement-engine/internal/types/decimal.go:52.2,53.21 2 0
github.com/ace-platform/settlement-engine/internal/types/decimal.go:53.21,55.23 2 0
github.com/ace-platform/settlement-engine/internal/types/decimal.go:55.23,57.4 1 0
github.com/ace-platform/settlement-engine/internal/types/decimal.go:58.3,58.24 1 0
github.com/ace-platform/settlement-engine/internal/types/decimal.go:58.24,60.4 1 0
github.com/ace-platform/settlement-engine/internal/types/decimal.go:61.3,62.17 2 0
github.com/ace-platform/settlement-engine/internal/types/decimal.go:62.17,64.4 1 0
github.com/ace-platform/settlement-engine/internal/types/decimal.go:67.2,68.14 2 0
github.com/ace-platform/settlement-engine/internal/types/decimal.go:68.14,70.3 1 0
github.com/ace-platform/settlement-engine/internal/types/decimal.go:71.2,71.33 1 0
github.com/ace-platform/settlement-engine/internal/types/decimal.go:74.35,74.53 1 0
github.com/ace-platform/settlement-engine/internal/types/decimal.go:75.35,75.58 1 1
github.com/ace-platform/settlement-engine/internal/types/decimal.go:76.35,76.57 1 0
github.com/ace-platform/settlement-engine/internal/types/decimal.go:77.35,77.70 1 0
github.com/ace-platform/settlement-engine/internal/types/decimal.go:79.45,81.2 1 0
github.com/ace-platform/settlement-engine/internal/types/decimal.go:83.45,85.2 1 0
github.com/ace-platform/settlement-engine/internal/types/decimal.go:87.46,89.2 1 1
github.com/ace-platform/settlement-engine/internal/types/decimal.go:91.48,93.2 1 0
github.com/ace-platform/settlement-engine/internal/types/decimal.go:97.52,99.2 1 0
github.com/ace-platform/settlement-engine/internal/types/decimal.go:102.50,103.18 1 0
github.com/ace-platform/settlement-engine/internal/types/decimal.go:103.18,105.3 1 0
github.com/ace-platform/settlement-engine/internal/types/decimal.go:106.2,106.42 1 0
github.com/ace-platform/settlement-engine/internal/types/decimal.go:109.32,110.17 1 0
github.com/ace-platform/settlement-engine/internal/types/decimal.go:110.17,112.3 1 0
github.com/ace-platform/settlement-engine/internal/types/decimal.go:113.2,113.10 1 0
github.com/ace-platform/settlement-engine/internal/types/decimal.go:116.41,117.27 1 0
github.com/ace-platform/settlement-engine/internal/types/decimal.go:117.27,119.3 1 0
github.com/ace-platform/settlement-engine/internal/types/decimal.go:120.2,120.27 1 0
github.com/ace-platform/settlement-engine/internal/types/decimal.go:120.27,122.3 1 0
github.com/ace-platform/settlement-engine/internal/types/decimal.go:123.2,123.10 1 0
github.com/ace-platform/settlement-engine/internal/types/decimal.go:126.50,126.82 1 0
github.com/ace-platform/settlement-engine/internal/types/decimal.go:127.51,127.83 1 0
github.com/ace-platform/settlement-engine/internal/types/decimal.go:128.51,128.84 1 1
github.com/ace-platform/settlement-engine/internal/types/decimal.go:130.45,131.28 1 0
github.com/ace-platform/settlement-engine/internal/types/decimal.go:131.28,133.3 1 0
github.com/ace-platform/settlement-engine/internal/types/decimal.go:134.2,134.14 1 0
github.com/ace-platform/settlement-engine/internal/types/decimal.go:137.34,140.14 3 0
github.com/ace-platform/settlement-engine/internal/types/decimal.go:140.14,142.3 1 0
github.com/ace-platform/settlement-engine/internal/types/decimal.go:143.2,147.14 4 0
github.com/ace-platform/settlement-engine/internal/types/decimal.go:147.14,149.3 1 0
github.com/ace-platform/settlement-engine/internal/types/decimal.go:150.2,150.19 1 0
github.com/ace-platform/settlement-engine/internal/types/decimal.go:150.19,152.3 1 0
github.com/ace-platform/settlement-engine/internal/types/decimal.go:153.2,155.55 3 0
github.com/ace-platform/settlement-engine/internal/types/settlement.go:13.31,14.18 1 0
github.com/ace-platform/settlement-engine/internal/types/settlement.go:14.18,16.3 1 0
github.com/ace-platform/settlement-engine/internal/types/settlement.go:17.2,17.15 1 0
github.com/ace-platform/settlement-engine/internal/types/settlement.go:42.48,43.11 1 0
github.com/ace-platform/settlement-engine/internal/types/settlement.go:44.26,45.19 1 0
github.com/ace-platform/settlement-engine/internal/types/settlement.go:46.26,47.19 1 0
github.com/ace-platform/settlement-engine/internal/types/settlement.go:48.29,49.22 1 0
github.com/ace-platform/settlement-engine/internal/types/settlement.go:50.27,51.20 1 0
github.com/ace-platform/settlement-engine/internal/types/settlement.go:52.28,53.21 1 0
github.com/ace-platform/settlement-engine/internal/types/settlement.go:54.25,55.18 1 0
github.com/ace-platform/settlement-engine/internal/types/settlement.go:56.10,57.19 1 0
github.com/ace-platform/settlement-engine/internal/types/settlement.go:104.54,105.11 1 0
github.com/ace-platform/settlement-engine/internal/types/settlement.go:106.26,107.19 1 0
github.com/ace-platform/settlement-engine/internal/types/settlement.go:108.28,109.21 1 0
github.com/ace-platform/settlement-engine/internal/types/settlement.go:110.28,111.21 1 0
github.com/ace-platform/settlement-engine/internal/types/settlement.go:112.25,113.18 1 0
github.com/ace-platform/settlement-engine/internal/types/settlement.go:114.10,115.19 1 0
github.com/ace-platform/settlement-engine/internal/types/settlement.go:127.39,128.16 1 0
github.com/ace-platform/settlement-engine/internal/types/settlement.go:128.16,130.3 1 0
github.com/ace-platform/settlement-engine/internal/types/settlement.go:131.2,131.18 1 0
github.com/ace-platform/settlement-engine/internal/valuation/valuation.go:27.24,31.2 1 1
github.com/ace-platform/settlement-engine/internal/valuation/valuation.go:34.94,50.39 8 1
github.com/ace-platform/settlement-engine/internal/valuation/valuation.go:50.39,52.3 1 1
github.com/ace-platform/settlement-engine/internal/valuation/valuation.go:54.2,54.20 1 1
github.com/ace-platform/settlement-engine/internal/valuation/valuation.go:58.104,65.9 6 1
github.com/ace-platform/settlement-engine/internal/valuation/valuation.go:65.9,67.3 1 1
github.com/ace-platform/settlement-engine/internal/valuation/valuation.go:68.2,68.16 1 1
github.com/ace-platform/settlement-engine/internal/valuation/valuation.go:72.76,80.2 6 1
github.com/ace-platform/settlement-engine/internal/valuation/valuation.go:84.79,86.13 2 1
github.com/ace-platform/settlement-engine/internal/valuation/valuation.go:86.13,88.3 1 1
github.com/ace-platform/settlement-engine/internal/valuation/valuation.go:89.2,89.32 1 1
