mode: set
github.com/ace-platform/gateway/cmd/gateway/main.go:22.13,63.42 14 0
github.com/ace-platform/gateway/cmd/gateway/main.go:63.42,65.10 2 0
github.com/ace-platform/gateway/cmd/gateway/main.go:66.55,67.25 1 0
github.com/ace-platform/gateway/cmd/gateway/main.go:68.74,69.25 1 0
github.com/ace-platform/gateway/cmd/gateway/main.go:70.50,71.24 1 0
github.com/ace-platform/gateway/cmd/gateway/main.go:72.56,73.26 1 0
github.com/ace-platform/gateway/cmd/gateway/main.go:74.50,75.18 1 0
github.com/ace-platform/gateway/cmd/gateway/main.go:76.49,77.17 1 0
github.com/ace-platform/gateway/cmd/gateway/main.go:81.52,82.23 1 0
github.com/ace-platform/gateway/cmd/gateway/main.go:83.11,84.20 1 0
github.com/ace-platform/gateway/cmd/gateway/main.go:87.2,87.40 1 0
github.com/ace-platform/gateway/cmd/gateway/main.go:87.40,88.73 1 0
github.com/ace-platform/gateway/cmd/gateway/main.go:88.73,90.4 1 0
github.com/ace-platform/gateway/cmd/gateway/main.go:92.3,92.22 1 0
github.com/ace-platform/gateway/cmd/gateway/main.go:96.2,97.26 2 0
github.com/ace-platform/gateway/cmd/gateway/main.go:97.26,99.3 1 0
github.com/ace-platform/gateway/cmd/gateway/main.go:100.2,118.80 9 0
github.com/ace-platform/gateway/cmd/gateway/main.go:118.80,122.3 3 0
github.com/ace-platform/gateway/cmd/gateway/main.go:123.2,123.79 1 0
github.com/ace-platform/gateway/cmd/gateway/main.go:123.79,125.24 2 0
github.com/ace-platform/gateway/cmd/gateway/main.go:125.24,128.4 2 0
github.com/ace-platform/gateway/cmd/gateway/main.go:128.9,131.4 2 0
github.com/ace-platform/gateway/cmd/gateway/main.go:133.2,139.12 2 0
github.com/ace-platform/gateway/cmd/gateway/main.go:139.12,141.83 2 0
github.com/ace-platform/gateway/cmd/gateway/main.go:141.83,143.4 1 0
github.com/ace-platform/gateway/cmd/gateway/main.go:146.2,146.12 1 0
github.com/ace-platform/gateway/cmd/gateway/main.go:146.12,149.77 3 0
github.com/ace-platform/gateway/cmd/gateway/main.go:149.77,151.4 1 0
github.com/ace-platform/gateway/cmd/gateway/main.go:155.2,163.42 7 0
github.com/ace-platform/gateway/cmd/gateway/main.go:163.42,165.3 1 0
github.com/ace-platform/gateway/cmd/gateway/main.go:166.2,166.48 1 0
github.com/ace-platform/gateway/cmd/gateway/main.go:166.48,168.3 1 0
github.com/ace-platform/gateway/cmd/gateway/main.go:170.2,170.40 1 0
github.com/ace-platform/gateway/internal/config/config.go:44.24,71.2 1 0
github.com/ace-platform/gateway/internal/config/config.go:73.42,74.34 1 0
github.com/ace-platform/gateway/internal/config/config.go:74.34,76.3 1 0
github.com/ace-platform/gateway/internal/config/config.go:77.2,77.17 1 0
github.com/ace-platform/gateway/internal/config/config.go:80.43,81.34 1 0
github.com/ace-platform/gateway/internal/config/config.go:81.34,82.44 1 0
github.com/ace-platform/gateway/internal/config/config.go:82.44,84.4 1 0
github.com/ace-platform/gateway/internal/config/config.go:86.2,86.17 1 0
github.com/ace-platform/gateway/internal/config/config.go:89.46,90.34 1 0
github.com/ace-platform/gateway/internal/config/config.go:90.34,91.49 1 0
github.com/ace-platform/gateway/internal/config/config.go:91.49,93.4 1 0
github.com/ace-platform/gateway/internal/config/config.go:95.2,95.17 1 0
github.com/ace-platform/gateway/internal/config/config.go:98.68,99.34 1 0
github.com/ace-platform/gateway/internal/config/config.go:99.34,100.50 1 0
github.com/ace-platform/gateway/internal/config/config.go:100.50,102.4 1 0
github.com/ace-platform/gateway/internal/config/config.go:104.2,104.17 1 0
github.com/ace-platform/gateway/internal/auth/jwt.go:35.44,36.28 1 1
github.com/ace-platform/gateway/internal/auth/jwt.go:36.28,37.16 1 1
github.com/ace-platform/gateway/internal/auth/jwt.go:37.16,39.4 1 1
github.com/ace-platform/gateway/internal/auth/jwt.go:41.2,41.14 1 1
github.com/ace-platform/gateway/internal/auth/jwt.go:45.51,46.29 1 1
github.com/ace-platform/gateway/internal/auth/jwt.go:46.29,47.22 1 1
github.com/ace-platform/gateway/internal/auth/jwt.go:47.22,49.4 1 1
github.com/ace-platform/gateway/internal/auth/jwt.go:51.2,51.14 1 1
github.com/ace-platform/gateway/internal/auth/jwt.go:63.69,70.2 1 1
github.com/ace-platform/gateway/internal/auth/jwt.go:73.56,75.2 1 1
github.com/ace-platform/gateway/internal/auth/jwt.go:78.72,80.21 2 1
github.com/ace-platform/gateway/internal/auth/jwt.go:80.21,82.3 1 1
github.com/ace-platform/gateway/internal/auth/jwt.go:85.2,87.16 3 1
github.com/ace-platform/gateway/internal/auth/jwt.go:87.16,89.3 1 0
github.com/ace-platform/gateway/internal/auth/jwt.go:91.2,92.16 2 1
github.com/ace-platform/gateway/internal/auth/jwt.go:92.16,94.3 1 0
github.com/ace-platform/gateway/internal/auth/jwt.go:96.2,96.41 1 1
github.com/ace-platform/gateway/internal/auth/jwt.go:96.41,98.3 1 1
github.com/ace-platform/gateway/internal/auth/jwt.go:101.2,102.16 2 1
github.com/ace-platform/gateway/internal/auth/jwt.go:102.16,104.3 1 0
github.com/ace-platform/gateway/internal/auth/jwt.go:106.2,110.61 2 1
github.com/ace-platform/gateway/internal/auth/jwt.go:110.61,112.3 1 0
github.com/ace-platform/gateway/internal/auth/jwt.go:113.2,113.27 1 1
github.com/ace-platform/gateway/internal/auth/jwt.go:113.27,115.3 1 0
github.com/ace-platform/gateway/internal/auth/jwt.go:118.2,119.16 2 1
github.com/ace-platform/gateway/internal/auth/jwt.go:119.16,121.3 1 0
github.com/ace-platform/gateway/internal/auth/jwt.go:123.2,124.62 2 1
github.com/ace-platform/gateway/internal/auth/jwt.go:124.62,126.3 1 0
github.com/ace-platform/gateway/internal/auth/jwt.go:129.2,129.67 1 1
github.com/ace-platform/gateway/internal/auth/jwt.go:129.67,131.3 1 1
github.com/ace-platform/gateway/internal/auth/jwt.go:134.2,134.49 1 1
github.com/ace-platform/gateway/internal/auth/jwt.go:134.49,136.3 1 1
github.com/ace-platform/gateway/internal/auth/jwt.go:139.2,139.55 1 1
github.com/ace-platform/gateway/internal/auth/jwt.go:139.55,141.3 1 1
github.com/ace-platform/gateway/internal/auth/jwt.go:143.2,143.21 1 1
github.com/ace-platform/gateway/internal/auth/jwt.go:147.68,150.16 3 1
github.com/ace-platform/gateway/internal/auth/jwt.go:150.16,152.3 1 0
github.com/ace-platform/gateway/internal/auth/jwt.go:154.2,155.16 2 1
github.com/ace-platform/gateway/internal/auth/jwt.go:155.16,157.3 1 0
github.com/ace-platform/gateway/internal/auth/jwt.go:159.2,164.16 5 1
github.com/ace-platform/gateway/internal/auth/jwt.go:164.16,166.3 1 0
github.com/ace-platform/gateway/internal/auth/jwt.go:168.2,168.55 1 1
github.com/ace-platform/gateway/internal/auth/jwt.go:171.71,175.2 3 1
github.com/ace-platform/gateway/internal/auth/jwt.go:177.48,179.20 1 1
github.com/ace-platform/gateway/internal/auth/jwt.go:180.9,181.12 1 1
github.com/ace-platform/gateway/internal/auth/jwt.go:182.9,183.11 1 1
github.com/ace-platform/gateway/internal/auth/jwt.go:185.2,185.43 1 1
github.com/ace-platform/gateway/internal/auth/jwt.go:188.42,190.2 1 1
github.com/ace-platform/gateway/internal/handler/handler.go:18.47,20.2 1 1
github.com/ace-platform/gateway/internal/handler/handler.go:23.94,28.65 3 1
github.com/ace-platform/gateway/internal/handler/handler.go:28.65,31.17 3 1
github.com/ace-platform/gateway/internal/handler/handler.go:31.17,35.4 2 0
github.com/ace-platform/gateway/internal/handler/handler.go:39.2,42.72 2 1
github.com/ace-platform/gateway/internal/handler/handler.go:42.72,47.3 4 1
github.com/ace-platform/gateway/internal/handler/handler.go:50.2,52.34 3 1
github.com/ace-platform/gateway/internal/handler/handler.go:52.34,53.17 1 1
github.com/ace-platform/gateway/internal/handler/handler.go:53.17,55.4 1 1
github.com/ace-platform/gateway/internal/handler/handler.go:58.2,68.16 3 1
github.com/ace-platform/gateway/internal/handler/handler.go:68.16,72.3 2 1
github.com/ace-platform/gateway/internal/handler/handler.go:75.2,75.33 1 1
github.com/ace-platform/gateway/internal/handler/handler.go:75.33,77.3 1 0
github.com/ace-platform/gateway/internal/handler/handler.go:78.2,81.20 4 1
github.com/ace-platform/gateway/internal/handler/handler.go:86.71,88.2 1 1
github.com/ace-platform/gateway/internal/handler/handler.go:90.68,92.2 1 0
github.com/ace-platform/gateway/internal/handler/handler.go:94.70,96.2 1 1
github.com/ace-platform/gateway/internal/handler/handler.go:98.71,100.2 1 0
github.com/ace-platform/gateway/internal/handler/handler.go:102.75,104.2 1 0
github.com/ace-platform/gateway/internal/handler/handler.go:106.71,108.2 1 0
github.com/ace-platform/gateway/internal/handler/handler.go:112.72,114.2 1 1
github.com/ace-platform/gateway/internal/handler/handler.go:116.74,118.2 1 0
github.com/ace-platform/gateway/internal/handler/handler.go:120.72,122.2 1 0
github.com/ace-platform/gateway/internal/handler/handler.go:126.74,128.2 1 0
github.com/ace-platform/gateway/internal/handler/handler.go:130.76,132.2 1 0
github.com/ace-platform/gateway/internal/handler/handler.go:134.69,136.2 1 0
github.com/ace-platform/gateway/internal/handler/handler.go:138.77,140.2 1 0
github.com/ace-platform/gateway/internal/handler/handler.go:142.78,144.2 1 0
github.com/ace-platform/gateway/internal/handler/handler.go:146.70,148.2 1 0
github.com/ace-platform/gateway/internal/handler/handler.go:152.72,154.2 1 1
github.com/ace-platform/gateway/internal/handler/handler.go:156.71,158.2 1 0
github.com/ace-platform/gateway/internal/handler/handler.go:160.70,162.2 1 0
github.com/ace-platform/gateway/internal/handler/handler.go:166.78,168.2 1 1
github.com/ace-platform/gateway/internal/handler/handler.go:170.75,172.2 1 0
github.com/ace-platform/gateway/internal/handler/handler.go:174.74,176.2 1 0
github.com/ace-platform/gateway/internal/handler/handler.go:178.78,180.2 1 0
github.com/ace-platform/gateway/internal/handler/handler.go:184.79,186.2 1 1
github.com/ace-platform/gateway/internal/handler/handler.go:188.78,190.2 1 0
github.com/ace-platform/gateway/internal/handler/handler.go:194.65,196.2 1 1
github.com/ace-platform/gateway/internal/handler/handler.go:198.72,200.2 1 0
github.com/ace-platform/gateway/internal/handler/handler.go:202.66,204.2 1 0
github.com/ace-platform/gateway/internal/handler/handler.go:206.68,208.2 1 0
github.com/ace-platform/gateway/internal/handler/handler.go:210.70,212.2 1 0
github.com/ace-platform/gateway/internal/handler/handler.go:214.74,216.2 1 0
github.com/ace-platform/gateway/internal/handler/handler.go:218.73,220.2 1 0
github.com/ace-platform/gateway/internal/handler/handler.go:224.77,226.2 1 1
github.com/ace-platform/gateway/internal/handler/handler.go:228.74,230.2 1 0
github.com/ace-platform/gateway/internal/handler/handler.go:232.76,234.2 1 0
github.com/ace-platform/gateway/internal/handler/handler.go:236.74,238.2 1 0
github.com/ace-platform/gateway/internal/handler/handler.go:240.73,242.2 1 0
github.com/ace-platform/gateway/internal/handler/handler.go:244.78,246.2 1 0
github.com/ace-platform/gateway/internal/handler/handler.go:248.77,250.2 1 0
github.com/ace-platform/gateway/internal/handler/handler.go:254.77,256.2 1 1
github.com/ace-platform/gateway/internal/handler/handler.go:258.78,260.2 1 0
github.com/ace-platform/gateway/internal/handler/handler.go:262.71,264.2 1 0
github.com/ace-platform/gateway/internal/handler/handler.go:266.72,268.2 1 0
github.com/ace-platform/gateway/internal/handler/handler.go:270.72,272.2 1 0
github.com/ace-platform/gateway/internal/handler/handler.go:276.70,278.2 1 1
github.com/ace-platform/gateway/internal/handler/handler.go:280.72,282.2 1 0
github.com/ace-platform/gateway/internal/handler/handler.go:284.73,286.2 1 0
github.com/ace-platform/gateway/internal/handler/handler.go:288.67,290.2 1 0
github.com/ace-platform/gateway/internal/handler/handler.go:292.78,294.2 1 0
github.com/ace-platform/gateway/internal/handler/handler.go:296.80,298.2 1 0
github.com/ace-platform/gateway/internal/handler/health.go:13.17,15.2 1 0
github.com/ace-platform/gateway/internal/handler/health.go:18.21,20.2 1 1
github.com/ace-platform/gateway/internal/handler/health.go:22.67,29.2 3 1
github.com/ace-platform/gateway/internal/handler/health.go:31.66,33.16 2 1
github.com/ace-platform/gateway/internal/handler/health.go:33.16,39.3 3 1
github.com/ace-platform/gateway/internal/handler/health.go:40.2,43.4 2 0
github.com/ace-platform/gateway/internal/handler/routes.go:8.53,81.2 51 1
github.com/ace-platform/gateway/internal/proxy/backend.go:38.84,50.2 3 0
github.com/ace-platform/gateway/internal/proxy/backend.go:53.76,54.19 1 1
github.com/ace-platform/gateway/internal/proxy/backend.go:54.19,56.3 1 0
github.com/ace-platform/gateway/internal/proxy/backend.go:57.2,58.16 2 1
github.com/ace-platform/gateway/internal/proxy/backend.go:58.16,60.3 1 0
github.com/ace-platform/gateway/internal/proxy/backend.go:61.2,61.20 1 1
github.com/ace-platform/gateway/internal/proxy/backend.go:61.20,63.3 1 0
github.com/ace-platform/gateway/internal/proxy/backend.go:65.2,65.23 1 1
github.com/ace-platform/gateway/internal/proxy/backend.go:65.23,67.3 1 0
github.com/ace-platform/gateway/internal/proxy/backend.go:68.2,68.18 1 1
github.com/ace-platform/gateway/internal/proxy/pool.go:20.77,26.2 1 0
github.com/ace-platform/gateway/internal/proxy/pool.go:29.44,31.22 2 0
github.com/ace-platform/gateway/internal/proxy/pool.go:31.22,36.3 4 0
github.com/ace-platform/gateway/internal/proxy/pool.go:37.2,39.50 2 0
github.com/ace-platform/gateway/internal/proxy/pool.go:43.39,47.31 3 0
github.com/ace-platform/gateway/internal/proxy/pool.go:47.31,50.3 2 0
github.com/ace-platform/gateway/internal/proxy/pool.go:51.2,51.33 1 0
github.com/ace-platform/gateway/internal/proxy/pool.go:55.28,59.31 3 0
github.com/ace-platform/gateway/internal/proxy/pool.go:59.31,61.3 1 0
github.com/ace-platform/gateway/internal/proxy/pool.go:62.2,62.15 1 0
github.com/ace-platform/gateway/internal/proxy/pool.go:71.112,75.35 2 0
github.com/ace-platform/gateway/internal/proxy/pool.go:75.35,77.3 1 0
github.com/ace-platform/gateway/internal/proxy/pool.go:78.2,78.11 1 0
github.com/ace-platform/gateway/internal/proxy/pool.go:82.62,84.9 2 0
github.com/ace-platform/gateway/internal/proxy/pool.go:84.9,86.3 1 0
github.com/ace-platform/gateway/internal/proxy/pool.go:87.2,87.19 1 0
github.com/ace-platform/gateway/internal/proxy/pool.go:91.59,92.39 1 0
github.com/ace-platform/gateway/internal/proxy/pool.go:92.39,94.3 1 0
github.com/ace-platform/gateway/internal/proxy/pool.go:94.8,96.3 1 0
github.com/ace-platform/gateway/internal/proxy/pool.go:100.32,101.32 1 0
github.com/ace-platform/gateway/internal/proxy/pool.go:101.32,103.3 1 0
github.com/ace-platform/gateway/internal/types/errors.go:28.85,39.2 4 1
github.com/ace-platform/gateway/internal/types/errors.go:42.119,54.2 4 0
github.com/ace-platform/gateway/internal/types/response.go:21.69,25.2 3 0
github.com/ace-platform/gateway/internal/kafka/config.go:27.37,29.58 2 0
github.com/ace-platform/gateway/internal/kafka/config.go:29.58,31.3 1 0
github.com/ace-platform/gateway/internal/kafka/config.go:32.2,32.50 1 0
github.com/ace-platform/gateway/internal/kafka/config.go:32.50,33.44 1 0
github.com/ace-platform/gateway/internal/kafka/config.go:33.44,35.4 1 0
github.com/ace-platform/gateway/internal/kafka/config.go:37.2,37.55 1 0
github.com/ace-platform/gateway/internal/kafka/config.go:37.55,38.44 1 0
github.com/ace-platform/gateway/internal/kafka/config.go:38.44,40.4 1 0
github.com/ace-platform/gateway/internal/kafka/config.go:42.2,42.12 1 0
github.com/ace-platform/gateway/internal/kafka/config.go:48.59,50.58 2 0
github.com/ace-platform/gateway/internal/kafka/config.go:50.58,52.3 1 0
github.com/ace-platform/gateway/internal/kafka/config.go:53.2,53.50 1 0
github.com/ace-platform/gateway/internal/kafka/config.go:53.50,54.44 1 0
github.com/ace-platform/gateway/internal/kafka/config.go:54.44,56.4 1 0
github.com/ace-platform/gateway/internal/kafka/config.go:58.2,58.55 1 0
github.com/ace-platform/gateway/internal/kafka/config.go:58.55,59.44 1 0
github.com/ace-platform/gateway/internal/kafka/config.go:59.44,61.4 1 0
github.com/ace-platform/gateway/internal/kafka/config.go:63.2,63.54 1 0
github.com/ace-platform/gateway/internal/kafka/config.go:63.54,64.44 1 0
github.com/ace-platform/gateway/internal/kafka/config.go:64.44,66.4 1 0
github.com/ace-platform/gateway/internal/kafka/config.go:68.2,68.12 1 0
github.com/ace-platform/gateway/internal/kafka/consumer.go:35.59,43.2 1 1
github.com/ace-platform/gateway/internal/kafka/consumer.go:57.84,65.2 1 1
github.com/ace-platform/gateway/internal/kafka/consumer.go:68.68,72.2 3 1
github.com/ace-platform/gateway/internal/kafka/consumer.go:75.69,79.2 3 1
github.com/ace-platform/gateway/internal/kafka/consumer.go:82.60,86.31 4 1
github.com/ace-platform/gateway/internal/kafka/consumer.go:86.31,87.33 1 1
github.com/ace-platform/gateway/internal/kafka/consumer.go:87.33,90.4 2 1
github.com/ace-platform/gateway/internal/kafka/consumer.go:92.2,95.32 3 1
github.com/ace-platform/gateway/internal/kafka/consumer.go:95.32,97.51 2 1
github.com/ace-platform/gateway/internal/kafka/consumer.go:97.51,100.4 2 1
github.com/ace-platform/gateway/internal/kafka/consumer.go:102.2,103.12 2 1
github.com/ace-platform/gateway/internal/kafka/consumer.go:106.111,107.6 1 1
github.com/ace-platform/gateway/internal/kafka/consumer.go:107.6,108.10 1 1
github.com/ace-platform/gateway/internal/kafka/consumer.go:109.21,110.10 1 1
github.com/ace-platform/gateway/internal/kafka/consumer.go:111.25,112.11 1 1
github.com/ace-platform/gateway/internal/kafka/consumer.go:112.11,114.5 1 1
github.com/ace-platform/gateway/internal/kafka/consumer.go:115.4,115.45 1 1
github.com/ace-platform/gateway/internal/kafka/consumer.go:120.105,122.58 2 1
github.com/ace-platform/gateway/internal/kafka/consumer.go:122.58,126.3 3 1
github.com/ace-platform/gateway/internal/kafka/consumer.go:129.2,130.30 2 1
github.com/ace-platform/gateway/internal/kafka/consumer.go:130.30,133.3 2 1
github.com/ace-platform/gateway/internal/kafka/consumer.go:134.2,137.62 3 1
github.com/ace-platform/gateway/internal/kafka/consumer.go:137.62,138.18 1 1
github.com/ace-platform/gateway/internal/kafka/consumer.go:138.18,140.4 1 1
github.com/ace-platform/gateway/internal/kafka/consumer.go:141.3,141.45 1 1
github.com/ace-platform/gateway/internal/kafka/consumer.go:141.45,143.12 2 1
github.com/ace-platform/gateway/internal/kafka/consumer.go:146.3,148.51 3 1
github.com/ace-platform/gateway/internal/kafka/consumer.go:148.51,150.4 1 1
github.com/ace-platform/gateway/internal/kafka/consumer.go:151.3,152.9 2 1
github.com/ace-platform/gateway/internal/kafka/consumer.go:155.2,156.34 2 1
github.com/ace-platform/gateway/internal/kafka/consumer.go:159.74,160.26 1 1
github.com/ace-platform/gateway/internal/kafka/consumer.go:160.26,162.3 1 0
github.com/ace-platform/gateway/internal/kafka/consumer.go:163.2,171.19 3 1
github.com/ace-platform/gateway/internal/kafka/consumer.go:171.19,173.3 1 1
github.com/ace-platform/gateway/internal/kafka/consumer.go:176.41,180.32 3 1
github.com/ace-platform/gateway/internal/kafka/consumer.go:180.32,181.20 1 1
github.com/ace-platform/gateway/internal/kafka/consumer.go:181.20,182.9 1 1
github.com/ace-platform/gateway/internal/kafka/consumer.go:184.3,185.10 2 1
github.com/ace-platform/gateway/internal/kafka/consumer.go:190.41,195.2 4 1
github.com/ace-platform/gateway/internal/kafka/consumer.go:198.48,202.2 3 1
github.com/ace-platform/gateway/internal/kafka/consumer.go:205.46,206.43 1 1
github.com/ace-platform/gateway/internal/kafka/consumer.go:206.43,208.3 1 1
github.com/ace-platform/gateway/internal/kafka/consumer.go:209.2,209.14 1 1
github.com/ace-platform/gateway/internal/kafka/event.go:23.93,25.16 2 1
github.com/ace-platform/gateway/internal/kafka/event.go:25.16,27.3 1 0
github.com/ace-platform/gateway/internal/kafka/event.go:28.2,29.16 2 1
github.com/ace-platform/gateway/internal/kafka/event.go:29.16,31.3 1 0
github.com/ace-platform/gateway/internal/kafka/event.go:32.2,40.8 1 1
github.com/ace-platform/gateway/internal/kafka/event.go:53.37,55.45 2 1
github.com/ace-platform/gateway/internal/kafka/event.go:55.45,57.3 1 0
github.com/ace-platform/gateway/internal/kafka/event.go:58.2,61.60 3 1
github.com/ace-platform/gateway/internal/kafka/producer.go:27.45,34.2 1 1
github.com/ace-platform/gateway/internal/kafka/producer.go:48.62,53.2 1 1
github.com/ace-platform/gateway/internal/kafka/producer.go:56.80,62.2 5 1
github.com/ace-platform/gateway/internal/kafka/producer.go:66.90,70.2 3 1
github.com/ace-platform/gateway/internal/kafka/producer.go:73.74,75.14 2 1
github.com/ace-platform/gateway/internal/kafka/producer.go:75.14,78.3 2 1
github.com/ace-platform/gateway/internal/kafka/producer.go:79.2,85.57 6 1
github.com/ace-platform/gateway/internal/kafka/producer.go:85.57,86.18 1 1
github.com/ace-platform/gateway/internal/kafka/producer.go:86.18,88.4 1 1
github.com/ace-platform/gateway/internal/kafka/producer.go:90.3,90.18 1 1
github.com/ace-platform/gateway/internal/kafka/producer.go:90.18,91.50 1 1
github.com/ace-platform/gateway/internal/kafka/producer.go:91.50,93.13 2 1
github.com/ace-platform/gateway/internal/kafka/producer.go:97.3,98.17 2 1
github.com/ace-platform/gateway/internal/kafka/producer.go:98.17,100.4 1 1
github.com/ace-platform/gateway/internal/kafka/producer.go:102.3,108.16 2 1
github.com/ace-platform/gateway/internal/kafka/producer.go:108.16,109.11 1 1
github.com/ace-platform/gateway/internal/kafka/producer.go:110.19,110.19 0 1
github.com/ace-platform/gateway/internal/kafka/producer.go:111.12,113.13 2 1
github.com/ace-platform/gateway/internal/kafka/producer.go:116.3,116.13 1 1
github.com/ace-platform/gateway/internal/kafka/producer.go:118.2,118.112 1 1
github.com/ace-platform/gateway/internal/kafka/producer.go:122.41,126.30 4 1
github.com/ace-platform/gateway/internal/kafka/producer.go:126.30,128.3 1 0
github.com/ace-platform/gateway/internal/kafka/producer.go:129.2,129.12 1 1
github.com/ace-platform/gateway/internal/kafka/producer.go:133.58,137.15 4 1
github.com/ace-platform/gateway/internal/kafka/producer.go:137.15,139.3 1 1
github.com/ace-platform/gateway/internal/kafka/producer.go:140.2,141.6 2 1
github.com/ace-platform/gateway/internal/kafka/producer.go:141.6,142.10 1 1
github.com/ace-platform/gateway/internal/kafka/producer.go:143.22,144.11 1 1
github.com/ace-platform/gateway/internal/kafka/producer.go:144.11,146.5 1 0
github.com/ace-platform/gateway/internal/kafka/producer.go:147.4,147.26 1 1
github.com/ace-platform/gateway/internal/kafka/producer.go:148.11,149.15 1 1
github.com/ace-platform/gateway/internal/kafka/wiring.go:45.55,46.54 1 1
github.com/ace-platform/gateway/internal/kafka/wiring.go:46.54,48.65 2 1
github.com/ace-platform/gateway/internal/kafka/wiring.go:48.65,50.4 1 0
github.com/ace-platform/gateway/internal/kafka/wiring.go:51.3,51.47 1 1
github.com/ace-platform/gateway/internal/kafka/wiring.go:58.61,59.54 1 1
github.com/ace-platform/gateway/internal/kafka/wiring.go:59.54,61.65 2 1
github.com/ace-platform/gateway/internal/kafka/wiring.go:61.65,63.4 1 0
github.com/ace-platform/gateway/internal/kafka/wiring.go:64.3,64.47 1 1
github.com/ace-platform/gateway/internal/middleware/auth.go:20.58,21.61 1 1
github.com/ace-platform/gateway/internal/middleware/auth.go:21.61,23.3 1 1
github.com/ace-platform/gateway/internal/middleware/auth.go:24.2,24.12 1 1
github.com/ace-platform/gateway/internal/middleware/auth.go:28.55,29.52 1 1
github.com/ace-platform/gateway/internal/middleware/auth.go:29.52,31.3 1 0
github.com/ace-platform/gateway/internal/middleware/auth.go:32.2,32.11 1 1
github.com/ace-platform/gateway/internal/middleware/auth.go:42.90,43.46 1 1
github.com/ace-platform/gateway/internal/middleware/auth.go:43.46,44.72 1 1
github.com/ace-platform/gateway/internal/middleware/auth.go:44.72,48.47 2 1
github.com/ace-platform/gateway/internal/middleware/auth.go:48.47,51.5 2 1
github.com/ace-platform/gateway/internal/middleware/auth.go:54.4,55.24 2 1
github.com/ace-platform/gateway/internal/middleware/auth.go:55.24,59.5 2 1
github.com/ace-platform/gateway/internal/middleware/auth.go:61.4,61.49 1 1
github.com/ace-platform/gateway/internal/middleware/auth.go:61.49,65.5 2 1
github.com/ace-platform/gateway/internal/middleware/auth.go:67.4,69.18 3 1
github.com/ace-platform/gateway/internal/middleware/auth.go:69.18,72.16 3 1
github.com/ace-platform/gateway/internal/middleware/auth.go:73.31,75.31 2 1
github.com/ace-platform/gateway/internal/middleware/auth.go:76.31,77.37 1 0
github.com/ace-platform/gateway/internal/middleware/auth.go:78.33,79.29 1 0
github.com/ace-platform/gateway/internal/middleware/auth.go:81.5,82.11 2 1
github.com/ace-platform/gateway/internal/middleware/auth.go:86.4,87.41 2 1
github.com/ace-platform/gateway/internal/middleware/auth.go:92.62,93.16 1 1
github.com/ace-platform/gateway/internal/middleware/auth.go:93.16,95.3 1 0
github.com/ace-platform/gateway/internal/middleware/auth.go:98.2,99.26 2 1
github.com/ace-platform/gateway/internal/middleware/auth.go:99.26,101.3 1 0
github.com/ace-platform/gateway/internal/middleware/auth.go:104.2,104.27 1 1
github.com/ace-platform/gateway/internal/middleware/auth.go:104.27,106.3 1 1
github.com/ace-platform/gateway/internal/middleware/auth.go:109.2,109.44 1 1
github.com/ace-platform/gateway/internal/middleware/auth.go:109.44,110.38 1 1
github.com/ace-platform/gateway/internal/middleware/auth.go:110.38,112.4 1 1
github.com/ace-platform/gateway/internal/middleware/auth.go:115.2,115.14 1 1
github.com/ace-platform/gateway/internal/middleware/auth.go:119.68,120.46 1 1
github.com/ace-platform/gateway/internal/middleware/auth.go:120.46,121.72 1 1
github.com/ace-platform/gateway/internal/middleware/auth.go:121.72,123.21 2 1
github.com/ace-platform/gateway/internal/middleware/auth.go:123.21,128.5 3 1
github.com/ace-platform/gateway/internal/middleware/auth.go:130.4,130.36 1 1
github.com/ace-platform/gateway/internal/middleware/auth.go:130.36,135.5 3 1
github.com/ace-platform/gateway/internal/middleware/auth.go:137.4,137.24 1 1
github.com/ace-platform/gateway/internal/middleware/bodylimit.go:10.64,11.46 1 0
github.com/ace-platform/gateway/internal/middleware/bodylimit.go:11.46,12.72 1 0
github.com/ace-platform/gateway/internal/middleware/bodylimit.go:12.72,13.51 1 0
github.com/ace-platform/gateway/internal/middleware/bodylimit.go:13.51,18.5 3 0
github.com/ace-platform/gateway/internal/middleware/bodylimit.go:19.4,20.24 2 0
github.com/ace-platform/gateway/internal/middleware/chain.go:8.89,9.45 1 0
github.com/ace-platform/gateway/internal/middleware/chain.go:9.45,11.3 1 0
github.com/ace-platform/gateway/internal/middleware/chain.go:12.2,12.10 1 0
github.com/ace-platform/gateway/internal/middleware/logging.go:17.49,20.2 2 0
github.com/ace-platform/gateway/internal/middleware/logging.go:22.54,26.2 3 0
github.com/ace-platform/gateway/internal/middleware/logging.go:43.48,44.46 1 0
github.com/ace-platform/gateway/internal/middleware/logging.go:44.46,45.72 1 0
github.com/ace-platform/gateway/internal/middleware/logging.go:45.72,64.63 6 0
github.com/ace-platform/gateway/internal/middleware/logging.go:64.63,66.5 1 0
github.com/ace-platform/gateway/internal/middleware/logging.go:68.4,68.24 1 0
github.com/ace-platform/gateway/internal/middleware/logging.go:68.24,70.5 1 0
github.com/ace-platform/gateway/internal/middleware/logging.go:70.10,70.31 1 0
github.com/ace-platform/gateway/internal/middleware/logging.go:70.31,72.5 1 0
github.com/ace-platform/gateway/internal/middleware/logging.go:74.4,75.18 2 0
github.com/ace-platform/gateway/internal/middleware/logging.go:75.18,78.5 2 0
github.com/ace-platform/gateway/internal/middleware/logging.go:79.4,79.29 1 0
github.com/ace-platform/gateway/internal/middleware/ratelimit.go:28.59,35.2 1 1
github.com/ace-platform/gateway/internal/middleware/ratelimit.go:37.57,44.30 6 1
github.com/ace-platform/gateway/internal/middleware/ratelimit.go:44.30,46.3 1 1
github.com/ace-platform/gateway/internal/middleware/ratelimit.go:47.2,49.21 2 1
github.com/ace-platform/gateway/internal/middleware/ratelimit.go:49.21,51.3 1 1
github.com/ace-platform/gateway/internal/middleware/ratelimit.go:53.2,54.38 2 1
github.com/ace-platform/gateway/internal/middleware/ratelimit.go:66.56,72.2 1 1
github.com/ace-platform/gateway/internal/middleware/ratelimit.go:74.59,79.9 4 1
github.com/ace-platform/gateway/internal/middleware/ratelimit.go:79.9,82.3 2 1
github.com/ace-platform/gateway/internal/middleware/ratelimit.go:83.2,83.10 1 1
github.com/ace-platform/gateway/internal/middleware/ratelimit.go:87.67,89.2 1 1
github.com/ace-platform/gateway/internal/middleware/ratelimit.go:97.42,111.2 1 1
github.com/ace-platform/gateway/internal/middleware/ratelimit.go:114.64,115.37 1 1
github.com/ace-platform/gateway/internal/middleware/ratelimit.go:115.37,117.3 1 1
github.com/ace-platform/gateway/internal/middleware/ratelimit.go:118.2,118.30 1 1
github.com/ace-platform/gateway/internal/middleware/ratelimit.go:124.141,125.46 1 1
github.com/ace-platform/gateway/internal/middleware/ratelimit.go:125.46,126.72 1 1
github.com/ace-platform/gateway/internal/middleware/ratelimit.go:126.72,137.16 8 1
github.com/ace-platform/gateway/internal/middleware/ratelimit.go:137.16,143.5 4 1
github.com/ace-platform/gateway/internal/middleware/ratelimit.go:145.4,145.24 1 1
github.com/ace-platform/gateway/internal/middleware/requestid.go:11.50,12.46 1 0
github.com/ace-platform/gateway/internal/middleware/requestid.go:12.46,13.72 1 0
github.com/ace-platform/gateway/internal/middleware/requestid.go:13.72,15.16 2 0
github.com/ace-platform/gateway/internal/middleware/requestid.go:15.16,17.5 1 0
github.com/ace-platform/gateway/internal/middleware/requestid.go:19.4,21.41 3 0
github.com/ace-platform/gateway/internal/middleware/requestid.go:26.26,30.2 3 0
github.com/ace-platform/gateway/internal/types/errors.go:28.85,39.2 4 1
github.com/ace-platform/gateway/internal/types/errors.go:42.119,54.2 4 0
github.com/ace-platform/gateway/internal/types/response.go:21.69,25.2 3 0
github.com/ace-platform/gateway/internal/proxy/backend.go:38.84,50.2 3 0
github.com/ace-platform/gateway/internal/proxy/backend.go:53.76,54.19 1 0
github.com/ace-platform/gateway/internal/proxy/backend.go:54.19,56.3 1 0
github.com/ace-platform/gateway/internal/proxy/backend.go:57.2,58.16 2 0
github.com/ace-platform/gateway/internal/proxy/backend.go:58.16,60.3 1 0
github.com/ace-platform/gateway/internal/proxy/backend.go:61.2,61.20 1 0
github.com/ace-platform/gateway/internal/proxy/backend.go:61.20,63.3 1 0
github.com/ace-platform/gateway/internal/proxy/backend.go:65.2,65.23 1 0
github.com/ace-platform/gateway/internal/proxy/backend.go:65.23,67.3 1 0
github.com/ace-platform/gateway/internal/proxy/backend.go:68.2,68.18 1 0
github.com/ace-platform/gateway/internal/proxy/pool.go:20.77,26.2 1 0
github.com/ace-platform/gateway/internal/proxy/pool.go:29.44,31.22 2 0
github.com/ace-platform/gateway/internal/proxy/pool.go:31.22,36.3 4 0
github.com/ace-platform/gateway/internal/proxy/pool.go:37.2,39.50 2 0
github.com/ace-platform/gateway/internal/proxy/pool.go:43.39,47.31 3 0
github.com/ace-platform/gateway/internal/proxy/pool.go:47.31,50.3 2 0
github.com/ace-platform/gateway/internal/proxy/pool.go:51.2,51.33 1 0
github.com/ace-platform/gateway/internal/proxy/pool.go:55.28,59.31 3 0
github.com/ace-platform/gateway/internal/proxy/pool.go:59.31,61.3 1 0
github.com/ace-platform/gateway/internal/proxy/pool.go:62.2,62.15 1 0
github.com/ace-platform/gateway/internal/proxy/pool.go:71.112,75.35 2 0
github.com/ace-platform/gateway/internal/proxy/pool.go:75.35,77.3 1 0
github.com/ace-platform/gateway/internal/proxy/pool.go:78.2,78.11 1 0
github.com/ace-platform/gateway/internal/proxy/pool.go:82.62,84.9 2 0
github.com/ace-platform/gateway/internal/proxy/pool.go:84.9,86.3 1 0
github.com/ace-platform/gateway/internal/proxy/pool.go:87.2,87.19 1 0
github.com/ace-platform/gateway/internal/proxy/pool.go:91.59,92.39 1 0
github.com/ace-platform/gateway/internal/proxy/pool.go:92.39,94.3 1 0
github.com/ace-platform/gateway/internal/proxy/pool.go:94.8,96.3 1 0
github.com/ace-platform/gateway/internal/proxy/pool.go:100.32,101.32 1 0
github.com/ace-platform/gateway/internal/proxy/pool.go:101.32,103.3 1 0
github.com/ace-platform/gateway/internal/websocket/handler.go:32.28,36.2 1 0
github.com/ace-platform/gateway/internal/websocket/handler.go:39.73,42.16 3 0
github.com/ace-platform/gateway/internal/websocket/handler.go:42.16,44.3 1 0
github.com/ace-platform/gateway/internal/websocket/handler.go:45.2,48.49 3 0
github.com/ace-platform/gateway/internal/websocket/handler.go:52.71,55.16 3 0
github.com/ace-platform/gateway/internal/websocket/handler.go:55.16,57.3 1 0
github.com/ace-platform/gateway/internal/websocket/handler.go:58.2,61.55 3 0
github.com/ace-platform/gateway/internal/websocket/handler.go:65.77,67.16 2 0
github.com/ace-platform/gateway/internal/websocket/handler.go:67.16,69.3 1 0
github.com/ace-platform/gateway/internal/websocket/handler.go:70.2,73.50 3 0
github.com/ace-platform/gateway/internal/websocket/handler.go:77.85,79.77 1 0
github.com/ace-platform/gateway/internal/websocket/handler.go:79.77,82.3 2 0
github.com/ace-platform/gateway/internal/websocket/handler.go:84.2,85.15 2 0
github.com/ace-platform/gateway/internal/websocket/handler.go:85.15,88.3 2 0
github.com/ace-platform/gateway/internal/websocket/handler.go:91.2,97.9 5 0
github.com/ace-platform/gateway/internal/websocket/handler.go:97.9,100.3 2 0
github.com/ace-platform/gateway/internal/websocket/handler.go:102.2,103.16 2 0
github.com/ace-platform/gateway/internal/websocket/handler.go:103.16,105.3 1 0
github.com/ace-platform/gateway/internal/websocket/handler.go:108.2,115.18 4 0
github.com/ace-platform/gateway/internal/websocket/handler.go:120.81,124.6 3 0
github.com/ace-platform/gateway/internal/websocket/handler.go:124.6,125.10 1 0
github.com/ace-platform/gateway/internal/websocket/handler.go:126.19,133.55 3 0
github.com/ace-platform/gateway/internal/websocket/handler.go:133.55,135.5 1 0
github.com/ace-platform/gateway/internal/websocket/handler.go:141.60,149.19 4 0
github.com/ace-platform/gateway/internal/websocket/handler.go:149.19,151.3 1 0
github.com/ace-platform/gateway/internal/websocket/handler.go:151.8,151.28 1 0
github.com/ace-platform/gateway/internal/websocket/handler.go:151.28,155.3 3 0
github.com/ace-platform/gateway/internal/websocket/handler.go:155.8,157.27 2 0
github.com/ace-platform/gateway/internal/websocket/handler.go:157.27,159.4 1 0
github.com/ace-platform/gateway/internal/websocket/handler.go:162.2,163.18 2 0
github.com/ace-platform/gateway/internal/router/router.go:26.20,28.58 1 1
github.com/ace-platform/gateway/internal/router/router.go:28.58,32.4 3 1
github.com/ace-platform/gateway/internal/router/router.go:37.76,43.2 1 1
github.com/ace-platform/gateway/internal/router/router.go:46.41,48.2 1 0
github.com/ace-platform/gateway/internal/router/router.go:51.39,53.2 1 0
github.com/ace-platform/gateway/internal/router/router.go:56.69,60.34 2 1
github.com/ace-platform/gateway/internal/router/router.go:60.34,61.31 1 1
github.com/ace-platform/gateway/internal/router/router.go:61.31,62.12 1 1
github.com/ace-platform/gateway/internal/router/router.go:64.3,65.10 2 1
github.com/ace-platform/gateway/internal/router/router.go:65.10,66.12 1 1
github.com/ace-platform/gateway/internal/router/router.go:70.3,71.28 2 1
github.com/ace-platform/gateway/internal/router/router.go:71.28,73.4 1 1
github.com/ace-platform/gateway/internal/router/router.go:74.3,77.9 3 1
github.com/ace-platform/gateway/internal/router/router.go:81.2,81.34 1 1
github.com/ace-platform/gateway/internal/router/router.go:81.34,82.50 1 1
github.com/ace-platform/gateway/internal/router/router.go:82.50,87.4 4 1
github.com/ace-platform/gateway/internal/router/router.go:90.2,90.19 1 1
github.com/ace-platform/gateway/internal/router/router.go:95.64,99.41 3 1
github.com/ace-platform/gateway/internal/router/router.go:99.41,101.3 1 1
github.com/ace-platform/gateway/internal/router/router.go:103.2,104.34 2 1
github.com/ace-platform/gateway/internal/router/router.go:104.34,105.63 1 1
github.com/ace-platform/gateway/internal/router/router.go:105.63,108.4 2 1
github.com/ace-platform/gateway/internal/router/router.go:108.9,108.32 1 1
github.com/ace-platform/gateway/internal/router/router.go:108.32,110.4 1 1
github.com/ace-platform/gateway/internal/router/router.go:112.2,112.21 1 1
github.com/ace-platform/gateway/internal/router/router.go:115.38,117.16 2 1
github.com/ace-platform/gateway/internal/router/router.go:117.16,119.3 1 0
github.com/ace-platform/gateway/internal/router/router.go:120.2,120.33 1 1
github.com/ace-platform/gateway/internal/types/errors.go:28.85,39.2 4 0
github.com/ace-platform/gateway/internal/types/errors.go:42.119,54.2 4 0
github.com/ace-platform/gateway/internal/types/response.go:21.69,25.2 3 0
