mode: set
github.com/ace-platform/matching-engine/cmd/matching-engine/main.go:24.35,27.2 2 0
github.com/ace-platform/matching-engine/cmd/matching-engine/main.go:29.13,38.46 6 0
github.com/ace-platform/matching-engine/cmd/matching-engine/main.go:38.46,42.3 1 0
github.com/ace-platform/matching-engine/cmd/matching-engine/main.go:44.2,44.62 1 0
github.com/ace-platform/matching-engine/cmd/matching-engine/main.go:44.62,47.3 1 0
github.com/ace-platform/matching-engine/cmd/matching-engine/main.go:49.2,53.23 3 0
github.com/ace-platform/matching-engine/cmd/matching-engine/main.go:53.23,55.3 1 0
github.com/ace-platform/matching-engine/cmd/matching-engine/main.go:56.2,56.55 1 0
github.com/ace-platform/matching-engine/cmd/matching-engine/main.go:56.55,58.17 2 0
github.com/ace-platform/matching-engine/cmd/matching-engine/main.go:58.17,59.12 1 0
github.com/ace-platform/matching-engine/cmd/matching-engine/main.go:61.3,61.54 1 0
github.com/ace-platform/matching-engine/cmd/matching-engine/main.go:61.54,63.4 1 0
github.com/ace-platform/matching-engine/cmd/matching-engine/main.go:64.3,64.48 1 0
github.com/ace-platform/matching-engine/cmd/matching-engine/main.go:68.2,68.12 1 0
github.com/ace-platform/matching-engine/cmd/matching-engine/main.go:68.12,69.49 1 0
github.com/ace-platform/matching-engine/cmd/matching-engine/main.go:69.49,71.4 1 0
github.com/ace-platform/matching-engine/cmd/matching-engine/main.go:75.2,76.16 2 0
github.com/ace-platform/matching-engine/cmd/matching-engine/main.go:76.16,78.3 1 0
github.com/ace-platform/matching-engine/cmd/matching-engine/main.go:80.2,91.13 7 0
github.com/ace-platform/matching-engine/internal/engine/engine.go:36.53,41.2 1 1
github.com/ace-platform/matching-engine/internal/engine/engine.go:44.50,46.2 1 1
github.com/ace-platform/matching-engine/internal/engine/engine.go:49.60,51.2 1 0
github.com/ace-platform/matching-engine/internal/engine/engine.go:54.64,58.48 3 1
github.com/ace-platform/matching-engine/internal/engine/engine.go:58.48,60.3 1 0
github.com/ace-platform/matching-engine/internal/engine/engine.go:62.2,65.12 2 1
github.com/ace-platform/matching-engine/internal/engine/engine.go:69.81,71.16 2 1
github.com/ace-platform/matching-engine/internal/engine/engine.go:71.16,73.3 1 1
github.com/ace-platform/matching-engine/internal/engine/engine.go:75.2,80.20 5 1
github.com/ace-platform/matching-engine/internal/engine/engine.go:84.91,86.16 2 1
github.com/ace-platform/matching-engine/internal/engine/engine.go:86.16,88.3 1 0
github.com/ace-platform/matching-engine/internal/engine/engine.go:90.2,94.16 4 1
github.com/ace-platform/matching-engine/internal/engine/engine.go:94.16,96.3 1 0
github.com/ace-platform/matching-engine/internal/engine/engine.go:98.2,98.26 1 1
github.com/ace-platform/matching-engine/internal/engine/engine.go:98.26,100.3 1 0
github.com/ace-platform/matching-engine/internal/engine/engine.go:101.2,101.20 1 1
github.com/ace-platform/matching-engine/internal/engine/engine.go:105.103,107.16 2 0
github.com/ace-platform/matching-engine/internal/engine/engine.go:107.16,109.3 1 0
github.com/ace-platform/matching-engine/internal/engine/engine.go:111.2,115.24 4 0
github.com/ace-platform/matching-engine/internal/engine/engine.go:119.141,121.16 2 0
github.com/ace-platform/matching-engine/internal/engine/engine.go:121.16,123.3 1 0
github.com/ace-platform/matching-engine/internal/engine/engine.go:125.2,129.16 4 0
github.com/ace-platform/matching-engine/internal/engine/engine.go:129.16,131.3 1 0
github.com/ace-platform/matching-engine/internal/engine/engine.go:133.2,134.20 2 0
github.com/ace-platform/matching-engine/internal/engine/engine.go:138.79,140.16 2 0
github.com/ace-platform/matching-engine/internal/engine/engine.go:140.16,142.3 1 0
github.com/ace-platform/matching-engine/internal/engine/engine.go:144.2,148.9 4 0
github.com/ace-platform/matching-engine/internal/engine/engine.go:148.9,150.3 1 0
github.com/ace-platform/matching-engine/internal/engine/engine.go:151.2,151.19 1 0
github.com/ace-platform/matching-engine/internal/engine/engine.go:155.82,157.16 2 0
github.com/ace-platform/matching-engine/internal/engine/engine.go:157.16,159.3 1 0
github.com/ace-platform/matching-engine/internal/engine/engine.go:160.2,160.24 1 0
github.com/ace-platform/matching-engine/internal/engine/engine.go:163.67,168.9 4 1
github.com/ace-platform/matching-engine/internal/engine/engine.go:168.9,170.3 1 1
github.com/ace-platform/matching-engine/internal/engine/engine.go:171.2,171.19 1 1
github.com/ace-platform/matching-engine/internal/engine/engine.go:174.64,175.27 1 1
github.com/ace-platform/matching-engine/internal/engine/engine.go:175.27,176.35 1 1
github.com/ace-platform/matching-engine/internal/engine/engine.go:176.35,178.4 1 1
github.com/ace-platform/matching-engine/internal/engine/engine.go:180.2,180.26 1 1
github.com/ace-platform/matching-engine/internal/engine/engine.go:180.26,181.45 1 0
github.com/ace-platform/matching-engine/internal/engine/engine.go:181.45,183.4 1 0
github.com/ace-platform/matching-engine/internal/orderbook/orderbook.go:47.89,58.2 1 1
github.com/ace-platform/matching-engine/internal/orderbook/orderbook.go:61.44,63.2 1 1
github.com/ace-platform/matching-engine/internal/orderbook/orderbook.go:66.49,69.2 2 1
github.com/ace-platform/matching-engine/internal/orderbook/orderbook.go:72.66,81.53 5 1
github.com/ace-platform/matching-engine/internal/orderbook/orderbook.go:81.53,99.3 3 1
github.com/ace-platform/matching-engine/internal/orderbook/orderbook.go:102.2,122.39 4 1
github.com/ace-platform/matching-engine/internal/orderbook/orderbook.go:122.39,123.28 1 1
github.com/ace-platform/matching-engine/internal/orderbook/orderbook.go:123.28,141.4 3 1
github.com/ace-platform/matching-engine/internal/orderbook/orderbook.go:145.2,148.28 2 1
github.com/ace-platform/matching-engine/internal/orderbook/orderbook.go:148.28,149.84 1 1
github.com/ace-platform/matching-engine/internal/orderbook/orderbook.go:149.84,168.4 2 1
github.com/ace-platform/matching-engine/internal/orderbook/orderbook.go:168.9,171.4 1 1
github.com/ace-platform/matching-engine/internal/orderbook/orderbook.go:174.2,174.15 1 1
github.com/ace-platform/matching-engine/internal/orderbook/orderbook.go:178.81,180.9 2 1
github.com/ace-platform/matching-engine/internal/orderbook/orderbook.go:180.9,182.3 1 1
github.com/ace-platform/matching-engine/internal/orderbook/orderbook.go:185.2,186.8 2 1
github.com/ace-platform/matching-engine/internal/orderbook/orderbook.go:186.8,188.22 2 1
github.com/ace-platform/matching-engine/internal/orderbook/orderbook.go:188.22,190.4 1 1
github.com/ace-platform/matching-engine/internal/orderbook/orderbook.go:193.2,213.8 5 1
github.com/ace-platform/matching-engine/internal/orderbook/orderbook.go:218.86,224.39 4 1
github.com/ace-platform/matching-engine/internal/orderbook/orderbook.go:224.39,225.35 1 1
github.com/ace-platform/matching-engine/internal/orderbook/orderbook.go:225.35,226.12 1 1
github.com/ace-platform/matching-engine/internal/orderbook/orderbook.go:228.3,228.58 1 1
github.com/ace-platform/matching-engine/internal/orderbook/orderbook.go:228.58,229.12 1 0
github.com/ace-platform/matching-engine/internal/orderbook/orderbook.go:231.3,231.34 1 1
github.com/ace-platform/matching-engine/internal/orderbook/orderbook.go:234.2,234.30 1 1
github.com/ace-platform/matching-engine/internal/orderbook/orderbook.go:234.30,235.47 1 1
github.com/ace-platform/matching-engine/internal/orderbook/orderbook.go:235.47,238.4 2 1
github.com/ace-platform/matching-engine/internal/orderbook/orderbook.go:241.2,241.32 1 1
github.com/ace-platform/matching-engine/internal/orderbook/orderbook.go:246.121,248.9 2 1
github.com/ace-platform/matching-engine/internal/orderbook/orderbook.go:248.9,250.3 1 0
github.com/ace-platform/matching-engine/internal/orderbook/orderbook.go:251.2,251.34 1 1
github.com/ace-platform/matching-engine/internal/orderbook/orderbook.go:251.34,253.3 1 0
github.com/ace-platform/matching-engine/internal/orderbook/orderbook.go:256.2,272.24 2 1
github.com/ace-platform/matching-engine/internal/orderbook/orderbook.go:272.24,274.3 1 1
github.com/ace-platform/matching-engine/internal/orderbook/orderbook.go:275.2,275.16 1 1
github.com/ace-platform/matching-engine/internal/orderbook/orderbook.go:275.16,277.3 1 0
github.com/ace-platform/matching-engine/internal/orderbook/orderbook.go:280.2,281.16 2 1
github.com/ace-platform/matching-engine/internal/orderbook/orderbook.go:281.16,283.3 1 0
github.com/ace-platform/matching-engine/internal/orderbook/orderbook.go:286.2,290.20 3 1
github.com/ace-platform/matching-engine/internal/orderbook/orderbook.go:294.68,297.2 2 1
github.com/ace-platform/matching-engine/internal/orderbook/orderbook.go:300.46,301.23 1 1
github.com/ace-platform/matching-engine/internal/orderbook/orderbook.go:301.23,303.3 1 0
github.com/ace-platform/matching-engine/internal/orderbook/orderbook.go:304.2,304.25 1 1
github.com/ace-platform/matching-engine/internal/orderbook/orderbook.go:308.46,309.23 1 1
github.com/ace-platform/matching-engine/internal/orderbook/orderbook.go:309.23,311.3 1 0
github.com/ace-platform/matching-engine/internal/orderbook/orderbook.go:312.2,312.25 1 1
github.com/ace-platform/matching-engine/internal/orderbook/orderbook.go:316.48,318.2 1 0
github.com/ace-platform/matching-engine/internal/orderbook/orderbook.go:321.48,323.2 1 1
github.com/ace-platform/matching-engine/internal/orderbook/orderbook.go:326.39,328.2 1 1
github.com/ace-platform/matching-engine/internal/orderbook/orderbook.go:331.63,332.81 1 1
github.com/ace-platform/matching-engine/internal/orderbook/orderbook.go:332.81,334.3 1 1
github.com/ace-platform/matching-engine/internal/orderbook/orderbook.go:335.2,335.41 1 1
github.com/ace-platform/matching-engine/internal/orderbook/orderbook.go:335.41,337.3 1 0
github.com/ace-platform/matching-engine/internal/orderbook/orderbook.go:338.2,338.25 1 1
github.com/ace-platform/matching-engine/internal/orderbook/orderbook.go:338.25,340.3 1 1
github.com/ace-platform/matching-engine/internal/orderbook/orderbook.go:341.2,341.69 1 1
github.com/ace-platform/matching-engine/internal/orderbook/orderbook.go:341.69,343.3 1 1
github.com/ace-platform/matching-engine/internal/orderbook/orderbook.go:344.2,344.71 1 1
github.com/ace-platform/matching-engine/internal/orderbook/orderbook.go:344.71,346.3 1 0
github.com/ace-platform/matching-engine/internal/orderbook/orderbook.go:347.2,347.71 1 1
github.com/ace-platform/matching-engine/internal/orderbook/orderbook.go:347.71,349.3 1 0
github.com/ace-platform/matching-engine/internal/orderbook/orderbook.go:350.2,350.11 1 1
github.com/ace-platform/matching-engine/internal/orderbook/orderbook.go:354.87,357.60 2 1
github.com/ace-platform/matching-engine/internal/orderbook/orderbook.go:357.60,361.49 2 1
github.com/ace-platform/matching-engine/internal/orderbook/orderbook.go:361.49,362.69 1 1
github.com/ace-platform/matching-engine/internal/orderbook/orderbook.go:362.69,363.10 1 1
github.com/ace-platform/matching-engine/internal/orderbook/orderbook.go:368.3,368.57 1 1
github.com/ace-platform/matching-engine/internal/orderbook/orderbook.go:368.57,372.75 2 1
github.com/ace-platform/matching-engine/internal/orderbook/orderbook.go:372.75,374.39 2 1
github.com/ace-platform/matching-engine/internal/orderbook/orderbook.go:374.39,376.6 1 1
github.com/ace-platform/matching-engine/internal/orderbook/orderbook.go:377.5,377.38 1 1
github.com/ace-platform/matching-engine/internal/orderbook/orderbook.go:377.38,378.14 1 1
github.com/ace-platform/matching-engine/internal/orderbook/orderbook.go:381.5,381.35 1 1
github.com/ace-platform/matching-engine/internal/orderbook/orderbook.go:381.35,383.6 1 1
github.com/ace-platform/matching-engine/internal/orderbook/orderbook.go:386.4,387.38 2 1
github.com/ace-platform/matching-engine/internal/orderbook/orderbook.go:387.38,389.5 1 1
github.com/ace-platform/matching-engine/internal/orderbook/orderbook.go:390.4,402.38 8 1
github.com/ace-platform/matching-engine/internal/orderbook/orderbook.go:402.38,407.5 4 1
github.com/ace-platform/matching-engine/internal/orderbook/orderbook.go:407.10,412.5 4 0
github.com/ace-platform/matching-engine/internal/orderbook/orderbook.go:414.4,436.34 5 1
github.com/ace-platform/matching-engine/internal/orderbook/orderbook.go:436.34,438.5 1 1
github.com/ace-platform/matching-engine/internal/orderbook/orderbook.go:439.4,460.33 3 1
github.com/ace-platform/matching-engine/internal/orderbook/orderbook.go:460.33,462.5 1 1
github.com/ace-platform/matching-engine/internal/orderbook/orderbook.go:463.4,483.33 2 1
github.com/ace-platform/matching-engine/internal/orderbook/orderbook.go:483.33,487.5 3 1
github.com/ace-platform/matching-engine/internal/orderbook/orderbook.go:491.3,491.26 1 1
github.com/ace-platform/matching-engine/internal/orderbook/orderbook.go:491.26,493.4 1 1
github.com/ace-platform/matching-engine/internal/orderbook/orderbook.go:508.129,510.38 2 1
github.com/ace-platform/matching-engine/internal/orderbook/orderbook.go:510.38,512.3 1 0
github.com/ace-platform/matching-engine/internal/orderbook/orderbook.go:514.2,514.14 1 1
github.com/ace-platform/matching-engine/internal/orderbook/orderbook.go:515.33,534.27 4 1
github.com/ace-platform/matching-engine/internal/orderbook/orderbook.go:536.33,558.26 6 1
github.com/ace-platform/matching-engine/internal/orderbook/orderbook.go:560.31,601.23 9 1
github.com/ace-platform/matching-engine/internal/orderbook/orderbook.go:604.2,604.20 1 0
github.com/ace-platform/matching-engine/internal/orderbook/orderbook.go:608.58,612.31 3 1
github.com/ace-platform/matching-engine/internal/orderbook/orderbook.go:612.31,613.46 1 1
github.com/ace-platform/matching-engine/internal/orderbook/orderbook.go:613.46,614.59 1 1
github.com/ace-platform/matching-engine/internal/orderbook/orderbook.go:614.59,615.10 1 0
github.com/ace-platform/matching-engine/internal/orderbook/orderbook.go:618.3,619.34 2 1
github.com/ace-platform/matching-engine/internal/orderbook/orderbook.go:619.34,621.4 1 1
github.com/ace-platform/matching-engine/internal/orderbook/orderbook.go:623.2,623.14 1 1
github.com/ace-platform/matching-engine/internal/orderbook/orderbook.go:627.84,628.27 1 1
github.com/ace-platform/matching-engine/internal/orderbook/orderbook.go:628.27,630.3 1 1
github.com/ace-platform/matching-engine/internal/orderbook/orderbook.go:631.2,631.52 1 1
github.com/ace-platform/matching-engine/internal/orderbook/orderbook.go:635.52,637.33 2 1
github.com/ace-platform/matching-engine/internal/orderbook/orderbook.go:637.33,639.3 1 1
github.com/ace-platform/matching-engine/internal/orderbook/orderbook.go:639.8,641.3 1 1
github.com/ace-platform/matching-engine/internal/orderbook/orderbook.go:644.2,648.43 4 1
github.com/ace-platform/matching-engine/internal/orderbook/orderbook.go:652.113,654.52 1 1
github.com/ace-platform/matching-engine/internal/orderbook/orderbook.go:654.52,655.28 1 1
github.com/ace-platform/matching-engine/internal/orderbook/orderbook.go:655.28,658.4 1 1
github.com/ace-platform/matching-engine/internal/orderbook/orderbook.go:660.3,660.54 1 1
github.com/ace-platform/matching-engine/internal/orderbook/orderbook.go:664.2,664.61 1 1
github.com/ace-platform/matching-engine/internal/orderbook/orderbook.go:664.61,666.3 1 1
github.com/ace-platform/matching-engine/internal/orderbook/orderbook.go:669.2,673.17 5 1
github.com/ace-platform/matching-engine/internal/orderbook/orderbook.go:677.72,678.27 1 1
github.com/ace-platform/matching-engine/internal/orderbook/orderbook.go:678.27,680.3 1 1
github.com/ace-platform/matching-engine/internal/orderbook/orderbook.go:681.2,681.17 1 1
github.com/ace-platform/matching-engine/internal/orderbook/orderbook.go:685.79,686.27 1 1
github.com/ace-platform/matching-engine/internal/orderbook/orderbook.go:686.27,688.3 1 1
github.com/ace-platform/matching-engine/internal/orderbook/orderbook.go:689.2,689.16 1 0
github.com/ace-platform/matching-engine/internal/orderbook/orderbook.go:693.77,695.27 2 1
github.com/ace-platform/matching-engine/internal/orderbook/orderbook.go:695.27,697.3 1 1
github.com/ace-platform/matching-engine/internal/orderbook/orderbook.go:697.8,699.3 1 1
github.com/ace-platform/matching-engine/internal/orderbook/orderbook.go:701.2,701.32 1 1
github.com/ace-platform/matching-engine/internal/orderbook/orderbook.go:701.32,702.31 1 1
github.com/ace-platform/matching-engine/internal/orderbook/orderbook.go:702.31,705.4 2 1
github.com/ace-platform/matching-engine/internal/orderbook/pricelevel.go:17.53,22.2 1 1
github.com/ace-platform/matching-engine/internal/orderbook/pricelevel.go:25.51,29.2 3 1
github.com/ace-platform/matching-engine/internal/orderbook/pricelevel.go:32.44,33.25 1 1
github.com/ace-platform/matching-engine/internal/orderbook/pricelevel.go:33.25,35.3 1 0
github.com/ace-platform/matching-engine/internal/orderbook/pricelevel.go:36.2,36.21 1 1
github.com/ace-platform/matching-engine/internal/orderbook/pricelevel.go:40.46,41.25 1 1
github.com/ace-platform/matching-engine/internal/orderbook/pricelevel.go:41.25,43.3 1 0
github.com/ace-platform/matching-engine/internal/orderbook/pricelevel.go:44.2,48.14 5 1
github.com/ace-platform/matching-engine/internal/orderbook/pricelevel.go:53.64,54.30 1 1
github.com/ace-platform/matching-engine/internal/orderbook/pricelevel.go:54.30,55.27 1 1
github.com/ace-platform/matching-engine/internal/orderbook/pricelevel.go:55.27,60.4 4 1
github.com/ace-platform/matching-engine/internal/orderbook/pricelevel.go:62.2,62.12 1 0
github.com/ace-platform/matching-engine/internal/orderbook/pricelevel.go:66.38,68.2 1 1
github.com/ace-platform/matching-engine/internal/orderbook/pricelevel.go:71.47,75.2 3 0
github.com/ace-platform/matching-engine/internal/orderbook/pricelevel.go:78.33,80.2 1 0
github.com/ace-platform/matching-engine/internal/orderbook/pricelevel.go:83.45,85.2 1 1
github.com/ace-platform/matching-engine/internal/server/config.go:23.29,30.2 1 1
github.com/ace-platform/matching-engine/internal/server/config.go:33.29,36.42 2 0
github.com/ace-platform/matching-engine/internal/server/config.go:36.42,37.47 1 0
github.com/ace-platform/matching-engine/internal/server/config.go:37.47,39.4 1 0
github.com/ace-platform/matching-engine/internal/server/config.go:41.2,41.44 1 0
github.com/ace-platform/matching-engine/internal/server/config.go:41.44,42.47 1 0
github.com/ace-platform/matching-engine/internal/server/config.go:42.47,44.4 1 0
github.com/ace-platform/matching-engine/internal/server/config.go:46.2,46.45 1 0
github.com/ace-platform/matching-engine/internal/server/config.go:46.45,48.3 1 0
github.com/ace-platform/matching-engine/internal/server/config.go:49.2,49.54 1 0
github.com/ace-platform/matching-engine/internal/server/config.go:49.54,51.3 1 0
github.com/ace-platform/matching-engine/internal/server/config.go:52.2,52.12 1 0
github.com/ace-platform/matching-engine/internal/server/server.go:35.77,41.2 1 1
github.com/ace-platform/matching-engine/internal/server/server.go:44.85,45.28 1 1
github.com/ace-platform/matching-engine/internal/server/server.go:45.28,47.3 1 1
github.com/ace-platform/matching-engine/internal/server/server.go:48.2,48.25 1 1
github.com/ace-platform/matching-engine/internal/server/server.go:48.25,50.3 1 1
github.com/ace-platform/matching-engine/internal/server/server.go:51.2,51.23 1 1
github.com/ace-platform/matching-engine/internal/server/server.go:51.23,53.3 1 1
github.com/ace-platform/matching-engine/internal/server/server.go:55.2,56.16 2 1
github.com/ace-platform/matching-engine/internal/server/server.go:56.16,58.3 1 1
github.com/ace-platform/matching-engine/internal/server/server.go:59.2,60.16 2 1
github.com/ace-platform/matching-engine/internal/server/server.go:60.16,62.3 1 0
github.com/ace-platform/matching-engine/internal/server/server.go:64.2,80.16 3 1
github.com/ace-platform/matching-engine/internal/server/server.go:80.16,82.3 1 0
github.com/ace-platform/matching-engine/internal/server/server.go:85.2,85.38 1 1
github.com/ace-platform/matching-engine/internal/server/server.go:85.38,86.62 1 1
github.com/ace-platform/matching-engine/internal/server/server.go:86.62,88.4 1 0
github.com/ace-platform/matching-engine/internal/server/server.go:92.2,92.38 1 1
github.com/ace-platform/matching-engine/internal/server/server.go:92.38,94.3 1 1
github.com/ace-platform/matching-engine/internal/server/server.go:95.2,95.77 1 0
github.com/ace-platform/matching-engine/internal/server/server.go:99.102,100.24 1 1
github.com/ace-platform/matching-engine/internal/server/server.go:100.24,102.3 1 1
github.com/ace-platform/matching-engine/internal/server/server.go:103.2,103.19 1 1
github.com/ace-platform/matching-engine/internal/server/server.go:103.19,105.3 1 1
github.com/ace-platform/matching-engine/internal/server/server.go:106.2,106.52 1 1
github.com/ace-platform/matching-engine/internal/server/server.go:110.109,111.24 1 1
github.com/ace-platform/matching-engine/internal/server/server.go:111.24,113.3 1 0
github.com/ace-platform/matching-engine/internal/server/server.go:114.2,114.21 1 1
github.com/ace-platform/matching-engine/internal/server/server.go:114.21,116.3 1 0
github.com/ace-platform/matching-engine/internal/server/server.go:117.2,117.58 1 1
github.com/ace-platform/matching-engine/internal/server/server.go:121.127,122.24 1 1
github.com/ace-platform/matching-engine/internal/server/server.go:122.24,124.3 1 0
github.com/ace-platform/matching-engine/internal/server/server.go:126.2,127.16 2 1
github.com/ace-platform/matching-engine/internal/server/server.go:127.16,129.3 1 0
github.com/ace-platform/matching-engine/internal/server/server.go:131.2,132.16 2 1
github.com/ace-platform/matching-engine/internal/server/server.go:132.16,134.3 1 0
github.com/ace-platform/matching-engine/internal/server/server.go:137.2,137.38 1 1
github.com/ace-platform/matching-engine/internal/server/server.go:137.38,138.62 1 0
github.com/ace-platform/matching-engine/internal/server/server.go:138.62,140.4 1 0
github.com/ace-platform/matching-engine/internal/server/server.go:143.2,143.38 1 1
github.com/ace-platform/matching-engine/internal/server/server.go:143.38,145.3 1 1
github.com/ace-platform/matching-engine/internal/server/server.go:146.2,146.77 1 0
github.com/ace-platform/matching-engine/internal/server/server.go:150.79,152.2 1 0
github.com/ace-platform/matching-engine/internal/server/server.go:155.102,157.16 2 1
github.com/ace-platform/matching-engine/internal/server/server.go:157.16,159.3 1 0
github.com/ace-platform/matching-engine/internal/server/server.go:161.2,161.16 1 1
github.com/ace-platform/matching-engine/internal/server/server.go:161.16,163.3 1 0
github.com/ace-platform/matching-engine/internal/server/server.go:165.2,171.41 2 1
github.com/ace-platform/matching-engine/internal/server/server.go:171.41,172.25 1 1
github.com/ace-platform/matching-engine/internal/server/server.go:172.25,173.9 1 0
github.com/ace-platform/matching-engine/internal/server/server.go:175.3,179.5 1 1
github.com/ace-platform/matching-engine/internal/server/server.go:182.2,182.41 1 1
github.com/ace-platform/matching-engine/internal/server/server.go:182.41,183.25 1 1
github.com/ace-platform/matching-engine/internal/server/server.go:183.25,184.9 1 0
github.com/ace-platform/matching-engine/internal/server/server.go:186.3,190.5 1 1
github.com/ace-platform/matching-engine/internal/server/server.go:193.2,193.18 1 1
github.com/ace-platform/matching-engine/internal/server/server.go:197.73,199.9 2 1
github.com/ace-platform/matching-engine/internal/server/server.go:199.9,201.3 1 1
github.com/ace-platform/matching-engine/internal/server/server.go:202.2,202.19 1 1
github.com/ace-platform/matching-engine/internal/server/server.go:206.64,208.2 1 1
github.com/ace-platform/matching-engine/internal/server/server.go:211.29,213.2 1 1
github.com/ace-platform/matching-engine/internal/server/server.go:216.33,218.2 1 1
github.com/ace-platform/matching-engine/internal/server/server.go:221.44,223.74 2 0
github.com/ace-platform/matching-engine/internal/server/server.go:223.74,226.3 2 0
github.com/ace-platform/matching-engine/internal/server/server.go:227.2,227.73 1 0
github.com/ace-platform/matching-engine/internal/server/server.go:227.73,228.18 1 0
github.com/ace-platform/matching-engine/internal/server/server.go:228.18,231.4 2 0
github.com/ace-platform/matching-engine/internal/server/server.go:231.9,234.4 2 0
github.com/ace-platform/matching-engine/internal/server/server.go:237.2,239.39 3 0
github.com/ace-platform/matching-engine/internal/server/server.go:243.36,245.2 1 0
github.com/ace-platform/matching-engine/internal/server/server.go:249.53,253.2 3 0
github.com/ace-platform/matching-engine/internal/server/server.go:293.34,293.47 1 0
github.com/ace-platform/matching-engine/internal/kafka/config.go:27.37,29.58 2 0
github.com/ace-platform/matching-engine/internal/kafka/config.go:29.58,31.3 1 0
github.com/ace-platform/matching-engine/internal/kafka/config.go:32.2,32.50 1 0
github.com/ace-platform/matching-engine/internal/kafka/config.go:32.50,33.44 1 0
github.com/ace-platform/matching-engine/internal/kafka/config.go:33.44,35.4 1 0
github.com/ace-platform/matching-engine/internal/kafka/config.go:37.2,37.55 1 0
github.com/ace-platform/matching-engine/internal/kafka/config.go:37.55,38.44 1 0
github.com/ace-platform/matching-engine/internal/kafka/config.go:38.44,40.4 1 0
github.com/ace-platform/matching-engine/internal/kafka/config.go:42.2,42.12 1 0
github.com/ace-platform/matching-engine/internal/kafka/config.go:48.59,50.58 2 0
github.com/ace-platform/matching-engine/internal/kafka/config.go:50.58,52.3 1 0
github.com/ace-platform/matching-engine/internal/kafka/config.go:53.2,53.50 1 0
github.com/ace-platform/matching-engine/internal/kafka/config.go:53.50,54.44 1 0
github.com/ace-platform/matching-engine/internal/kafka/config.go:54.44,56.4 1 0
github.com/ace-platform/matching-engine/internal/kafka/config.go:58.2,58.55 1 0
github.com/ace-platform/matching-engine/internal/kafka/config.go:58.55,59.44 1 0
github.com/ace-platform/matching-engine/internal/kafka/config.go:59.44,61.4 1 0
github.com/ace-platform/matching-engine/internal/kafka/config.go:63.2,63.54 1 0
github.com/ace-platform/matching-engine/internal/kafka/config.go:63.54,64.44 1 0
github.com/ace-platform/matching-engine/internal/kafka/config.go:64.44,66.4 1 0
github.com/ace-platform/matching-engine/internal/kafka/config.go:68.2,68.12 1 0
github.com/ace-platform/matching-engine/internal/kafka/consumer.go:35.59,43.2 1 1
github.com/ace-platform/matching-engine/internal/kafka/consumer.go:57.84,65.2 1 1
github.com/ace-platform/matching-engine/internal/kafka/consumer.go:68.68,72.2 3 1
github.com/ace-platform/matching-engine/internal/kafka/consumer.go:75.69,79.2 3 1
github.com/ace-platform/matching-engine/internal/kafka/consumer.go:82.60,86.31 4 1
github.com/ace-platform/matching-engine/internal/kafka/consumer.go:86.31,87.33 1 1
github.com/ace-platform/matching-engine/internal/kafka/consumer.go:87.33,90.4 2 1
github.com/ace-platform/matching-engine/internal/kafka/consumer.go:92.2,95.32 3 1
github.com/ace-platform/matching-engine/internal/kafka/consumer.go:95.32,97.51 2 1
github.com/ace-platform/matching-engine/internal/kafka/consumer.go:97.51,100.4 2 1
github.com/ace-platform/matching-engine/internal/kafka/consumer.go:102.2,103.12 2 1
github.com/ace-platform/matching-engine/internal/kafka/consumer.go:106.111,107.6 1 1
github.com/ace-platform/matching-engine/internal/kafka/consumer.go:107.6,108.10 1 1
github.com/ace-platform/matching-engine/internal/kafka/consumer.go:109.21,110.10 1 1
github.com/ace-platform/matching-engine/internal/kafka/consumer.go:111.25,112.11 1 1
github.com/ace-platform/matching-engine/internal/kafka/consumer.go:112.11,114.5 1 1
github.com/ace-platform/matching-engine/internal/kafka/consumer.go:115.4,115.45 1 1
github.com/ace-platform/matching-engine/internal/kafka/consumer.go:120.105,122.58 2 1
github.com/ace-platform/matching-engine/internal/kafka/consumer.go:122.58,126.3 3 1
github.com/ace-platform/matching-engine/internal/kafka/consumer.go:129.2,130.30 2 1
github.com/ace-platform/matching-engine/internal/kafka/consumer.go:130.30,133.3 2 1
github.com/ace-platform/matching-engine/internal/kafka/consumer.go:134.2,137.62 3 1
github.com/ace-platform/matching-engine/internal/kafka/consumer.go:137.62,138.18 1 1
github.com/ace-platform/matching-engine/internal/kafka/consumer.go:138.18,140.4 1 1
github.com/ace-platform/matching-engine/internal/kafka/consumer.go:141.3,141.45 1 1
github.com/ace-platform/matching-engine/internal/kafka/consumer.go:141.45,143.12 2 1
github.com/ace-platform/matching-engine/internal/kafka/consumer.go:146.3,148.51 3 1
github.com/ace-platform/matching-engine/internal/kafka/consumer.go:148.51,150.4 1 1
github.com/ace-platform/matching-engine/internal/kafka/consumer.go:151.3,152.9 2 1
github.com/ace-platform/matching-engine/internal/kafka/consumer.go:155.2,156.34 2 1
github.com/ace-platform/matching-engine/internal/kafka/consumer.go:159.74,160.26 1 1
github.com/ace-platform/matching-engine/internal/kafka/consumer.go:160.26,162.3 1 0
github.com/ace-platform/matching-engine/internal/kafka/consumer.go:163.2,171.19 3 1
github.com/ace-platform/matching-engine/internal/kafka/consumer.go:171.19,173.3 1 1
github.com/ace-platform/matching-engine/internal/kafka/consumer.go:176.41,180.32 3 1
github.com/ace-platform/matching-engine/internal/kafka/consumer.go:180.32,181.20 1 1
github.com/ace-platform/matching-engine/internal/kafka/consumer.go:181.20,182.9 1 1
github.com/ace-platform/matching-engine/internal/kafka/consumer.go:184.3,185.10 2 1
github.com/ace-platform/matching-engine/internal/kafka/consumer.go:190.41,195.2 4 1
github.com/ace-platform/matching-engine/internal/kafka/consumer.go:198.48,202.2 3 1
github.com/ace-platform/matching-engine/internal/kafka/consumer.go:205.46,206.43 1 1
github.com/ace-platform/matching-engine/internal/kafka/consumer.go:206.43,208.3 1 1
github.com/ace-platform/matching-engine/internal/kafka/consumer.go:209.2,209.14 1 1
github.com/ace-platform/matching-engine/internal/kafka/event.go:23.93,25.16 2 1
github.com/ace-platform/matching-engine/internal/kafka/event.go:25.16,27.3 1 0
github.com/ace-platform/matching-engine/internal/kafka/event.go:28.2,29.16 2 1
github.com/ace-platform/matching-engine/internal/kafka/event.go:29.16,31.3 1 0
github.com/ace-platform/matching-engine/internal/kafka/event.go:32.2,40.8 1 1
github.com/ace-platform/matching-engine/internal/kafka/event.go:53.37,55.45 2 1
github.com/ace-platform/matching-engine/internal/kafka/event.go:55.45,57.3 1 0
github.com/ace-platform/matching-engine/internal/kafka/event.go:58.2,61.60 3 1
github.com/ace-platform/matching-engine/internal/kafka/producer.go:27.45,34.2 1 1
github.com/ace-platform/matching-engine/internal/kafka/producer.go:48.62,53.2 1 1
github.com/ace-platform/matching-engine/internal/kafka/producer.go:56.80,62.2 5 1
github.com/ace-platform/matching-engine/internal/kafka/producer.go:66.90,70.2 3 1
github.com/ace-platform/matching-engine/internal/kafka/producer.go:73.74,75.14 2 1
github.com/ace-platform/matching-engine/internal/kafka/producer.go:75.14,78.3 2 1
github.com/ace-platform/matching-engine/internal/kafka/producer.go:79.2,85.57 6 1
github.com/ace-platform/matching-engine/internal/kafka/producer.go:85.57,86.18 1 1
github.com/ace-platform/matching-engine/internal/kafka/producer.go:86.18,88.4 1 1
github.com/ace-platform/matching-engine/internal/kafka/producer.go:90.3,90.18 1 1
github.com/ace-platform/matching-engine/internal/kafka/producer.go:90.18,91.50 1 1
github.com/ace-platform/matching-engine/internal/kafka/producer.go:91.50,93.13 2 1
github.com/ace-platform/matching-engine/internal/kafka/producer.go:97.3,98.17 2 1
github.com/ace-platform/matching-engine/internal/kafka/producer.go:98.17,100.4 1 1
github.com/ace-platform/matching-engine/internal/kafka/producer.go:102.3,108.16 2 1
github.com/ace-platform/matching-engine/internal/kafka/producer.go:108.16,109.11 1 1
github.com/ace-platform/matching-engine/internal/kafka/producer.go:110.19,110.19 0 1
github.com/ace-platform/matching-engine/internal/kafka/producer.go:111.12,113.13 2 1
github.com/ace-platform/matching-engine/internal/kafka/producer.go:116.3,116.13 1 1
github.com/ace-platform/matching-engine/internal/kafka/producer.go:118.2,118.112 1 1
github.com/ace-platform/matching-engine/internal/kafka/producer.go:122.41,126.30 4 1
github.com/ace-platform/matching-engine/internal/kafka/producer.go:126.30,128.3 1 0
github.com/ace-platform/matching-engine/internal/kafka/producer.go:129.2,129.12 1 1
github.com/ace-platform/matching-engine/internal/kafka/producer.go:133.58,137.15 4 1
github.com/ace-platform/matching-engine/internal/kafka/producer.go:137.15,139.3 1 1
github.com/ace-platform/matching-engine/internal/kafka/producer.go:140.2,141.6 2 1
github.com/ace-platform/matching-engine/internal/kafka/producer.go:141.6,142.10 1 1
github.com/ace-platform/matching-engine/internal/kafka/producer.go:143.22,144.11 1 1
github.com/ace-platform/matching-engine/internal/kafka/producer.go:144.11,146.5 1 0
github.com/ace-platform/matching-engine/internal/kafka/producer.go:147.4,147.26 1 1
github.com/ace-platform/matching-engine/internal/kafka/producer.go:148.11,149.15 1 1
github.com/ace-platform/matching-engine/internal/kafka/wiring.go:28.60,32.2 3 1
github.com/ace-platform/matching-engine/internal/kafka/wiring.go:35.97,37.16 2 1
github.com/ace-platform/matching-engine/internal/kafka/wiring.go:37.16,39.3 1 0
github.com/ace-platform/matching-engine/internal/kafka/wiring.go:40.2,40.66 1 1
github.com/ace-platform/matching-engine/internal/store/tradestore.go:29.50,33.2 1 1
github.com/ace-platform/matching-engine/internal/store/tradestore.go:35.62,40.2 4 1
github.com/ace-platform/matching-engine/internal/store/tradestore.go:42.72,49.2 6 1
github.com/ace-platform/matching-engine/internal/store/tradestore.go:51.104,55.43 4 1
github.com/ace-platform/matching-engine/internal/store/tradestore.go:55.43,56.39 1 1
github.com/ace-platform/matching-engine/internal/store/tradestore.go:56.39,58.4 1 1
github.com/ace-platform/matching-engine/internal/store/tradestore.go:60.2,60.15 1 1
github.com/ace-platform/matching-engine/internal/store/tradestore.go:63.81,67.22 4 1
github.com/ace-platform/matching-engine/internal/store/tradestore.go:67.22,69.3 1 1
github.com/ace-platform/matching-engine/internal/store/tradestore.go:70.2,70.36 1 1
github.com/ace-platform/matching-engine/internal/store/tradestore.go:73.59,77.2 3 0
github.com/ace-platform/matching-engine/internal/types/decimal.go:20.56,22.2 1 0
github.com/ace-platform/matching-engine/internal/types/decimal.go:25.38,27.2 1 1
github.com/ace-platform/matching-engine/internal/types/decimal.go:30.28,32.2 1 1
github.com/ace-platform/matching-engine/internal/types/decimal.go:35.40,37.2 1 0
github.com/ace-platform/matching-engine/internal/types/decimal.go:40.46,42.13 2 1
github.com/ace-platform/matching-engine/internal/types/decimal.go:42.13,44.3 1 1
github.com/ace-platform/matching-engine/internal/types/decimal.go:46.2,47.31 2 1
github.com/ace-platform/matching-engine/internal/types/decimal.go:47.31,50.3 2 1
github.com/ace-platform/matching-engine/internal/types/decimal.go:52.2,54.16 3 1
github.com/ace-platform/matching-engine/internal/types/decimal.go:54.16,56.3 1 0
github.com/ace-platform/matching-engine/internal/types/decimal.go:58.2,59.21 2 1
github.com/ace-platform/matching-engine/internal/types/decimal.go:59.21,62.23 2 1
github.com/ace-platform/matching-engine/internal/types/decimal.go:62.23,64.4 1 0
github.com/ace-platform/matching-engine/internal/types/decimal.go:65.3,65.24 1 1
github.com/ace-platform/matching-engine/internal/types/decimal.go:65.24,67.4 1 1
github.com/ace-platform/matching-engine/internal/types/decimal.go:68.3,69.17 2 1
github.com/ace-platform/matching-engine/internal/types/decimal.go:69.17,71.4 1 0
github.com/ace-platform/matching-engine/internal/types/decimal.go:74.2,75.14 2 1
github.com/ace-platform/matching-engine/internal/types/decimal.go:75.14,77.3 1 1
github.com/ace-platform/matching-engine/internal/types/decimal.go:78.2,78.33 1 1
github.com/ace-platform/matching-engine/internal/types/decimal.go:82.30,84.2 1 0
github.com/ace-platform/matching-engine/internal/types/decimal.go:87.32,89.2 1 0
github.com/ace-platform/matching-engine/internal/types/decimal.go:92.41,93.27 1 1
github.com/ace-platform/matching-engine/internal/types/decimal.go:93.27,95.3 1 1
github.com/ace-platform/matching-engine/internal/types/decimal.go:96.2,96.27 1 1
github.com/ace-platform/matching-engine/internal/types/decimal.go:96.27,98.3 1 1
github.com/ace-platform/matching-engine/internal/types/decimal.go:99.2,99.10 1 1
github.com/ace-platform/matching-engine/internal/types/decimal.go:103.47,105.2 1 1
github.com/ace-platform/matching-engine/internal/types/decimal.go:108.50,110.2 1 1
github.com/ace-platform/matching-engine/internal/types/decimal.go:113.44,115.2 1 1
github.com/ace-platform/matching-engine/internal/types/decimal.go:118.57,120.2 1 0
github.com/ace-platform/matching-engine/internal/types/decimal.go:123.54,125.2 1 0
github.com/ace-platform/matching-engine/internal/types/decimal.go:129.48,131.2 1 1
github.com/ace-platform/matching-engine/internal/types/decimal.go:134.34,137.14 3 1
github.com/ace-platform/matching-engine/internal/types/decimal.go:137.14,139.3 1 1
github.com/ace-platform/matching-engine/internal/types/decimal.go:140.2,144.14 4 1
github.com/ace-platform/matching-engine/internal/types/decimal.go:144.14,146.3 1 1
github.com/ace-platform/matching-engine/internal/types/decimal.go:148.2,148.19 1 1
github.com/ace-platform/matching-engine/internal/types/decimal.go:148.19,150.3 1 1
github.com/ace-platform/matching-engine/internal/types/decimal.go:152.2,154.55 3 1
github.com/ace-platform/matching-engine/internal/types/decimal.go:158.32,159.17 1 0
github.com/ace-platform/matching-engine/internal/types/decimal.go:159.17,161.3 1 0
github.com/ace-platform/matching-engine/internal/types/decimal.go:162.2,162.10 1 0
github.com/ace-platform/matching-engine/internal/types/decimal.go:166.45,168.2 1 0
github.com/ace-platform/matching-engine/internal/types/order.go:16.31,17.11 1 0
github.com/ace-platform/matching-engine/internal/types/order.go:18.15,19.15 1 0
github.com/ace-platform/matching-engine/internal/types/order.go:20.16,21.16 1 0
github.com/ace-platform/matching-engine/internal/types/order.go:22.10,23.23 1 0
github.com/ace-platform/matching-engine/internal/types/order.go:28.31,29.18 1 0
github.com/ace-platform/matching-engine/internal/types/order.go:29.18,31.3 1 0
github.com/ace-platform/matching-engine/internal/types/order.go:32.2,32.16 1 0
github.com/ace-platform/matching-engine/internal/types/order.go:72.38,73.11 1 0
github.com/ace-platform/matching-engine/internal/types/order.go:74.22,75.15 1 0
github.com/ace-platform/matching-engine/internal/types/order.go:76.34,77.28 1 0
github.com/ace-platform/matching-engine/internal/types/order.go:78.25,79.18 1 0
github.com/ace-platform/matching-engine/internal/types/order.go:80.28,81.21 1 0
github.com/ace-platform/matching-engine/internal/types/order.go:82.27,83.20 1 0
github.com/ace-platform/matching-engine/internal/types/order.go:84.26,85.19 1 0
github.com/ace-platform/matching-engine/internal/types/order.go:86.10,87.23 1 0
github.com/ace-platform/matching-engine/internal/types/order.go:158.33,160.2 1 0
github.com/ace-platform/matching-engine/internal/types/order.go:163.34,166.25 3 0
github.com/ace-platform/matching-engine/internal/types/order.go:166.25,168.3 1 0
github.com/ace-platform/matching-engine/internal/types/order.go:168.8,170.3 1 0
