mode: set
github.com/ace-platform/warehouse-service/cmd/warehouse-service/main.go:14.13,23.12 6 0
github.com/ace-platform/warehouse-service/cmd/warehouse-service/main.go:23.12,24.49 1 0
github.com/ace-platform/warehouse-service/cmd/warehouse-service/main.go:24.49,26.4 1 0
github.com/ace-platform/warehouse-service/cmd/warehouse-service/main.go:30.2,31.16 2 0
github.com/ace-platform/warehouse-service/cmd/warehouse-service/main.go:31.16,33.3 1 0
github.com/ace-platform/warehouse-service/cmd/warehouse-service/main.go:35.2,44.13 7 0
github.com/ace-platform/warehouse-service/internal/server/config.go:17.29,24.2 1 1
github.com/ace-platform/warehouse-service/internal/server/config.go:27.29,30.42 2 1
github.com/ace-platform/warehouse-service/internal/server/config.go:30.42,31.47 1 1
github.com/ace-platform/warehouse-service/internal/server/config.go:31.47,33.4 1 1
github.com/ace-platform/warehouse-service/internal/server/config.go:35.2,35.44 1 1
github.com/ace-platform/warehouse-service/internal/server/config.go:35.44,36.47 1 1
github.com/ace-platform/warehouse-service/internal/server/config.go:36.47,38.4 1 1
github.com/ace-platform/warehouse-service/internal/server/config.go:40.2,40.45 1 1
github.com/ace-platform/warehouse-service/internal/server/config.go:40.45,42.3 1 1
github.com/ace-platform/warehouse-service/internal/server/config.go:43.2,43.54 1 1
github.com/ace-platform/warehouse-service/internal/server/config.go:43.54,45.3 1 0
github.com/ace-platform/warehouse-service/internal/server/config.go:46.2,46.12 1 1
github.com/ace-platform/warehouse-service/internal/server/server.go:21.67,26.2 1 1
github.com/ace-platform/warehouse-service/internal/server/server.go:29.54,31.2 1 0
github.com/ace-platform/warehouse-service/internal/server/server.go:34.29,36.2 1 1
github.com/ace-platform/warehouse-service/internal/server/server.go:39.33,41.2 1 1
github.com/ace-platform/warehouse-service/internal/server/server.go:44.44,46.74 2 0
github.com/ace-platform/warehouse-service/internal/server/server.go:46.74,49.3 2 0
github.com/ace-platform/warehouse-service/internal/server/server.go:50.2,50.73 1 0
github.com/ace-platform/warehouse-service/internal/server/server.go:50.73,51.18 1 0
github.com/ace-platform/warehouse-service/internal/server/server.go:51.18,54.4 2 0
github.com/ace-platform/warehouse-service/internal/server/server.go:54.9,57.4 2 0
github.com/ace-platform/warehouse-service/internal/server/server.go:60.2,62.39 3 0
github.com/ace-platform/warehouse-service/internal/server/server.go:66.36,68.2 1 1
github.com/ace-platform/warehouse-service/internal/server/server.go:71.53,75.2 3 0
github.com/ace-platform/warehouse-service/internal/service/service.go:16.44,18.2 1 1
github.com/ace-platform/warehouse-service/internal/service/service.go:22.101,23.28 1 1
github.com/ace-platform/warehouse-service/internal/service/service.go:23.28,25.3 1 1
github.com/ace-platform/warehouse-service/internal/service/service.go:26.2,26.20 1 1
github.com/ace-platform/warehouse-service/internal/service/service.go:26.20,28.3 1 1
github.com/ace-platform/warehouse-service/internal/service/service.go:29.2,29.26 1 1
github.com/ace-platform/warehouse-service/internal/service/service.go:29.26,31.3 1 1
github.com/ace-platform/warehouse-service/internal/service/service.go:32.2,32.22 1 1
github.com/ace-platform/warehouse-service/internal/service/service.go:32.22,34.3 1 1
github.com/ace-platform/warehouse-service/internal/service/service.go:36.2,37.16 2 1
github.com/ace-platform/warehouse-service/internal/service/service.go:37.16,39.3 1 0
github.com/ace-platform/warehouse-service/internal/service/service.go:40.2,40.33 1 1
github.com/ace-platform/warehouse-service/internal/service/service.go:40.33,42.3 1 1
github.com/ace-platform/warehouse-service/internal/service/service.go:44.2,45.16 2 1
github.com/ace-platform/warehouse-service/internal/service/service.go:45.16,47.3 1 1
github.com/ace-platform/warehouse-service/internal/service/service.go:49.2,64.52 2 1
github.com/ace-platform/warehouse-service/internal/service/service.go:64.52,66.3 1 1
github.com/ace-platform/warehouse-service/internal/service/service.go:67.2,67.15 1 1
github.com/ace-platform/warehouse-service/internal/service/service.go:70.97,71.26 1 1
github.com/ace-platform/warehouse-service/internal/service/service.go:71.26,73.3 1 0
github.com/ace-platform/warehouse-service/internal/service/service.go:74.2,75.16 2 1
github.com/ace-platform/warehouse-service/internal/service/service.go:75.16,77.3 1 0
github.com/ace-platform/warehouse-service/internal/service/service.go:78.2,78.20 1 1
github.com/ace-platform/warehouse-service/internal/service/service.go:78.20,80.3 1 1
github.com/ace-platform/warehouse-service/internal/service/service.go:81.2,81.29 1 1
github.com/ace-platform/warehouse-service/internal/service/service.go:81.29,83.3 1 0
github.com/ace-platform/warehouse-service/internal/service/service.go:84.2,84.29 1 1
github.com/ace-platform/warehouse-service/internal/service/service.go:84.29,86.3 1 0
github.com/ace-platform/warehouse-service/internal/service/service.go:87.2,87.23 1 1
github.com/ace-platform/warehouse-service/internal/service/service.go:87.23,89.3 1 0
github.com/ace-platform/warehouse-service/internal/service/service.go:90.2,90.29 1 1
github.com/ace-platform/warehouse-service/internal/service/service.go:90.29,92.17 2 0
github.com/ace-platform/warehouse-service/internal/service/service.go:92.17,94.4 1 0
github.com/ace-platform/warehouse-service/internal/service/service.go:95.3,95.24 1 0
github.com/ace-platform/warehouse-service/internal/service/service.go:97.2,97.22 1 1
github.com/ace-platform/warehouse-service/internal/service/service.go:97.22,99.3 1 1
github.com/ace-platform/warehouse-service/internal/service/service.go:100.2,100.37 1 1
github.com/ace-platform/warehouse-service/internal/service/service.go:100.37,102.3 1 0
github.com/ace-platform/warehouse-service/internal/service/service.go:103.2,103.52 1 1
github.com/ace-platform/warehouse-service/internal/service/service.go:103.52,105.3 1 0
github.com/ace-platform/warehouse-service/internal/service/service.go:106.2,106.15 1 1
github.com/ace-platform/warehouse-service/internal/service/service.go:109.86,110.22 1 0
github.com/ace-platform/warehouse-service/internal/service/service.go:110.22,112.3 1 0
github.com/ace-platform/warehouse-service/internal/service/service.go:113.2,113.42 1 0
github.com/ace-platform/warehouse-service/internal/service/service.go:116.107,118.2 1 1
github.com/ace-platform/warehouse-service/internal/service/service.go:122.107,123.26 1 1
github.com/ace-platform/warehouse-service/internal/service/service.go:123.26,125.3 1 0
github.com/ace-platform/warehouse-service/internal/service/service.go:126.2,126.27 1 1
github.com/ace-platform/warehouse-service/internal/service/service.go:126.27,128.3 1 0
github.com/ace-platform/warehouse-service/internal/service/service.go:129.2,129.25 1 1
github.com/ace-platform/warehouse-service/internal/service/service.go:129.25,131.3 1 0
github.com/ace-platform/warehouse-service/internal/service/service.go:132.2,132.27 1 1
github.com/ace-platform/warehouse-service/internal/service/service.go:132.27,134.3 1 0
github.com/ace-platform/warehouse-service/internal/service/service.go:135.2,135.29 1 1
github.com/ace-platform/warehouse-service/internal/service/service.go:135.29,137.3 1 0
github.com/ace-platform/warehouse-service/internal/service/service.go:139.2,140.20 2 1
github.com/ace-platform/warehouse-service/internal/service/service.go:140.20,142.3 1 1
github.com/ace-platform/warehouse-service/internal/service/service.go:144.2,153.57 2 1
github.com/ace-platform/warehouse-service/internal/service/service.go:153.57,155.3 1 0
github.com/ace-platform/warehouse-service/internal/service/service.go:156.2,156.18 1 1
github.com/ace-platform/warehouse-service/internal/service/service.go:159.115,160.28 1 1
github.com/ace-platform/warehouse-service/internal/service/service.go:160.28,162.3 1 0
github.com/ace-platform/warehouse-service/internal/service/service.go:164.2,165.16 2 1
github.com/ace-platform/warehouse-service/internal/service/service.go:165.16,167.3 1 0
github.com/ace-platform/warehouse-service/internal/service/service.go:168.2,168.103 1 1
github.com/ace-platform/warehouse-service/internal/service/service.go:168.103,170.3 1 1
github.com/ace-platform/warehouse-service/internal/service/service.go:172.2,191.16 18 1
github.com/ace-platform/warehouse-service/internal/service/service.go:191.16,193.3 1 1
github.com/ace-platform/warehouse-service/internal/service/service.go:193.8,195.3 1 1
github.com/ace-platform/warehouse-service/internal/service/service.go:197.2,197.57 1 1
github.com/ace-platform/warehouse-service/internal/service/service.go:197.57,199.3 1 0
github.com/ace-platform/warehouse-service/internal/service/service.go:200.2,200.18 1 1
github.com/ace-platform/warehouse-service/internal/service/service.go:203.92,204.24 1 0
github.com/ace-platform/warehouse-service/internal/service/service.go:204.24,206.3 1 0
github.com/ace-platform/warehouse-service/internal/service/service.go:207.2,207.46 1 0
github.com/ace-platform/warehouse-service/internal/service/service.go:212.92,213.26 1 1
github.com/ace-platform/warehouse-service/internal/service/service.go:213.26,215.3 1 0
github.com/ace-platform/warehouse-service/internal/service/service.go:216.2,216.24 1 1
github.com/ace-platform/warehouse-service/internal/service/service.go:216.24,218.3 1 0
github.com/ace-platform/warehouse-service/internal/service/service.go:219.2,219.27 1 1
github.com/ace-platform/warehouse-service/internal/service/service.go:219.27,221.3 1 0
github.com/ace-platform/warehouse-service/internal/service/service.go:222.2,222.25 1 1
github.com/ace-platform/warehouse-service/internal/service/service.go:222.25,224.3 1 0
github.com/ace-platform/warehouse-service/internal/service/service.go:225.2,225.28 1 1
github.com/ace-platform/warehouse-service/internal/service/service.go:225.28,227.3 1 1
github.com/ace-platform/warehouse-service/internal/service/service.go:230.2,231.16 2 1
github.com/ace-platform/warehouse-service/internal/service/service.go:231.16,233.3 1 0
github.com/ace-platform/warehouse-service/internal/service/service.go:234.2,234.49 1 1
github.com/ace-platform/warehouse-service/internal/service/service.go:234.49,236.3 1 1
github.com/ace-platform/warehouse-service/internal/service/service.go:238.2,239.16 2 1
github.com/ace-platform/warehouse-service/internal/service/service.go:239.16,241.3 1 0
github.com/ace-platform/warehouse-service/internal/service/service.go:242.2,242.33 1 1
github.com/ace-platform/warehouse-service/internal/service/service.go:242.33,244.3 1 0
github.com/ace-platform/warehouse-service/internal/service/service.go:246.2,247.29 2 1
github.com/ace-platform/warehouse-service/internal/service/service.go:247.29,249.17 2 0
github.com/ace-platform/warehouse-service/internal/service/service.go:249.17,251.4 1 0
github.com/ace-platform/warehouse-service/internal/service/service.go:254.2,255.16 2 1
github.com/ace-platform/warehouse-service/internal/service/service.go:255.16,257.3 1 1
github.com/ace-platform/warehouse-service/internal/service/service.go:259.2,260.17 2 1
github.com/ace-platform/warehouse-service/internal/service/service.go:260.17,262.3 1 1
github.com/ace-platform/warehouse-service/internal/service/service.go:264.2,278.51 2 1
github.com/ace-platform/warehouse-service/internal/service/service.go:278.51,280.3 1 1
github.com/ace-platform/warehouse-service/internal/service/service.go:281.2,281.15 1 1
github.com/ace-platform/warehouse-service/internal/service/service.go:284.101,285.21 1 1
github.com/ace-platform/warehouse-service/internal/service/service.go:285.21,287.3 1 0
github.com/ace-platform/warehouse-service/internal/service/service.go:288.2,288.23 1 1
github.com/ace-platform/warehouse-service/internal/service/service.go:288.23,290.3 1 0
github.com/ace-platform/warehouse-service/internal/service/service.go:291.2,291.58 1 1
github.com/ace-platform/warehouse-service/internal/service/service.go:294.94,295.21 1 1
github.com/ace-platform/warehouse-service/internal/service/service.go:295.21,297.3 1 0
github.com/ace-platform/warehouse-service/internal/service/service.go:298.2,298.51 1 1
github.com/ace-platform/warehouse-service/internal/service/service.go:301.83,302.21 1 1
github.com/ace-platform/warehouse-service/internal/service/service.go:302.21,304.3 1 0
github.com/ace-platform/warehouse-service/internal/service/service.go:305.2,305.40 1 1
github.com/ace-platform/warehouse-service/internal/service/service.go:308.130,310.2 1 1
github.com/ace-platform/warehouse-service/internal/service/service.go:312.104,313.21 1 1
github.com/ace-platform/warehouse-service/internal/service/service.go:313.21,315.3 1 0
github.com/ace-platform/warehouse-service/internal/service/service.go:316.2,316.28 1 1
github.com/ace-platform/warehouse-service/internal/service/service.go:316.28,318.3 1 0
github.com/ace-platform/warehouse-service/internal/service/service.go:319.2,319.61 1 1
github.com/ace-platform/warehouse-service/internal/service/service.go:322.105,323.21 1 1
github.com/ace-platform/warehouse-service/internal/service/service.go:323.21,325.3 1 0
github.com/ace-platform/warehouse-service/internal/service/service.go:326.2,326.28 1 1
github.com/ace-platform/warehouse-service/internal/service/service.go:326.28,328.3 1 0
github.com/ace-platform/warehouse-service/internal/service/service.go:329.2,329.62 1 1
github.com/ace-platform/warehouse-service/internal/service/service.go:334.112,335.25 1 1
github.com/ace-platform/warehouse-service/internal/service/service.go:335.25,337.3 1 0
github.com/ace-platform/warehouse-service/internal/service/service.go:338.2,338.28 1 1
github.com/ace-platform/warehouse-service/internal/service/service.go:338.28,340.3 1 0
github.com/ace-platform/warehouse-service/internal/service/service.go:341.2,341.23 1 1
github.com/ace-platform/warehouse-service/internal/service/service.go:341.23,343.3 1 0
github.com/ace-platform/warehouse-service/internal/service/service.go:345.2,346.14 2 1
github.com/ace-platform/warehouse-service/internal/service/service.go:346.14,348.3 1 1
github.com/ace-platform/warehouse-service/internal/service/service.go:350.2,358.52 2 1
github.com/ace-platform/warehouse-service/internal/service/service.go:358.52,360.3 1 1
github.com/ace-platform/warehouse-service/internal/service/service.go:363.2,363.44 1 1
github.com/ace-platform/warehouse-service/internal/service/service.go:366.138,367.22 1 1
github.com/ace-platform/warehouse-service/internal/service/service.go:367.22,369.3 1 0
github.com/ace-platform/warehouse-service/internal/service/service.go:370.2,370.71 1 1
github.com/ace-platform/warehouse-service/internal/service/service.go:373.97,374.22 1 0
github.com/ace-platform/warehouse-service/internal/service/service.go:374.22,376.3 1 0
github.com/ace-platform/warehouse-service/internal/service/service.go:377.2,377.42 1 0
github.com/ace-platform/warehouse-service/internal/service/service.go:380.129,382.2 1 1
github.com/ace-platform/warehouse-service/internal/service/service.go:386.114,388.2 1 1
github.com/ace-platform/warehouse-service/internal/service/service.go:390.102,391.22 1 1
github.com/ace-platform/warehouse-service/internal/service/service.go:391.22,393.3 1 0
github.com/ace-platform/warehouse-service/internal/service/service.go:394.2,394.50 1 1
github.com/ace-platform/warehouse-service/internal/store/store.go:31.24,39.2 1 1
github.com/ace-platform/warehouse-service/internal/store/store.go:41.33,44.2 2 1
github.com/ace-platform/warehouse-service/internal/store/store.go:46.63,48.2 1 1
github.com/ace-platform/warehouse-service/internal/store/store.go:52.57,57.40 3 1
github.com/ace-platform/warehouse-service/internal/store/store.go:57.40,58.46 1 1
github.com/ace-platform/warehouse-service/internal/store/store.go:58.46,60.4 1 1
github.com/ace-platform/warehouse-service/internal/store/store.go:63.2,68.12 6 1
github.com/ace-platform/warehouse-service/internal/store/store.go:71.73,76.9 4 1
github.com/ace-platform/warehouse-service/internal/store/store.go:76.9,78.3 1 1
github.com/ace-platform/warehouse-service/internal/store/store.go:79.2,80.19 2 1
github.com/ace-platform/warehouse-service/internal/store/store.go:83.57,87.46 3 1
github.com/ace-platform/warehouse-service/internal/store/store.go:87.46,89.3 1 0
github.com/ace-platform/warehouse-service/internal/store/store.go:90.2,92.12 3 1
github.com/ace-platform/warehouse-service/internal/store/store.go:95.94,100.33 4 1
github.com/ace-platform/warehouse-service/internal/store/store.go:100.33,101.41 1 1
github.com/ace-platform/warehouse-service/internal/store/store.go:101.41,102.12 1 1
github.com/ace-platform/warehouse-service/internal/store/store.go:104.3,104.41 1 1
github.com/ace-platform/warehouse-service/internal/store/store.go:104.41,105.12 1 0
github.com/ace-platform/warehouse-service/internal/store/store.go:107.3,108.33 2 1
github.com/ace-platform/warehouse-service/internal/store/store.go:110.2,110.15 1 1
github.com/ace-platform/warehouse-service/internal/store/store.go:115.64,119.49 3 1
github.com/ace-platform/warehouse-service/internal/store/store.go:119.49,121.3 1 1
github.com/ace-platform/warehouse-service/internal/store/store.go:123.2,128.12 6 1
github.com/ace-platform/warehouse-service/internal/store/store.go:131.79,136.9 4 1
github.com/ace-platform/warehouse-service/internal/store/store.go:136.9,138.3 1 0
github.com/ace-platform/warehouse-service/internal/store/store.go:139.2,140.19 2 1
github.com/ace-platform/warehouse-service/internal/store/store.go:143.64,147.52 3 0
github.com/ace-platform/warehouse-service/internal/store/store.go:147.52,149.3 1 0
github.com/ace-platform/warehouse-service/internal/store/store.go:150.2,152.12 3 0
github.com/ace-platform/warehouse-service/internal/store/store.go:157.55,163.52 4 1
github.com/ace-platform/warehouse-service/internal/store/store.go:163.52,166.3 1 1
github.com/ace-platform/warehouse-service/internal/store/store.go:169.2,170.9 2 1
github.com/ace-platform/warehouse-service/internal/store/store.go:170.9,172.3 1 0
github.com/ace-platform/warehouse-service/internal/store/store.go:173.2,173.46 1 1
github.com/ace-platform/warehouse-service/internal/store/store.go:173.46,175.3 1 1
github.com/ace-platform/warehouse-service/internal/store/store.go:178.2,180.38 3 1
github.com/ace-platform/warehouse-service/internal/store/store.go:180.38,183.3 1 1
github.com/ace-platform/warehouse-service/internal/store/store.go:185.2,191.26 7 1
github.com/ace-platform/warehouse-service/internal/store/store.go:191.26,193.3 1 1
github.com/ace-platform/warehouse-service/internal/store/store.go:194.2,222.12 6 1
github.com/ace-platform/warehouse-service/internal/store/store.go:225.70,230.9 4 1
github.com/ace-platform/warehouse-service/internal/store/store.go:230.9,232.3 1 0
github.com/ace-platform/warehouse-service/internal/store/store.go:233.2,234.19 2 1
github.com/ace-platform/warehouse-service/internal/store/store.go:237.117,242.31 4 1
github.com/ace-platform/warehouse-service/internal/store/store.go:242.31,243.47 1 1
github.com/ace-platform/warehouse-service/internal/store/store.go:243.47,244.12 1 1
github.com/ace-platform/warehouse-service/internal/store/store.go:246.3,246.53 1 1
github.com/ace-platform/warehouse-service/internal/store/store.go:246.53,247.12 1 0
github.com/ace-platform/warehouse-service/internal/store/store.go:249.3,249.56 1 1
github.com/ace-platform/warehouse-service/internal/store/store.go:249.56,250.12 1 1
github.com/ace-platform/warehouse-service/internal/store/store.go:252.3,252.41 1 1
github.com/ace-platform/warehouse-service/internal/store/store.go:252.41,253.12 1 0
github.com/ace-platform/warehouse-service/internal/store/store.go:255.3,256.33 2 1
github.com/ace-platform/warehouse-service/internal/store/store.go:258.2,258.15 1 1
github.com/ace-platform/warehouse-service/internal/store/store.go:261.88,266.9 4 1
github.com/ace-platform/warehouse-service/internal/store/store.go:266.9,268.3 1 0
github.com/ace-platform/warehouse-service/internal/store/store.go:269.2,269.43 1 1
github.com/ace-platform/warehouse-service/internal/store/store.go:269.43,271.3 1 0
github.com/ace-platform/warehouse-service/internal/store/store.go:273.2,288.19 7 1
github.com/ace-platform/warehouse-service/internal/store/store.go:291.81,296.9 4 1
github.com/ace-platform/warehouse-service/internal/store/store.go:296.9,298.3 1 0
github.com/ace-platform/warehouse-service/internal/store/store.go:299.2,299.43 1 1
github.com/ace-platform/warehouse-service/internal/store/store.go:299.43,301.3 1 0
github.com/ace-platform/warehouse-service/internal/store/store.go:303.2,334.19 9 1
github.com/ace-platform/warehouse-service/internal/store/store.go:337.91,342.9 4 1
github.com/ace-platform/warehouse-service/internal/store/store.go:342.9,344.3 1 0
github.com/ace-platform/warehouse-service/internal/store/store.go:345.2,345.43 1 1
github.com/ace-platform/warehouse-service/internal/store/store.go:345.43,347.3 1 0
github.com/ace-platform/warehouse-service/internal/store/store.go:349.2,363.19 7 1
github.com/ace-platform/warehouse-service/internal/store/store.go:366.92,371.9 4 1
github.com/ace-platform/warehouse-service/internal/store/store.go:371.9,373.3 1 0
github.com/ace-platform/warehouse-service/internal/store/store.go:374.2,374.44 1 1
github.com/ace-platform/warehouse-service/internal/store/store.go:374.44,376.3 1 0
github.com/ace-platform/warehouse-service/internal/store/store.go:377.2,377.37 1 1
github.com/ace-platform/warehouse-service/internal/store/store.go:377.37,379.3 1 0
github.com/ace-platform/warehouse-service/internal/store/store.go:381.2,395.19 7 1
github.com/ace-platform/warehouse-service/internal/store/store.go:400.68,405.9 4 1
github.com/ace-platform/warehouse-service/internal/store/store.go:405.9,407.3 1 0
github.com/ace-platform/warehouse-service/internal/store/store.go:408.2,408.85 1 1
github.com/ace-platform/warehouse-service/internal/store/store.go:408.85,410.3 1 0
github.com/ace-platform/warehouse-service/internal/store/store.go:413.2,434.12 13 1
github.com/ace-platform/warehouse-service/internal/store/store.go:437.84,442.9 4 0
github.com/ace-platform/warehouse-service/internal/store/store.go:442.9,444.3 1 0
github.com/ace-platform/warehouse-service/internal/store/store.go:445.2,446.19 2 0
github.com/ace-platform/warehouse-service/internal/store/store.go:449.116,454.33 4 1
github.com/ace-platform/warehouse-service/internal/store/store.go:454.33,455.47 1 1
github.com/ace-platform/warehouse-service/internal/store/store.go:455.47,456.12 1 0
github.com/ace-platform/warehouse-service/internal/store/store.go:458.3,458.44 1 1
github.com/ace-platform/warehouse-service/internal/store/store.go:458.44,459.12 1 0
github.com/ace-platform/warehouse-service/internal/store/store.go:461.3,461.41 1 1
github.com/ace-platform/warehouse-service/internal/store/store.go:461.41,462.12 1 0
github.com/ace-platform/warehouse-service/internal/store/store.go:464.3,465.33 2 1
github.com/ace-platform/warehouse-service/internal/store/store.go:467.2,467.15 1 1
github.com/ace-platform/warehouse-service/internal/store/store.go:470.125,475.9 4 1
github.com/ace-platform/warehouse-service/internal/store/store.go:475.9,477.3 1 0
github.com/ace-platform/warehouse-service/internal/store/store.go:478.2,478.91 1 1
github.com/ace-platform/warehouse-service/internal/store/store.go:478.91,480.3 1 0
github.com/ace-platform/warehouse-service/internal/store/store.go:482.2,487.9 5 1
github.com/ace-platform/warehouse-service/internal/store/store.go:487.9,489.3 1 0
github.com/ace-platform/warehouse-service/internal/store/store.go:491.2,491.13 1 1
github.com/ace-platform/warehouse-service/internal/store/store.go:491.13,520.3 7 1
github.com/ace-platform/warehouse-service/internal/store/store.go:520.8,526.3 4 0
github.com/ace-platform/warehouse-service/internal/store/store.go:528.2,529.19 2 1
github.com/ace-platform/warehouse-service/internal/store/store.go:534.101,546.38 5 1
github.com/ace-platform/warehouse-service/internal/store/store.go:546.38,547.53 1 1
github.com/ace-platform/warehouse-service/internal/store/store.go:547.53,548.12 1 0
github.com/ace-platform/warehouse-service/internal/store/store.go:550.3,550.56 1 1
github.com/ace-platform/warehouse-service/internal/store/store.go:550.56,551.12 1 0
github.com/ace-platform/warehouse-service/internal/store/store.go:553.3,554.29 2 1
github.com/ace-platform/warehouse-service/internal/store/store.go:557.2,559.26 3 1
github.com/ace-platform/warehouse-service/internal/store/store.go:559.26,560.15 1 1
github.com/ace-platform/warehouse-service/internal/store/store.go:560.15,561.12 1 1
github.com/ace-platform/warehouse-service/internal/store/store.go:563.3,571.25 3 1
github.com/ace-platform/warehouse-service/internal/store/store.go:573.2,573.21 1 1
github.com/ace-platform/warehouse-service/internal/store/store.go:576.89,581.9 4 1
github.com/ace-platform/warehouse-service/internal/store/store.go:581.9,583.3 1 0
github.com/ace-platform/warehouse-service/internal/store/store.go:585.2,591.8 2 1
github.com/ace-platform/warehouse-service/internal/store/store.go:595.69,597.31 2 1
github.com/ace-platform/warehouse-service/internal/store/store.go:597.31,598.33 1 1
github.com/ace-platform/warehouse-service/internal/store/store.go:598.33,599.12 1 0
github.com/ace-platform/warehouse-service/internal/store/store.go:601.3,603.51 1 1
github.com/ace-platform/warehouse-service/internal/store/store.go:603.51,605.4 1 1
github.com/ace-platform/warehouse-service/internal/store/store.go:607.2,607.13 1 1
github.com/ace-platform/warehouse-service/internal/store/store.go:612.73,617.36 4 1
github.com/ace-platform/warehouse-service/internal/store/store.go:617.36,618.31 1 1
github.com/ace-platform/warehouse-service/internal/store/store.go:618.31,620.4 1 1
github.com/ace-platform/warehouse-service/internal/store/store.go:622.2,622.15 1 1
github.com/ace-platform/warehouse-service/internal/store/store.go:625.64,627.2 1 1
github.com/ace-platform/warehouse-service/internal/store/store.go:629.68,631.2 1 1
github.com/ace-platform/warehouse-service/internal/kafka/config.go:27.37,29.58 2 0
github.com/ace-platform/warehouse-service/internal/kafka/config.go:29.58,31.3 1 0
github.com/ace-platform/warehouse-service/internal/kafka/config.go:32.2,32.50 1 0
github.com/ace-platform/warehouse-service/internal/kafka/config.go:32.50,33.44 1 0
github.com/ace-platform/warehouse-service/internal/kafka/config.go:33.44,35.4 1 0
github.com/ace-platform/warehouse-service/internal/kafka/config.go:37.2,37.55 1 0
github.com/ace-platform/warehouse-service/internal/kafka/config.go:37.55,38.44 1 0
github.com/ace-platform/warehouse-service/internal/kafka/config.go:38.44,40.4 1 0
github.com/ace-platform/warehouse-service/internal/kafka/config.go:42.2,42.12 1 0
github.com/ace-platform/warehouse-service/internal/kafka/config.go:48.59,50.58 2 0
github.com/ace-platform/warehouse-service/internal/kafka/config.go:50.58,52.3 1 0
github.com/ace-platform/warehouse-service/internal/kafka/config.go:53.2,53.50 1 0
github.com/ace-platform/warehouse-service/internal/kafka/config.go:53.50,54.44 1 0
github.com/ace-platform/warehouse-service/internal/kafka/config.go:54.44,56.4 1 0
github.com/ace-platform/warehouse-service/internal/kafka/config.go:58.2,58.55 1 0
github.com/ace-platform/warehouse-service/internal/kafka/config.go:58.55,59.44 1 0
github.com/ace-platform/warehouse-service/internal/kafka/config.go:59.44,61.4 1 0
github.com/ace-platform/warehouse-service/internal/kafka/config.go:63.2,63.54 1 0
github.com/ace-platform/warehouse-service/internal/kafka/config.go:63.54,64.44 1 0
github.com/ace-platform/warehouse-service/internal/kafka/config.go:64.44,66.4 1 0
github.com/ace-platform/warehouse-service/internal/kafka/config.go:68.2,68.12 1 0
github.com/ace-platform/warehouse-service/internal/kafka/consumer.go:35.59,43.2 1 1
github.com/ace-platform/warehouse-service/internal/kafka/consumer.go:57.84,65.2 1 1
github.com/ace-platform/warehouse-service/internal/kafka/consumer.go:68.68,72.2 3 1
github.com/ace-platform/warehouse-service/internal/kafka/consumer.go:75.69,79.2 3 1
github.com/ace-platform/warehouse-service/internal/kafka/consumer.go:82.60,86.31 4 1
github.com/ace-platform/warehouse-service/internal/kafka/consumer.go:86.31,87.33 1 1
github.com/ace-platform/warehouse-service/internal/kafka/consumer.go:87.33,90.4 2 1
github.com/ace-platform/warehouse-service/internal/kafka/consumer.go:92.2,95.32 3 1
github.com/ace-platform/warehouse-service/internal/kafka/consumer.go:95.32,97.51 2 1
github.com/ace-platform/warehouse-service/internal/kafka/consumer.go:97.51,100.4 2 1
github.com/ace-platform/warehouse-service/internal/kafka/consumer.go:102.2,103.12 2 1
github.com/ace-platform/warehouse-service/internal/kafka/consumer.go:106.111,107.6 1 1
github.com/ace-platform/warehouse-service/internal/kafka/consumer.go:107.6,108.10 1 1
github.com/ace-platform/warehouse-service/internal/kafka/consumer.go:109.21,110.10 1 1
github.com/ace-platform/warehouse-service/internal/kafka/consumer.go:111.25,112.11 1 1
github.com/ace-platform/warehouse-service/internal/kafka/consumer.go:112.11,114.5 1 1
github.com/ace-platform/warehouse-service/internal/kafka/consumer.go:115.4,115.45 1 1
github.com/ace-platform/warehouse-service/internal/kafka/consumer.go:120.105,122.58 2 1
github.com/ace-platform/warehouse-service/internal/kafka/consumer.go:122.58,126.3 3 1
github.com/ace-platform/warehouse-service/internal/kafka/consumer.go:129.2,130.30 2 1
github.com/ace-platform/warehouse-service/internal/kafka/consumer.go:130.30,133.3 2 1
github.com/ace-platform/warehouse-service/internal/kafka/consumer.go:134.2,137.62 3 1
github.com/ace-platform/warehouse-service/internal/kafka/consumer.go:137.62,138.18 1 1
github.com/ace-platform/warehouse-service/internal/kafka/consumer.go:138.18,140.4 1 1
github.com/ace-platform/warehouse-service/internal/kafka/consumer.go:141.3,141.45 1 1
github.com/ace-platform/warehouse-service/internal/kafka/consumer.go:141.45,143.12 2 1
github.com/ace-platform/warehouse-service/internal/kafka/consumer.go:146.3,148.51 3 1
github.com/ace-platform/warehouse-service/internal/kafka/consumer.go:148.51,150.4 1 1
github.com/ace-platform/warehouse-service/internal/kafka/consumer.go:151.3,152.9 2 1
github.com/ace-platform/warehouse-service/internal/kafka/consumer.go:155.2,156.34 2 1
github.com/ace-platform/warehouse-service/internal/kafka/consumer.go:159.74,160.26 1 1
github.com/ace-platform/warehouse-service/internal/kafka/consumer.go:160.26,162.3 1 0
github.com/ace-platform/warehouse-service/internal/kafka/consumer.go:163.2,171.19 3 1
github.com/ace-platform/warehouse-service/internal/kafka/consumer.go:171.19,173.3 1 1
github.com/ace-platform/warehouse-service/internal/kafka/consumer.go:176.41,180.32 3 1
github.com/ace-platform/warehouse-service/internal/kafka/consumer.go:180.32,181.20 1 1
github.com/ace-platform/warehouse-service/internal/kafka/consumer.go:181.20,182.9 1 1
github.com/ace-platform/warehouse-service/internal/kafka/consumer.go:184.3,185.10 2 1
github.com/ace-platform/warehouse-service/internal/kafka/consumer.go:190.41,195.2 4 1
github.com/ace-platform/warehouse-service/internal/kafka/consumer.go:198.48,202.2 3 1
github.com/ace-platform/warehouse-service/internal/kafka/consumer.go:205.46,206.43 1 1
github.com/ace-platform/warehouse-service/internal/kafka/consumer.go:206.43,208.3 1 1
github.com/ace-platform/warehouse-service/internal/kafka/consumer.go:209.2,209.14 1 1
github.com/ace-platform/warehouse-service/internal/kafka/event.go:23.93,25.16 2 1
github.com/ace-platform/warehouse-service/internal/kafka/event.go:25.16,27.3 1 0
github.com/ace-platform/warehouse-service/internal/kafka/event.go:28.2,29.16 2 1
github.com/ace-platform/warehouse-service/internal/kafka/event.go:29.16,31.3 1 0
github.com/ace-platform/warehouse-service/internal/kafka/event.go:32.2,40.8 1 1
github.com/ace-platform/warehouse-service/internal/kafka/event.go:53.37,55.45 2 1
github.com/ace-platform/warehouse-service/internal/kafka/event.go:55.45,57.3 1 0
github.com/ace-platform/warehouse-service/internal/kafka/event.go:58.2,61.60 3 1
github.com/ace-platform/warehouse-service/internal/kafka/producer.go:27.45,34.2 1 1
github.com/ace-platform/warehouse-service/internal/kafka/producer.go:48.62,53.2 1 1
github.com/ace-platform/warehouse-service/internal/kafka/producer.go:56.80,62.2 5 1
github.com/ace-platform/warehouse-service/internal/kafka/producer.go:66.90,70.2 3 1
github.com/ace-platform/warehouse-service/internal/kafka/producer.go:73.74,75.14 2 1
github.com/ace-platform/warehouse-service/internal/kafka/producer.go:75.14,78.3 2 1
github.com/ace-platform/warehouse-service/internal/kafka/producer.go:79.2,85.57 6 1
github.com/ace-platform/warehouse-service/internal/kafka/producer.go:85.57,86.18 1 1
github.com/ace-platform/warehouse-service/internal/kafka/producer.go:86.18,88.4 1 1
github.com/ace-platform/warehouse-service/internal/kafka/producer.go:90.3,90.18 1 1
github.com/ace-platform/warehouse-service/internal/kafka/producer.go:90.18,91.50 1 1
github.com/ace-platform/warehouse-service/internal/kafka/producer.go:91.50,93.13 2 1
github.com/ace-platform/warehouse-service/internal/kafka/producer.go:97.3,98.17 2 1
github.com/ace-platform/warehouse-service/internal/kafka/producer.go:98.17,100.4 1 1
github.com/ace-platform/warehouse-service/internal/kafka/producer.go:102.3,108.16 2 1
github.com/ace-platform/warehouse-service/internal/kafka/producer.go:108.16,109.11 1 1
github.com/ace-platform/warehouse-service/internal/kafka/producer.go:110.19,110.19 0 1
github.com/ace-platform/warehouse-service/internal/kafka/producer.go:111.12,113.13 2 1
github.com/ace-platform/warehouse-service/internal/kafka/producer.go:116.3,116.13 1 1
github.com/ace-platform/warehouse-service/internal/kafka/producer.go:118.2,118.112 1 1
github.com/ace-platform/warehouse-service/internal/kafka/producer.go:122.41,126.30 4 1
github.com/ace-platform/warehouse-service/internal/kafka/producer.go:126.30,128.3 1 0
github.com/ace-platform/warehouse-service/internal/kafka/producer.go:129.2,129.12 1 1
github.com/ace-platform/warehouse-service/internal/kafka/producer.go:133.58,137.15 4 1
github.com/ace-platform/warehouse-service/internal/kafka/producer.go:137.15,139.3 1 1
github.com/ace-platform/warehouse-service/internal/kafka/producer.go:140.2,141.6 2 1
github.com/ace-platform/warehouse-service/internal/kafka/producer.go:141.6,142.10 1 1
github.com/ace-platform/warehouse-service/internal/kafka/producer.go:143.22,144.11 1 1
github.com/ace-platform/warehouse-service/internal/kafka/producer.go:144.11,146.5 1 0
github.com/ace-platform/warehouse-service/internal/kafka/producer.go:147.4,147.26 1 1
github.com/ace-platform/warehouse-service/internal/kafka/producer.go:148.11,149.15 1 1
github.com/ace-platform/warehouse-service/internal/kafka/wiring.go:34.99,36.16 2 1
github.com/ace-platform/warehouse-service/internal/kafka/wiring.go:36.16,38.3 1 0
github.com/ace-platform/warehouse-service/internal/kafka/wiring.go:39.2,39.76 1 1
github.com/ace-platform/warehouse-service/internal/kafka/wiring.go:43.105,45.16 2 1
github.com/ace-platform/warehouse-service/internal/kafka/wiring.go:45.16,47.3 1 0
github.com/ace-platform/warehouse-service/internal/kafka/wiring.go:48.2,48.78 1 1
github.com/ace-platform/warehouse-service/internal/types/decimal.go:17.56,19.2 1 0
github.com/ace-platform/warehouse-service/internal/types/decimal.go:21.38,23.2 1 0
github.com/ace-platform/warehouse-service/internal/types/decimal.go:25.28,27.2 1 1
github.com/ace-platform/warehouse-service/internal/types/decimal.go:29.40,31.2 1 0
github.com/ace-platform/warehouse-service/internal/types/decimal.go:33.46,35.13 2 1
github.com/ace-platform/warehouse-service/internal/types/decimal.go:35.13,37.3 1 1
github.com/ace-platform/warehouse-service/internal/types/decimal.go:39.2,40.31 2 1
github.com/ace-platform/warehouse-service/internal/types/decimal.go:40.31,43.3 2 1
github.com/ace-platform/warehouse-service/internal/types/decimal.go:45.2,47.16 3 1
github.com/ace-platform/warehouse-service/internal/types/decimal.go:47.16,49.3 1 0
github.com/ace-platform/warehouse-service/internal/types/decimal.go:51.2,52.21 2 1
github.com/ace-platform/warehouse-service/internal/types/decimal.go:52.21,54.23 2 1
github.com/ace-platform/warehouse-service/internal/types/decimal.go:54.23,56.4 1 0
github.com/ace-platform/warehouse-service/internal/types/decimal.go:57.3,57.24 1 1
github.com/ace-platform/warehouse-service/internal/types/decimal.go:57.24,59.4 1 1
github.com/ace-platform/warehouse-service/internal/types/decimal.go:60.3,61.17 2 1
github.com/ace-platform/warehouse-service/internal/types/decimal.go:61.17,63.4 1 0
github.com/ace-platform/warehouse-service/internal/types/decimal.go:66.2,67.14 2 1
github.com/ace-platform/warehouse-service/internal/types/decimal.go:67.14,69.3 1 1
github.com/ace-platform/warehouse-service/internal/types/decimal.go:70.2,70.33 1 1
github.com/ace-platform/warehouse-service/internal/types/decimal.go:73.34,73.52 1 0
github.com/ace-platform/warehouse-service/internal/types/decimal.go:74.34,74.57 1 1
github.com/ace-platform/warehouse-service/internal/types/decimal.go:75.34,75.56 1 1
github.com/ace-platform/warehouse-service/internal/types/decimal.go:76.34,76.56 1 1
github.com/ace-platform/warehouse-service/internal/types/decimal.go:77.43,77.71 1 1
github.com/ace-platform/warehouse-service/internal/types/decimal.go:78.46,78.74 1 1
github.com/ace-platform/warehouse-service/internal/types/decimal.go:80.41,80.85 1 1
github.com/ace-platform/warehouse-service/internal/types/decimal.go:81.41,81.85 1 1
github.com/ace-platform/warehouse-service/internal/types/decimal.go:83.34,86.14 3 1
github.com/ace-platform/warehouse-service/internal/types/decimal.go:86.14,88.3 1 1
github.com/ace-platform/warehouse-service/internal/types/decimal.go:89.2,93.14 4 1
github.com/ace-platform/warehouse-service/internal/types/decimal.go:93.14,95.3 1 1
github.com/ace-platform/warehouse-service/internal/types/decimal.go:96.2,96.19 1 1
github.com/ace-platform/warehouse-service/internal/types/decimal.go:96.19,98.3 1 1
github.com/ace-platform/warehouse-service/internal/types/decimal.go:99.2,101.55 3 1
