mode: set
github.com/ace-platform/auth-service/cmd/auth-service/main.go:17.13,22.29 3 0
github.com/ace-platform/auth-service/cmd/auth-service/main.go:22.29,24.3 1 0
github.com/ace-platform/auth-service/cmd/auth-service/main.go:26.2,38.12 7 0
github.com/ace-platform/auth-service/cmd/auth-service/main.go:38.12,39.49 1 0
github.com/ace-platform/auth-service/cmd/auth-service/main.go:39.49,41.4 1 0
github.com/ace-platform/auth-service/cmd/auth-service/main.go:44.2,45.16 2 0
github.com/ace-platform/auth-service/cmd/auth-service/main.go:45.16,47.3 1 0
github.com/ace-platform/auth-service/cmd/auth-service/main.go:49.2,57.13 7 0
github.com/ace-platform/auth-service/internal/config/config.go:29.29,45.2 1 0
github.com/ace-platform/auth-service/internal/config/config.go:47.29,50.42 2 0
github.com/ace-platform/auth-service/internal/config/config.go:50.42,51.47 1 0
github.com/ace-platform/auth-service/internal/config/config.go:51.47,53.4 1 0
github.com/ace-platform/auth-service/internal/config/config.go:55.2,55.44 1 0
github.com/ace-platform/auth-service/internal/config/config.go:55.44,56.47 1 0
github.com/ace-platform/auth-service/internal/config/config.go:56.47,58.4 1 0
github.com/ace-platform/auth-service/internal/config/config.go:60.2,60.45 1 0
github.com/ace-platform/auth-service/internal/config/config.go:60.45,62.3 1 0
github.com/ace-platform/auth-service/internal/config/config.go:63.2,63.53 1 0
github.com/ace-platform/auth-service/internal/config/config.go:63.53,65.3 1 0
github.com/ace-platform/auth-service/internal/config/config.go:66.2,66.54 1 0
github.com/ace-platform/auth-service/internal/config/config.go:66.54,67.46 1 0
github.com/ace-platform/auth-service/internal/config/config.go:67.46,69.4 1 0
github.com/ace-platform/auth-service/internal/config/config.go:71.2,71.55 1 0
github.com/ace-platform/auth-service/internal/config/config.go:71.55,72.46 1 0
github.com/ace-platform/auth-service/internal/config/config.go:72.46,74.4 1 0
github.com/ace-platform/auth-service/internal/config/config.go:76.2,76.40 1 0
github.com/ace-platform/auth-service/internal/config/config.go:76.40,78.3 1 0
github.com/ace-platform/auth-service/internal/config/config.go:79.2,79.40 1 0
github.com/ace-platform/auth-service/internal/config/config.go:79.40,80.47 1 0
github.com/ace-platform/auth-service/internal/config/config.go:80.47,82.4 1 0
github.com/ace-platform/auth-service/internal/config/config.go:84.2,84.40 1 0
github.com/ace-platform/auth-service/internal/config/config.go:84.40,86.3 1 0
github.com/ace-platform/auth-service/internal/config/config.go:87.2,87.44 1 0
github.com/ace-platform/auth-service/internal/config/config.go:87.44,89.3 1 0
github.com/ace-platform/auth-service/internal/config/config.go:90.2,90.40 1 0
github.com/ace-platform/auth-service/internal/config/config.go:90.40,92.3 1 0
github.com/ace-platform/auth-service/internal/config/config.go:93.2,93.44 1 0
github.com/ace-platform/auth-service/internal/config/config.go:93.44,95.3 1 0
github.com/ace-platform/auth-service/internal/config/config.go:96.2,96.44 1 0
github.com/ace-platform/auth-service/internal/config/config.go:96.44,97.47 1 0
github.com/ace-platform/auth-service/internal/config/config.go:97.47,99.4 1 0
github.com/ace-platform/auth-service/internal/config/config.go:101.2,101.52 1 0
github.com/ace-platform/auth-service/internal/config/config.go:101.52,102.44 1 0
github.com/ace-platform/auth-service/internal/config/config.go:102.44,104.4 1 0
github.com/ace-platform/auth-service/internal/config/config.go:106.2,106.54 1 0
github.com/ace-platform/auth-service/internal/config/config.go:106.54,107.44 1 0
github.com/ace-platform/auth-service/internal/config/config.go:107.44,109.4 1 0
github.com/ace-platform/auth-service/internal/config/config.go:112.2,112.12 1 0
github.com/ace-platform/auth-service/internal/auth/jwt.go:42.86,48.2 1 1
github.com/ace-platform/auth-service/internal/auth/jwt.go:50.88,63.2 3 1
github.com/ace-platform/auth-service/internal/auth/jwt.go:65.89,75.2 3 1
github.com/ace-platform/auth-service/internal/auth/jwt.go:77.73,79.21 2 1
github.com/ace-platform/auth-service/internal/auth/jwt.go:79.21,81.3 1 1
github.com/ace-platform/auth-service/internal/auth/jwt.go:83.2,87.16 4 1
github.com/ace-platform/auth-service/internal/auth/jwt.go:87.16,89.3 1 1
github.com/ace-platform/auth-service/internal/auth/jwt.go:91.2,91.38 1 1
github.com/ace-platform/auth-service/internal/auth/jwt.go:91.38,93.3 1 1
github.com/ace-platform/auth-service/internal/auth/jwt.go:95.2,96.16 2 1
github.com/ace-platform/auth-service/internal/auth/jwt.go:96.16,98.3 1 0
github.com/ace-platform/auth-service/internal/auth/jwt.go:100.2,101.60 2 1
github.com/ace-platform/auth-service/internal/auth/jwt.go:101.60,103.3 1 0
github.com/ace-platform/auth-service/internal/auth/jwt.go:105.2,105.36 1 1
github.com/ace-platform/auth-service/internal/auth/jwt.go:105.36,107.3 1 1
github.com/ace-platform/auth-service/internal/auth/jwt.go:109.2,109.21 1 1
github.com/ace-platform/auth-service/internal/auth/jwt.go:112.61,116.16 3 1
github.com/ace-platform/auth-service/internal/auth/jwt.go:116.16,118.3 1 0
github.com/ace-platform/auth-service/internal/auth/jwt.go:120.2,121.16 2 1
github.com/ace-platform/auth-service/internal/auth/jwt.go:121.16,123.3 1 0
github.com/ace-platform/auth-service/internal/auth/jwt.go:125.2,132.47 6 1
github.com/ace-platform/auth-service/internal/auth/jwt.go:135.54,139.2 3 1
github.com/ace-platform/auth-service/internal/auth/jwt.go:141.42,143.2 1 1
github.com/ace-platform/auth-service/internal/auth/jwt.go:145.48,147.2 1 1
github.com/ace-platform/auth-service/internal/auth/pkce.go:17.61,18.47 1 1
github.com/ace-platform/auth-service/internal/auth/pkce.go:18.47,20.3 1 1
github.com/ace-platform/auth-service/internal/auth/pkce.go:21.2,22.56 2 1
github.com/ace-platform/auth-service/internal/auth/pkce.go:26.75,27.22 1 1
github.com/ace-platform/auth-service/internal/auth/pkce.go:27.22,29.3 1 1
github.com/ace-platform/auth-service/internal/auth/pkce.go:30.2,30.47 1 1
github.com/ace-platform/auth-service/internal/auth/pkce.go:30.47,32.3 1 0
github.com/ace-platform/auth-service/internal/auth/pkce.go:33.2,35.33 3 1
github.com/ace-platform/auth-service/internal/auth/pkce.go:35.33,37.3 1 1
github.com/ace-platform/auth-service/internal/auth/pkce.go:38.2,38.12 1 1
github.com/ace-platform/auth-service/internal/auth/service.go:58.122,66.2 1 1
github.com/ace-platform/auth-service/internal/auth/service.go:68.90,70.16 2 1
github.com/ace-platform/auth-service/internal/auth/service.go:70.16,72.3 1 0
github.com/ace-platform/auth-service/internal/auth/service.go:74.2,83.49 2 1
github.com/ace-platform/auth-service/internal/auth/service.go:83.49,85.3 1 1
github.com/ace-platform/auth-service/internal/auth/service.go:86.2,86.18 1 1
github.com/ace-platform/auth-service/internal/auth/service.go:89.75,91.16 2 1
github.com/ace-platform/auth-service/internal/auth/service.go:91.16,93.3 1 1
github.com/ace-platform/auth-service/internal/auth/service.go:95.2,95.71 1 1
github.com/ace-platform/auth-service/internal/auth/service.go:95.71,97.3 1 1
github.com/ace-platform/auth-service/internal/auth/service.go:99.2,99.101 1 1
github.com/ace-platform/auth-service/internal/auth/service.go:99.101,101.49 2 1
github.com/ace-platform/auth-service/internal/auth/service.go:101.49,103.4 1 1
github.com/ace-platform/auth-service/internal/auth/service.go:104.3,106.36 3 1
github.com/ace-platform/auth-service/internal/auth/service.go:110.2,110.29 1 1
github.com/ace-platform/auth-service/internal/auth/service.go:110.29,115.3 4 1
github.com/ace-platform/auth-service/internal/auth/service.go:117.2,117.32 1 1
github.com/ace-platform/auth-service/internal/auth/service.go:120.92,122.16 2 1
github.com/ace-platform/auth-service/internal/auth/service.go:122.16,124.3 1 0
github.com/ace-platform/auth-service/internal/auth/service.go:125.2,125.18 1 1
github.com/ace-platform/auth-service/internal/auth/service.go:125.18,127.3 1 1
github.com/ace-platform/auth-service/internal/auth/service.go:128.2,128.38 1 1
github.com/ace-platform/auth-service/internal/auth/service.go:128.38,130.3 1 0
github.com/ace-platform/auth-service/internal/auth/service.go:133.2,134.40 2 1
github.com/ace-platform/auth-service/internal/auth/service.go:134.40,138.3 2 1
github.com/ace-platform/auth-service/internal/auth/service.go:141.2,144.16 3 1
github.com/ace-platform/auth-service/internal/auth/service.go:144.16,146.3 1 0
github.com/ace-platform/auth-service/internal/auth/service.go:148.2,148.32 1 1
github.com/ace-platform/auth-service/internal/auth/service.go:151.57,153.2 1 1
github.com/ace-platform/auth-service/internal/auth/service.go:156.113,157.35 1 1
github.com/ace-platform/auth-service/internal/auth/service.go:157.35,159.3 1 1
github.com/ace-platform/auth-service/internal/auth/service.go:161.2,171.62 3 1
github.com/ace-platform/auth-service/internal/auth/service.go:171.62,173.3 1 0
github.com/ace-platform/auth-service/internal/auth/service.go:174.2,174.22 1 1
github.com/ace-platform/auth-service/internal/auth/service.go:178.89,180.16 2 1
github.com/ace-platform/auth-service/internal/auth/service.go:180.16,182.3 1 0
github.com/ace-platform/auth-service/internal/auth/service.go:183.2,183.20 1 1
github.com/ace-platform/auth-service/internal/auth/service.go:183.20,185.3 1 1
github.com/ace-platform/auth-service/internal/auth/service.go:186.2,186.43 1 1
github.com/ace-platform/auth-service/internal/auth/service.go:186.43,188.3 1 0
github.com/ace-platform/auth-service/internal/auth/service.go:190.2,190.115 1 1
github.com/ace-platform/auth-service/internal/auth/service.go:190.115,192.3 1 0
github.com/ace-platform/auth-service/internal/auth/service.go:194.2,197.16 3 1
github.com/ace-platform/auth-service/internal/auth/service.go:197.16,199.3 1 0
github.com/ace-platform/auth-service/internal/auth/service.go:201.2,201.32 1 1
github.com/ace-platform/auth-service/internal/auth/service.go:205.105,220.50 5 1
github.com/ace-platform/auth-service/internal/auth/service.go:220.50,222.3 1 0
github.com/ace-platform/auth-service/internal/auth/service.go:223.2,223.25 1 1
github.com/ace-platform/auth-service/internal/auth/service.go:227.72,230.16 3 1
github.com/ace-platform/auth-service/internal/auth/service.go:230.16,232.3 1 1
github.com/ace-platform/auth-service/internal/auth/service.go:233.2,233.17 1 1
github.com/ace-platform/auth-service/internal/auth/service.go:237.60,239.2 1 1
github.com/ace-platform/auth-service/internal/auth/service.go:242.71,244.2 1 1
github.com/ace-platform/auth-service/internal/auth/service.go:247.67,249.2 1 1
github.com/ace-platform/auth-service/internal/auth/service.go:251.79,256.16 4 1
github.com/ace-platform/auth-service/internal/auth/service.go:256.16,258.3 1 0
github.com/ace-platform/auth-service/internal/auth/service.go:260.2,261.16 2 1
github.com/ace-platform/auth-service/internal/auth/service.go:261.16,263.3 1 0
github.com/ace-platform/auth-service/internal/auth/service.go:266.2,275.55 3 1
github.com/ace-platform/auth-service/internal/auth/service.go:275.55,277.3 1 0
github.com/ace-platform/auth-service/internal/auth/service.go:279.2,283.8 1 1
github.com/ace-platform/auth-service/internal/auth/service.go:286.26,290.2 3 1
github.com/ace-platform/auth-service/internal/auth/service.go:292.30,296.2 3 1
github.com/ace-platform/auth-service/internal/auth/service.go:298.34,301.2 2 1
github.com/ace-platform/auth-service/internal/store/store.go:27.40,36.2 1 1
github.com/ace-platform/auth-service/internal/store/store.go:38.60,41.47 3 1
github.com/ace-platform/auth-service/internal/store/store.go:41.47,43.3 1 1
github.com/ace-platform/auth-service/internal/store/store.go:44.2,46.12 3 1
github.com/ace-platform/auth-service/internal/store/store.go:49.69,53.9 4 1
github.com/ace-platform/auth-service/internal/store/store.go:53.9,55.3 1 0
github.com/ace-platform/auth-service/internal/store/store.go:56.2,56.18 1 1
github.com/ace-platform/auth-service/internal/store/store.go:59.75,63.9 4 1
github.com/ace-platform/auth-service/internal/store/store.go:63.9,65.3 1 1
github.com/ace-platform/auth-service/internal/store/store.go:66.2,66.26 1 1
github.com/ace-platform/auth-service/internal/store/store.go:69.60,72.36 3 1
github.com/ace-platform/auth-service/internal/store/store.go:72.36,74.3 1 0
github.com/ace-platform/auth-service/internal/store/store.go:75.2,76.12 2 1
github.com/ace-platform/auth-service/internal/store/store.go:79.69,84.2 4 1
github.com/ace-platform/auth-service/internal/store/store.go:86.75,90.9 4 1
github.com/ace-platform/auth-service/internal/store/store.go:90.9,92.3 1 0
github.com/ace-platform/auth-service/internal/store/store.go:93.2,93.18 1 1
github.com/ace-platform/auth-service/internal/store/store.go:96.56,100.9 4 1
github.com/ace-platform/auth-service/internal/store/store.go:100.9,102.3 1 0
github.com/ace-platform/auth-service/internal/store/store.go:103.2,104.12 2 1
github.com/ace-platform/auth-service/internal/store/store.go:107.65,110.34 3 1
github.com/ace-platform/auth-service/internal/store/store.go:110.34,111.28 1 1
github.com/ace-platform/auth-service/internal/store/store.go:111.28,113.4 1 1
github.com/ace-platform/auth-service/internal/store/store.go:115.2,115.12 1 1
github.com/ace-platform/auth-service/internal/store/store.go:118.63,124.2 5 1
github.com/ace-platform/auth-service/internal/store/store.go:126.77,130.9 4 1
github.com/ace-platform/auth-service/internal/store/store.go:130.9,132.3 1 0
github.com/ace-platform/auth-service/internal/store/store.go:133.2,134.81 2 1
github.com/ace-platform/auth-service/internal/store/store.go:134.81,136.3 1 1
github.com/ace-platform/auth-service/internal/store/store.go:137.2,137.17 1 1
github.com/ace-platform/auth-service/internal/store/store.go:140.83,144.30 4 1
github.com/ace-platform/auth-service/internal/store/store.go:144.30,145.39 1 1
github.com/ace-platform/auth-service/internal/store/store.go:145.39,147.4 1 1
github.com/ace-platform/auth-service/internal/store/store.go:149.2,149.18 1 1
github.com/ace-platform/auth-service/internal/store/store.go:152.63,156.9 4 1
github.com/ace-platform/auth-service/internal/store/store.go:156.9,158.3 1 0
github.com/ace-platform/auth-service/internal/store/store.go:159.2,159.26 1 1
github.com/ace-platform/auth-service/internal/store/store.go:159.26,161.3 1 1
github.com/ace-platform/auth-service/internal/store/store.go:162.2,163.12 2 1
github.com/ace-platform/auth-service/internal/store/store.go:166.82,171.2 4 1
github.com/ace-platform/auth-service/internal/store/store.go:173.89,177.9 4 1
github.com/ace-platform/auth-service/internal/store/store.go:177.9,179.3 1 0
github.com/ace-platform/auth-service/internal/store/store.go:180.2,180.15 1 1
github.com/ace-platform/auth-service/internal/store/store.go:183.61,187.9 4 1
github.com/ace-platform/auth-service/internal/store/store.go:187.9,189.3 1 0
github.com/ace-platform/auth-service/internal/store/store.go:190.2,191.12 2 1
github.com/ace-platform/auth-service/internal/types/types.go:55.53,57.9 2 1
github.com/ace-platform/auth-service/internal/types/types.go:57.9,59.3 1 1
github.com/ace-platform/auth-service/internal/types/types.go:60.2,60.26 1 1
github.com/ace-platform/auth-service/internal/types/types.go:60.26,61.16 1 1
github.com/ace-platform/auth-service/internal/types/types.go:61.16,63.4 1 1
github.com/ace-platform/auth-service/internal/types/types.go:65.2,65.14 1 1
github.com/ace-platform/auth-service/internal/types/types.go:68.31,69.17 1 1
github.com/ace-platform/auth-service/internal/types/types.go:70.80,71.14 1 1
github.com/ace-platform/auth-service/internal/types/types.go:73.2,73.14 1 1
github.com/ace-platform/auth-service/internal/handler/handler.go:20.57,22.2 1 1
github.com/ace-platform/auth-service/internal/handler/handler.go:79.72,80.33 1 1
github.com/ace-platform/auth-service/internal/handler/handler.go:80.33,83.3 2 1
github.com/ace-platform/auth-service/internal/handler/handler.go:85.2,86.61 2 1
github.com/ace-platform/auth-service/internal/handler/handler.go:86.61,89.3 2 0
github.com/ace-platform/auth-service/internal/handler/handler.go:91.2,91.61 1 1
github.com/ace-platform/auth-service/internal/handler/handler.go:91.61,94.3 2 1
github.com/ace-platform/auth-service/internal/handler/handler.go:95.2,95.40 1 1
github.com/ace-platform/auth-service/internal/handler/handler.go:95.40,98.3 2 1
github.com/ace-platform/auth-service/internal/handler/handler.go:99.2,99.27 1 1
github.com/ace-platform/auth-service/internal/handler/handler.go:99.27,102.3 2 1
github.com/ace-platform/auth-service/internal/handler/handler.go:103.2,103.32 1 1
github.com/ace-platform/auth-service/internal/handler/handler.go:103.32,106.3 2 1
github.com/ace-platform/auth-service/internal/handler/handler.go:108.2,109.16 2 1
github.com/ace-platform/auth-service/internal/handler/handler.go:109.16,110.54 1 1
github.com/ace-platform/auth-service/internal/handler/handler.go:110.54,113.4 2 1
github.com/ace-platform/auth-service/internal/handler/handler.go:114.3,115.9 2 0
github.com/ace-platform/auth-service/internal/handler/handler.go:118.2,122.4 1 1
github.com/ace-platform/auth-service/internal/handler/handler.go:125.69,126.33 1 1
github.com/ace-platform/auth-service/internal/handler/handler.go:126.33,129.3 2 0
github.com/ace-platform/auth-service/internal/handler/handler.go:131.2,132.61 2 1
github.com/ace-platform/auth-service/internal/handler/handler.go:132.61,135.3 2 0
github.com/ace-platform/auth-service/internal/handler/handler.go:137.2,137.43 1 1
github.com/ace-platform/auth-service/internal/handler/handler.go:137.43,140.3 2 1
github.com/ace-platform/auth-service/internal/handler/handler.go:142.2,143.16 2 1
github.com/ace-platform/auth-service/internal/handler/handler.go:143.16,144.14 1 1
github.com/ace-platform/auth-service/internal/handler/handler.go:145.30,146.57 1 0
github.com/ace-platform/auth-service/internal/handler/handler.go:147.11,148.65 1 1
github.com/ace-platform/auth-service/internal/handler/handler.go:150.3,150.9 1 1
github.com/ace-platform/auth-service/internal/handler/handler.go:153.2,153.37 1 1
github.com/ace-platform/auth-service/internal/handler/handler.go:156.71,157.33 1 0
github.com/ace-platform/auth-service/internal/handler/handler.go:157.33,160.3 2 0
github.com/ace-platform/auth-service/internal/handler/handler.go:162.2,163.61 2 0
github.com/ace-platform/auth-service/internal/handler/handler.go:163.61,166.3 2 0
github.com/ace-platform/auth-service/internal/handler/handler.go:168.2,168.51 1 0
github.com/ace-platform/auth-service/internal/handler/handler.go:168.51,171.3 2 0
github.com/ace-platform/auth-service/internal/handler/handler.go:173.2,174.16 2 0
github.com/ace-platform/auth-service/internal/handler/handler.go:174.16,177.3 2 0
github.com/ace-platform/auth-service/internal/handler/handler.go:179.2,179.37 1 0
github.com/ace-platform/auth-service/internal/handler/handler.go:182.73,183.33 1 0
github.com/ace-platform/auth-service/internal/handler/handler.go:183.33,186.3 2 0
github.com/ace-platform/auth-service/internal/handler/handler.go:188.2,189.61 2 0
github.com/ace-platform/auth-service/internal/handler/handler.go:189.61,192.3 2 0
github.com/ace-platform/auth-service/internal/handler/handler.go:194.2,194.82 1 0
github.com/ace-platform/auth-service/internal/handler/handler.go:194.82,197.3 2 0
github.com/ace-platform/auth-service/internal/handler/handler.go:198.2,198.39 1 0
github.com/ace-platform/auth-service/internal/handler/handler.go:198.39,201.3 2 0
github.com/ace-platform/auth-service/internal/handler/handler.go:203.2,204.16 2 0
github.com/ace-platform/auth-service/internal/handler/handler.go:204.16,207.3 2 0
github.com/ace-platform/auth-service/internal/handler/handler.go:209.2,212.4 1 0
github.com/ace-platform/auth-service/internal/handler/handler.go:215.72,216.33 1 0
github.com/ace-platform/auth-service/internal/handler/handler.go:216.33,219.3 2 0
github.com/ace-platform/auth-service/internal/handler/handler.go:221.2,222.61 2 0
github.com/ace-platform/auth-service/internal/handler/handler.go:222.61,225.3 2 0
github.com/ace-platform/auth-service/internal/handler/handler.go:227.2,227.50 1 0
github.com/ace-platform/auth-service/internal/handler/handler.go:227.50,230.3 2 0
github.com/ace-platform/auth-service/internal/handler/handler.go:232.2,233.16 2 0
github.com/ace-platform/auth-service/internal/handler/handler.go:233.16,236.3 2 0
github.com/ace-platform/auth-service/internal/handler/handler.go:238.2,238.37 1 0
github.com/ace-platform/auth-service/internal/handler/handler.go:241.76,242.33 1 1
github.com/ace-platform/auth-service/internal/handler/handler.go:242.33,245.3 2 0
github.com/ace-platform/auth-service/internal/handler/handler.go:247.2,248.61 2 1
github.com/ace-platform/auth-service/internal/handler/handler.go:248.61,251.3 2 0
github.com/ace-platform/auth-service/internal/handler/handler.go:253.2,253.40 1 1
github.com/ace-platform/auth-service/internal/handler/handler.go:253.40,256.3 2 0
github.com/ace-platform/auth-service/internal/handler/handler.go:258.2,259.23 2 1
github.com/ace-platform/auth-service/internal/handler/handler.go:259.23,261.3 1 1
github.com/ace-platform/auth-service/internal/handler/handler.go:263.2,264.16 2 1
github.com/ace-platform/auth-service/internal/handler/handler.go:264.16,267.3 2 0
github.com/ace-platform/auth-service/internal/handler/handler.go:269.2,275.4 1 1
github.com/ace-platform/auth-service/internal/handler/handler.go:278.78,279.33 1 0
github.com/ace-platform/auth-service/internal/handler/handler.go:279.33,282.3 2 0
github.com/ace-platform/auth-service/internal/handler/handler.go:284.2,285.61 2 0
github.com/ace-platform/auth-service/internal/handler/handler.go:285.61,288.3 2 0
github.com/ace-platform/auth-service/internal/handler/handler.go:290.2,290.22 1 0
github.com/ace-platform/auth-service/internal/handler/handler.go:290.22,293.3 2 0
github.com/ace-platform/auth-service/internal/handler/handler.go:295.2,296.16 2 0
github.com/ace-platform/auth-service/internal/handler/handler.go:296.16,299.3 2 0
github.com/ace-platform/auth-service/internal/handler/handler.go:301.2,306.4 1 0
github.com/ace-platform/auth-service/internal/handler/handler.go:309.76,310.33 1 0
github.com/ace-platform/auth-service/internal/handler/handler.go:310.33,313.3 2 0
github.com/ace-platform/auth-service/internal/handler/handler.go:315.2,316.61 2 0
github.com/ace-platform/auth-service/internal/handler/handler.go:316.61,319.3 2 0
github.com/ace-platform/auth-service/internal/handler/handler.go:321.2,321.41 1 0
github.com/ace-platform/auth-service/internal/handler/handler.go:321.41,324.3 2 0
github.com/ace-platform/auth-service/internal/handler/handler.go:326.2,326.70 1 0
github.com/ace-platform/auth-service/internal/handler/handler.go:326.70,329.3 2 0
github.com/ace-platform/auth-service/internal/handler/handler.go:331.2,331.69 1 0
github.com/ace-platform/auth-service/internal/handler/handler.go:334.77,335.33 1 1
github.com/ace-platform/auth-service/internal/handler/handler.go:335.33,338.3 2 0
github.com/ace-platform/auth-service/internal/handler/handler.go:340.2,341.61 2 1
github.com/ace-platform/auth-service/internal/handler/handler.go:341.61,344.3 2 0
github.com/ace-platform/auth-service/internal/handler/handler.go:346.2,346.21 1 1
github.com/ace-platform/auth-service/internal/handler/handler.go:346.21,349.3 2 0
github.com/ace-platform/auth-service/internal/handler/handler.go:351.2,352.16 2 1
github.com/ace-platform/auth-service/internal/handler/handler.go:352.16,355.3 2 1
github.com/ace-platform/auth-service/internal/handler/handler.go:357.2,357.37 1 1
github.com/ace-platform/auth-service/internal/handler/handler.go:360.77,361.33 1 0
github.com/ace-platform/auth-service/internal/handler/handler.go:361.33,364.3 2 0
github.com/ace-platform/auth-service/internal/handler/handler.go:366.2,367.61 2 0
github.com/ace-platform/auth-service/internal/handler/handler.go:367.61,370.3 2 0
github.com/ace-platform/auth-service/internal/handler/handler.go:372.2,372.25 1 0
github.com/ace-platform/auth-service/internal/handler/handler.go:372.25,375.3 2 0
github.com/ace-platform/auth-service/internal/handler/handler.go:377.2,377.63 1 0
github.com/ace-platform/auth-service/internal/handler/handler.go:377.63,380.3 2 0
github.com/ace-platform/auth-service/internal/handler/handler.go:382.2,382.69 1 0
github.com/ace-platform/auth-service/internal/handler/handler.go:385.69,389.2 3 1
github.com/ace-platform/auth-service/internal/handler/handler.go:391.64,393.2 1 1
github.com/ace-platform/auth-service/internal/store/store.go:27.40,36.2 1 1
github.com/ace-platform/auth-service/internal/store/store.go:38.60,41.47 3 1
github.com/ace-platform/auth-service/internal/store/store.go:41.47,43.3 1 1
github.com/ace-platform/auth-service/internal/store/store.go:44.2,46.12 3 1
github.com/ace-platform/auth-service/internal/store/store.go:49.69,53.9 4 0
github.com/ace-platform/auth-service/internal/store/store.go:53.9,55.3 1 0
github.com/ace-platform/auth-service/internal/store/store.go:56.2,56.18 1 0
github.com/ace-platform/auth-service/internal/store/store.go:59.75,63.9 4 1
github.com/ace-platform/auth-service/internal/store/store.go:63.9,65.3 1 0
github.com/ace-platform/auth-service/internal/store/store.go:66.2,66.26 1 1
github.com/ace-platform/auth-service/internal/store/store.go:69.60,72.36 3 1
github.com/ace-platform/auth-service/internal/store/store.go:72.36,74.3 1 0
github.com/ace-platform/auth-service/internal/store/store.go:75.2,76.12 2 1
github.com/ace-platform/auth-service/internal/store/store.go:79.69,84.2 4 1
github.com/ace-platform/auth-service/internal/store/store.go:86.75,90.9 4 0
github.com/ace-platform/auth-service/internal/store/store.go:90.9,92.3 1 0
github.com/ace-platform/auth-service/internal/store/store.go:93.2,93.18 1 0
github.com/ace-platform/auth-service/internal/store/store.go:96.56,100.9 4 0
github.com/ace-platform/auth-service/internal/store/store.go:100.9,102.3 1 0
github.com/ace-platform/auth-service/internal/store/store.go:103.2,104.12 2 0
github.com/ace-platform/auth-service/internal/store/store.go:107.65,110.34 3 0
github.com/ace-platform/auth-service/internal/store/store.go:110.34,111.28 1 0
github.com/ace-platform/auth-service/internal/store/store.go:111.28,113.4 1 0
github.com/ace-platform/auth-service/internal/store/store.go:115.2,115.12 1 0
github.com/ace-platform/auth-service/internal/store/store.go:118.63,124.2 5 1
github.com/ace-platform/auth-service/internal/store/store.go:126.77,130.9 4 0
github.com/ace-platform/auth-service/internal/store/store.go:130.9,132.3 1 0
github.com/ace-platform/auth-service/internal/store/store.go:133.2,134.81 2 0
github.com/ace-platform/auth-service/internal/store/store.go:134.81,136.3 1 0
github.com/ace-platform/auth-service/internal/store/store.go:137.2,137.17 1 0
github.com/ace-platform/auth-service/internal/store/store.go:140.83,144.30 4 0
github.com/ace-platform/auth-service/internal/store/store.go:144.30,145.39 1 0
github.com/ace-platform/auth-service/internal/store/store.go:145.39,147.4 1 0
github.com/ace-platform/auth-service/internal/store/store.go:149.2,149.18 1 0
github.com/ace-platform/auth-service/internal/store/store.go:152.63,156.9 4 0
github.com/ace-platform/auth-service/internal/store/store.go:156.9,158.3 1 0
github.com/ace-platform/auth-service/internal/store/store.go:159.2,159.26 1 0
github.com/ace-platform/auth-service/internal/store/store.go:159.26,161.3 1 0
github.com/ace-platform/auth-service/internal/store/store.go:162.2,163.12 2 0
github.com/ace-platform/auth-service/internal/store/store.go:166.82,171.2 4 0
github.com/ace-platform/auth-service/internal/store/store.go:173.89,177.9 4 0
github.com/ace-platform/auth-service/internal/store/store.go:177.9,179.3 1 0
github.com/ace-platform/auth-service/internal/store/store.go:180.2,180.15 1 0
github.com/ace-platform/auth-service/internal/store/store.go:183.61,187.9 4 0
github.com/ace-platform/auth-service/internal/store/store.go:187.9,189.3 1 0
github.com/ace-platform/auth-service/internal/store/store.go:190.2,191.12 2 0
github.com/ace-platform/auth-service/internal/types/types.go:55.53,57.9 2 0
github.com/ace-platform/auth-service/internal/types/types.go:57.9,59.3 1 0
github.com/ace-platform/auth-service/internal/types/types.go:60.2,60.26 1 0
github.com/ace-platform/auth-service/internal/types/types.go:60.26,61.16 1 0
github.com/ace-platform/auth-service/internal/types/types.go:61.16,63.4 1 0
github.com/ace-platform/auth-service/internal/types/types.go:65.2,65.14 1 0
github.com/ace-platform/auth-service/internal/types/types.go:68.31,69.17 1 1
github.com/ace-platform/auth-service/internal/types/types.go:70.80,71.14 1 1
github.com/ace-platform/auth-service/internal/types/types.go:73.2,73.14 1 1
github.com/ace-platform/auth-service/internal/types/types.go:55.53,57.9 2 0
github.com/ace-platform/auth-service/internal/types/types.go:57.9,59.3 1 0
github.com/ace-platform/auth-service/internal/types/types.go:60.2,60.26 1 0
github.com/ace-platform/auth-service/internal/types/types.go:60.26,61.16 1 0
github.com/ace-platform/auth-service/internal/types/types.go:61.16,63.4 1 0
github.com/ace-platform/auth-service/internal/types/types.go:65.2,65.14 1 0
github.com/ace-platform/auth-service/internal/types/types.go:68.31,69.17 1 0
github.com/ace-platform/auth-service/internal/types/types.go:70.80,71.14 1 0
github.com/ace-platform/auth-service/internal/types/types.go:73.2,73.14 1 0
github.com/ace-platform/auth-service/internal/store/store.go:27.40,36.2 1 0
github.com/ace-platform/auth-service/internal/store/store.go:38.60,41.47 3 0
github.com/ace-platform/auth-service/internal/store/store.go:41.47,43.3 1 0
github.com/ace-platform/auth-service/internal/store/store.go:44.2,46.12 3 0
github.com/ace-platform/auth-service/internal/store/store.go:49.69,53.9 4 0
github.com/ace-platform/auth-service/internal/store/store.go:53.9,55.3 1 0
github.com/ace-platform/auth-service/internal/store/store.go:56.2,56.18 1 0
github.com/ace-platform/auth-service/internal/store/store.go:59.75,63.9 4 0
github.com/ace-platform/auth-service/internal/store/store.go:63.9,65.3 1 0
github.com/ace-platform/auth-service/internal/store/store.go:66.2,66.26 1 0
github.com/ace-platform/auth-service/internal/store/store.go:69.60,72.36 3 0
github.com/ace-platform/auth-service/internal/store/store.go:72.36,74.3 1 0
github.com/ace-platform/auth-service/internal/store/store.go:75.2,76.12 2 0
github.com/ace-platform/auth-service/internal/store/store.go:79.69,84.2 4 0
github.com/ace-platform/auth-service/internal/store/store.go:86.75,90.9 4 0
github.com/ace-platform/auth-service/internal/store/store.go:90.9,92.3 1 0
github.com/ace-platform/auth-service/internal/store/store.go:93.2,93.18 1 0
github.com/ace-platform/auth-service/internal/store/store.go:96.56,100.9 4 0
github.com/ace-platform/auth-service/internal/store/store.go:100.9,102.3 1 0
github.com/ace-platform/auth-service/internal/store/store.go:103.2,104.12 2 0
github.com/ace-platform/auth-service/internal/store/store.go:107.65,110.34 3 0
github.com/ace-platform/auth-service/internal/store/store.go:110.34,111.28 1 0
github.com/ace-platform/auth-service/internal/store/store.go:111.28,113.4 1 0
github.com/ace-platform/auth-service/internal/store/store.go:115.2,115.12 1 0
github.com/ace-platform/auth-service/internal/store/store.go:118.63,124.2 5 0
github.com/ace-platform/auth-service/internal/store/store.go:126.77,130.9 4 0
github.com/ace-platform/auth-service/internal/store/store.go:130.9,132.3 1 0
github.com/ace-platform/auth-service/internal/store/store.go:133.2,134.81 2 0
github.com/ace-platform/auth-service/internal/store/store.go:134.81,136.3 1 0
github.com/ace-platform/auth-service/internal/store/store.go:137.2,137.17 1 0
github.com/ace-platform/auth-service/internal/store/store.go:140.83,144.30 4 0
github.com/ace-platform/auth-service/internal/store/store.go:144.30,145.39 1 0
github.com/ace-platform/auth-service/internal/store/store.go:145.39,147.4 1 0
github.com/ace-platform/auth-service/internal/store/store.go:149.2,149.18 1 0
github.com/ace-platform/auth-service/internal/store/store.go:152.63,156.9 4 0
github.com/ace-platform/auth-service/internal/store/store.go:156.9,158.3 1 0
github.com/ace-platform/auth-service/internal/store/store.go:159.2,159.26 1 0
github.com/ace-platform/auth-service/internal/store/store.go:159.26,161.3 1 0
github.com/ace-platform/auth-service/internal/store/store.go:162.2,163.12 2 0
github.com/ace-platform/auth-service/internal/store/store.go:166.82,171.2 4 0
github.com/ace-platform/auth-service/internal/store/store.go:173.89,177.9 4 0
github.com/ace-platform/auth-service/internal/store/store.go:177.9,179.3 1 0
github.com/ace-platform/auth-service/internal/store/store.go:180.2,180.15 1 0
github.com/ace-platform/auth-service/internal/store/store.go:183.61,187.9 4 0
github.com/ace-platform/auth-service/internal/store/store.go:187.9,189.3 1 0
github.com/ace-platform/auth-service/internal/store/store.go:190.2,191.12 2 0
github.com/ace-platform/auth-service/internal/server/server.go:24.60,29.2 1 0
github.com/ace-platform/auth-service/internal/server/server.go:31.29,33.2 1 0
github.com/ace-platform/auth-service/internal/server/server.go:35.44,38.74 2 0
github.com/ace-platform/auth-service/internal/server/server.go:38.74,41.3 2 0
github.com/ace-platform/auth-service/internal/server/server.go:43.2,43.73 1 0
github.com/ace-platform/auth-service/internal/server/server.go:43.73,44.21 1 0
github.com/ace-platform/auth-service/internal/server/server.go:44.21,47.4 2 0
github.com/ace-platform/auth-service/internal/server/server.go:47.9,50.4 2 0
github.com/ace-platform/auth-service/internal/server/server.go:54.2,66.39 12 0
github.com/ace-platform/auth-service/internal/server/server.go:69.53,72.2 2 0
github.com/ace-platform/auth-service/internal/kafka/config.go:27.37,29.58 2 0
github.com/ace-platform/auth-service/internal/kafka/config.go:29.58,31.3 1 0
github.com/ace-platform/auth-service/internal/kafka/config.go:32.2,32.50 1 0
github.com/ace-platform/auth-service/internal/kafka/config.go:32.50,33.44 1 0
github.com/ace-platform/auth-service/internal/kafka/config.go:33.44,35.4 1 0
github.com/ace-platform/auth-service/internal/kafka/config.go:37.2,37.55 1 0
github.com/ace-platform/auth-service/internal/kafka/config.go:37.55,38.44 1 0
github.com/ace-platform/auth-service/internal/kafka/config.go:38.44,40.4 1 0
github.com/ace-platform/auth-service/internal/kafka/config.go:42.2,42.12 1 0
github.com/ace-platform/auth-service/internal/kafka/config.go:48.59,50.58 2 0
github.com/ace-platform/auth-service/internal/kafka/config.go:50.58,52.3 1 0
github.com/ace-platform/auth-service/internal/kafka/config.go:53.2,53.50 1 0
github.com/ace-platform/auth-service/internal/kafka/config.go:53.50,54.44 1 0
github.com/ace-platform/auth-service/internal/kafka/config.go:54.44,56.4 1 0
github.com/ace-platform/auth-service/internal/kafka/config.go:58.2,58.55 1 0
github.com/ace-platform/auth-service/internal/kafka/config.go:58.55,59.44 1 0
github.com/ace-platform/auth-service/internal/kafka/config.go:59.44,61.4 1 0
github.com/ace-platform/auth-service/internal/kafka/config.go:63.2,63.54 1 0
github.com/ace-platform/auth-service/internal/kafka/config.go:63.54,64.44 1 0
github.com/ace-platform/auth-service/internal/kafka/config.go:64.44,66.4 1 0
github.com/ace-platform/auth-service/internal/kafka/config.go:68.2,68.12 1 0
github.com/ace-platform/auth-service/internal/kafka/consumer.go:35.59,43.2 1 1
github.com/ace-platform/auth-service/internal/kafka/consumer.go:57.84,65.2 1 1
github.com/ace-platform/auth-service/internal/kafka/consumer.go:68.68,72.2 3 1
github.com/ace-platform/auth-service/internal/kafka/consumer.go:75.69,79.2 3 1
github.com/ace-platform/auth-service/internal/kafka/consumer.go:82.60,86.31 4 1
github.com/ace-platform/auth-service/internal/kafka/consumer.go:86.31,87.33 1 1
github.com/ace-platform/auth-service/internal/kafka/consumer.go:87.33,90.4 2 1
github.com/ace-platform/auth-service/internal/kafka/consumer.go:92.2,95.32 3 1
github.com/ace-platform/auth-service/internal/kafka/consumer.go:95.32,97.51 2 1
github.com/ace-platform/auth-service/internal/kafka/consumer.go:97.51,100.4 2 1
github.com/ace-platform/auth-service/internal/kafka/consumer.go:102.2,103.12 2 1
github.com/ace-platform/auth-service/internal/kafka/consumer.go:106.111,107.6 1 1
github.com/ace-platform/auth-service/internal/kafka/consumer.go:107.6,108.10 1 1
github.com/ace-platform/auth-service/internal/kafka/consumer.go:109.21,110.10 1 1
github.com/ace-platform/auth-service/internal/kafka/consumer.go:111.25,112.11 1 1
github.com/ace-platform/auth-service/internal/kafka/consumer.go:112.11,114.5 1 1
github.com/ace-platform/auth-service/internal/kafka/consumer.go:115.4,115.45 1 1
github.com/ace-platform/auth-service/internal/kafka/consumer.go:120.105,122.58 2 1
github.com/ace-platform/auth-service/internal/kafka/consumer.go:122.58,126.3 3 1
github.com/ace-platform/auth-service/internal/kafka/consumer.go:129.2,130.30 2 1
github.com/ace-platform/auth-service/internal/kafka/consumer.go:130.30,133.3 2 1
github.com/ace-platform/auth-service/internal/kafka/consumer.go:134.2,137.62 3 1
github.com/ace-platform/auth-service/internal/kafka/consumer.go:137.62,138.18 1 1
github.com/ace-platform/auth-service/internal/kafka/consumer.go:138.18,140.4 1 1
github.com/ace-platform/auth-service/internal/kafka/consumer.go:141.3,141.45 1 1
github.com/ace-platform/auth-service/internal/kafka/consumer.go:141.45,143.12 2 1
github.com/ace-platform/auth-service/internal/kafka/consumer.go:146.3,148.51 3 1
github.com/ace-platform/auth-service/internal/kafka/consumer.go:148.51,150.4 1 1
github.com/ace-platform/auth-service/internal/kafka/consumer.go:151.3,152.9 2 1
github.com/ace-platform/auth-service/internal/kafka/consumer.go:155.2,156.34 2 1
github.com/ace-platform/auth-service/internal/kafka/consumer.go:159.74,160.26 1 1
github.com/ace-platform/auth-service/internal/kafka/consumer.go:160.26,162.3 1 0
github.com/ace-platform/auth-service/internal/kafka/consumer.go:163.2,171.19 3 1
github.com/ace-platform/auth-service/internal/kafka/consumer.go:171.19,173.3 1 1
github.com/ace-platform/auth-service/internal/kafka/consumer.go:176.41,180.32 3 1
github.com/ace-platform/auth-service/internal/kafka/consumer.go:180.32,181.20 1 1
github.com/ace-platform/auth-service/internal/kafka/consumer.go:181.20,182.9 1 1
github.com/ace-platform/auth-service/internal/kafka/consumer.go:184.3,185.10 2 1
github.com/ace-platform/auth-service/internal/kafka/consumer.go:190.41,195.2 4 1
github.com/ace-platform/auth-service/internal/kafka/consumer.go:198.48,202.2 3 1
github.com/ace-platform/auth-service/internal/kafka/consumer.go:205.46,206.43 1 1
github.com/ace-platform/auth-service/internal/kafka/consumer.go:206.43,208.3 1 1
github.com/ace-platform/auth-service/internal/kafka/consumer.go:209.2,209.14 1 1
github.com/ace-platform/auth-service/internal/kafka/event.go:23.93,25.16 2 1
github.com/ace-platform/auth-service/internal/kafka/event.go:25.16,27.3 1 0
github.com/ace-platform/auth-service/internal/kafka/event.go:28.2,29.16 2 1
github.com/ace-platform/auth-service/internal/kafka/event.go:29.16,31.3 1 0
github.com/ace-platform/auth-service/internal/kafka/event.go:32.2,40.8 1 1
github.com/ace-platform/auth-service/internal/kafka/event.go:53.37,55.45 2 1
github.com/ace-platform/auth-service/internal/kafka/event.go:55.45,57.3 1 0
github.com/ace-platform/auth-service/internal/kafka/event.go:58.2,61.60 3 1
github.com/ace-platform/auth-service/internal/kafka/producer.go:27.45,34.2 1 1
github.com/ace-platform/auth-service/internal/kafka/producer.go:48.62,53.2 1 1
github.com/ace-platform/auth-service/internal/kafka/producer.go:56.80,62.2 5 1
github.com/ace-platform/auth-service/internal/kafka/producer.go:66.90,70.2 3 1
github.com/ace-platform/auth-service/internal/kafka/producer.go:73.74,75.14 2 1
github.com/ace-platform/auth-service/internal/kafka/producer.go:75.14,78.3 2 1
github.com/ace-platform/auth-service/internal/kafka/producer.go:79.2,85.57 6 1
github.com/ace-platform/auth-service/internal/kafka/producer.go:85.57,86.18 1 1
github.com/ace-platform/auth-service/internal/kafka/producer.go:86.18,88.4 1 1
github.com/ace-platform/auth-service/internal/kafka/producer.go:90.3,90.18 1 1
github.com/ace-platform/auth-service/internal/kafka/producer.go:90.18,91.50 1 1
github.com/ace-platform/auth-service/internal/kafka/producer.go:91.50,93.13 2 1
github.com/ace-platform/auth-service/internal/kafka/producer.go:97.3,98.17 2 1
github.com/ace-platform/auth-service/internal/kafka/producer.go:98.17,100.4 1 1
github.com/ace-platform/auth-service/internal/kafka/producer.go:102.3,108.16 2 1
github.com/ace-platform/auth-service/internal/kafka/producer.go:108.16,109.11 1 1
github.com/ace-platform/auth-service/internal/kafka/producer.go:110.19,110.19 0 1
github.com/ace-platform/auth-service/internal/kafka/producer.go:111.12,113.13 2 1
github.com/ace-platform/auth-service/internal/kafka/producer.go:116.3,116.13 1 1
github.com/ace-platform/auth-service/internal/kafka/producer.go:118.2,118.112 1 1
github.com/ace-platform/auth-service/internal/kafka/producer.go:122.41,126.30 4 1
github.com/ace-platform/auth-service/internal/kafka/producer.go:126.30,128.3 1 0
github.com/ace-platform/auth-service/internal/kafka/producer.go:129.2,129.12 1 1
github.com/ace-platform/auth-service/internal/kafka/producer.go:133.58,137.15 4 1
github.com/ace-platform/auth-service/internal/kafka/producer.go:137.15,139.3 1 1
github.com/ace-platform/auth-service/internal/kafka/producer.go:140.2,141.6 2 1
github.com/ace-platform/auth-service/internal/kafka/producer.go:141.6,142.10 1 1
github.com/ace-platform/auth-service/internal/kafka/producer.go:143.22,144.11 1 1
github.com/ace-platform/auth-service/internal/kafka/producer.go:144.11,146.5 1 0
github.com/ace-platform/auth-service/internal/kafka/producer.go:147.4,147.26 1 1
github.com/ace-platform/auth-service/internal/kafka/producer.go:148.11,149.15 1 1
github.com/ace-platform/auth-service/internal/kafka/wiring.go:37.99,39.16 2 1
github.com/ace-platform/auth-service/internal/kafka/wiring.go:39.16,41.3 1 0
github.com/ace-platform/auth-service/internal/kafka/wiring.go:42.2,42.71 1 1
github.com/ace-platform/auth-service/internal/kafka/wiring.go:48.61,49.54 1 1
github.com/ace-platform/auth-service/internal/kafka/wiring.go:49.54,51.65 2 1
github.com/ace-platform/auth-service/internal/kafka/wiring.go:51.65,53.4 1 0
github.com/ace-platform/auth-service/internal/kafka/wiring.go:54.3,54.47 1 1
