mode: set
github.com/ace-platform/compliance-service/cmd/compliance-service/main.go:14.13,28.12 9 0
github.com/ace-platform/compliance-service/cmd/compliance-service/main.go:28.12,29.49 1 0
github.com/ace-platform/compliance-service/cmd/compliance-service/main.go:29.49,31.4 1 0
github.com/ace-platform/compliance-service/cmd/compliance-service/main.go:34.2,35.16 2 0
github.com/ace-platform/compliance-service/cmd/compliance-service/main.go:35.16,37.3 1 0
github.com/ace-platform/compliance-service/cmd/compliance-service/main.go:39.2,47.13 7 0
github.com/ace-platform/compliance-service/internal/screening/provider.go:26.44,28.2 1 1
github.com/ace-platform/compliance-service/internal/screening/provider.go:30.92,32.2 1 1
github.com/ace-platform/compliance-service/internal/screening/provider.go:34.41,36.2 1 1
github.com/ace-platform/compliance-service/internal/screening/provider.go:44.76,46.2 1 1
github.com/ace-platform/compliance-service/internal/screening/provider.go:48.91,49.18 1 1
github.com/ace-platform/compliance-service/internal/screening/provider.go:49.18,51.3 1 0
github.com/ace-platform/compliance-service/internal/screening/provider.go:52.2,52.23 1 1
github.com/ace-platform/compliance-service/internal/screening/provider.go:55.40,57.2 1 1
github.com/ace-platform/compliance-service/internal/screening/risk.go:20.83,31.2 9 1
github.com/ace-platform/compliance-service/internal/screening/risk.go:34.47,35.9 1 1
github.com/ace-platform/compliance-service/internal/screening/risk.go:36.19,37.23 1 1
github.com/ace-platform/compliance-service/internal/screening/risk.go:38.19,39.26 1 1
github.com/ace-platform/compliance-service/internal/screening/risk.go:40.19,41.24 1 1
github.com/ace-platform/compliance-service/internal/screening/risk.go:42.10,43.30 1 1
github.com/ace-platform/compliance-service/internal/screening/risk.go:48.59,49.12 1 1
github.com/ace-platform/compliance-service/internal/screening/risk.go:50.35,51.12 1 1
github.com/ace-platform/compliance-service/internal/screening/risk.go:52.36,53.12 1 0
github.com/ace-platform/compliance-service/internal/screening/risk.go:54.34,55.12 1 0
github.com/ace-platform/compliance-service/internal/screening/risk.go:56.31,57.12 1 0
github.com/ace-platform/compliance-service/internal/screening/risk.go:58.38,59.12 1 1
github.com/ace-platform/compliance-service/internal/screening/risk.go:60.10,61.12 1 1
github.com/ace-platform/compliance-service/internal/screening/risk.go:67.45,74.27 3 1
github.com/ace-platform/compliance-service/internal/screening/risk.go:74.27,76.3 1 1
github.com/ace-platform/compliance-service/internal/screening/risk.go:77.2,77.29 1 1
github.com/ace-platform/compliance-service/internal/screening/risk.go:77.29,79.3 1 1
github.com/ace-platform/compliance-service/internal/screening/risk.go:80.2,80.11 1 1
github.com/ace-platform/compliance-service/internal/screening/risk.go:84.81,85.17 1 1
github.com/ace-platform/compliance-service/internal/screening/risk.go:86.28,87.11 1 1
github.com/ace-platform/compliance-service/internal/screening/risk.go:88.33,91.23 3 1
github.com/ace-platform/compliance-service/internal/screening/risk.go:91.23,93.4 1 1
github.com/ace-platform/compliance-service/internal/screening/risk.go:94.3,94.22 1 1
github.com/ace-platform/compliance-service/internal/screening/risk.go:95.28,96.12 1 1
github.com/ace-platform/compliance-service/internal/screening/risk.go:97.10,98.12 1 0
github.com/ace-platform/compliance-service/internal/screening/service.go:14.34,17.2 2 1
github.com/ace-platform/compliance-service/internal/screening/service.go:26.89,32.2 1 1
github.com/ace-platform/compliance-service/internal/screening/service.go:35.126,36.25 1 1
github.com/ace-platform/compliance-service/internal/screening/service.go:36.25,38.3 1 0
github.com/ace-platform/compliance-service/internal/screening/service.go:41.2,41.20 1 1
github.com/ace-platform/compliance-service/internal/screening/service.go:41.20,43.67 2 1
github.com/ace-platform/compliance-service/internal/screening/service.go:43.67,45.4 1 1
github.com/ace-platform/compliance-service/internal/screening/service.go:49.2,50.25 2 1
github.com/ace-platform/compliance-service/internal/screening/service.go:50.25,52.17 2 1
github.com/ace-platform/compliance-service/internal/screening/service.go:52.17,55.4 2 1
github.com/ace-platform/compliance-service/internal/screening/service.go:57.2,57.16 1 1
github.com/ace-platform/compliance-service/internal/screening/service.go:57.16,60.17 2 1
github.com/ace-platform/compliance-service/internal/screening/service.go:60.17,62.4 1 0
github.com/ace-platform/compliance-service/internal/screening/service.go:63.3,65.26 3 1
github.com/ace-platform/compliance-service/internal/screening/service.go:65.26,67.4 1 1
github.com/ace-platform/compliance-service/internal/screening/service.go:71.2,82.16 4 1
github.com/ace-platform/compliance-service/internal/screening/service.go:82.16,84.69 2 0
github.com/ace-platform/compliance-service/internal/screening/service.go:84.69,86.4 1 0
github.com/ace-platform/compliance-service/internal/screening/service.go:87.3,87.21 1 0
github.com/ace-platform/compliance-service/internal/screening/service.go:90.2,90.31 1 1
github.com/ace-platform/compliance-service/internal/screening/service.go:90.31,92.3 1 1
github.com/ace-platform/compliance-service/internal/screening/service.go:92.8,94.38 2 1
github.com/ace-platform/compliance-service/internal/screening/service.go:94.38,105.52 3 1
github.com/ace-platform/compliance-service/internal/screening/service.go:105.52,107.5 1 0
github.com/ace-platform/compliance-service/internal/screening/service.go:111.2,111.60 1 1
github.com/ace-platform/compliance-service/internal/screening/service.go:111.60,113.3 1 0
github.com/ace-platform/compliance-service/internal/screening/service.go:115.2,115.20 1 1
github.com/ace-platform/compliance-service/internal/screening/service.go:119.90,121.2 1 1
github.com/ace-platform/compliance-service/internal/screening/service.go:124.99,129.37 2 1
github.com/ace-platform/compliance-service/internal/screening/service.go:129.37,131.17 2 1
github.com/ace-platform/compliance-service/internal/screening/service.go:131.17,133.12 2 0
github.com/ace-platform/compliance-service/internal/screening/service.go:135.3,136.21 2 1
github.com/ace-platform/compliance-service/internal/screening/service.go:137.29,138.18 1 1
github.com/ace-platform/compliance-service/internal/screening/service.go:139.34,140.25 1 0
github.com/ace-platform/compliance-service/internal/screening/service.go:141.29,142.19 1 0
github.com/ace-platform/compliance-service/internal/screening/service.go:146.2,146.20 1 1
github.com/ace-platform/compliance-service/internal/screening/service.go:159.122,161.16 2 1
github.com/ace-platform/compliance-service/internal/screening/service.go:161.16,163.3 1 0
github.com/ace-platform/compliance-service/internal/screening/service.go:165.2,165.20 1 1
github.com/ace-platform/compliance-service/internal/screening/service.go:165.20,167.3 1 1
github.com/ace-platform/compliance-service/internal/screening/service.go:168.2,168.21 1 1
github.com/ace-platform/compliance-service/internal/screening/service.go:168.21,170.3 1 0
github.com/ace-platform/compliance-service/internal/screening/service.go:172.2,178.49 6 1
github.com/ace-platform/compliance-service/internal/screening/service.go:178.49,180.3 1 0
github.com/ace-platform/compliance-service/internal/screening/service.go:181.2,181.19 1 1
github.com/ace-platform/compliance-service/internal/screening/service.go:185.94,187.16 2 1
github.com/ace-platform/compliance-service/internal/screening/service.go:187.16,189.3 1 0
github.com/ace-platform/compliance-service/internal/screening/service.go:192.2,199.16 3 1
github.com/ace-platform/compliance-service/internal/screening/service.go:199.16,201.3 1 1
github.com/ace-platform/compliance-service/internal/screening/service.go:204.2,204.29 1 1
github.com/ace-platform/compliance-service/internal/screening/service.go:204.29,206.3 1 0
github.com/ace-platform/compliance-service/internal/screening/service.go:206.8,208.3 1 1
github.com/ace-platform/compliance-service/internal/screening/service.go:211.2,213.23 3 1
github.com/ace-platform/compliance-service/internal/screening/service.go:213.23,215.26 2 1
github.com/ace-platform/compliance-service/internal/screening/service.go:215.26,216.43 1 1
github.com/ace-platform/compliance-service/internal/screening/service.go:216.43,218.5 1 1
github.com/ace-platform/compliance-service/internal/screening/service.go:220.3,220.76 1 1
github.com/ace-platform/compliance-service/internal/screening/service.go:224.2,230.14 5 1
github.com/ace-platform/compliance-service/internal/screening/service.go:231.21,232.36 1 1
github.com/ace-platform/compliance-service/internal/screening/service.go:233.24,234.36 1 0
github.com/ace-platform/compliance-service/internal/screening/service.go:235.22,236.36 1 0
github.com/ace-platform/compliance-service/internal/screening/service.go:237.28,238.36 1 0
github.com/ace-platform/compliance-service/internal/screening/service.go:241.2,252.53 2 1
github.com/ace-platform/compliance-service/internal/screening/service.go:252.53,254.3 1 0
github.com/ace-platform/compliance-service/internal/screening/service.go:257.2,259.60 3 1
github.com/ace-platform/compliance-service/internal/screening/service.go:259.60,261.3 1 0
github.com/ace-platform/compliance-service/internal/screening/service.go:263.2,263.19 1 1
github.com/ace-platform/compliance-service/internal/screening/service.go:267.80,269.2 1 1
github.com/ace-platform/compliance-service/internal/screening/service.go:273.100,275.16 2 1
github.com/ace-platform/compliance-service/internal/screening/service.go:275.16,277.3 1 0
github.com/ace-platform/compliance-service/internal/screening/service.go:279.2,279.51 1 1
github.com/ace-platform/compliance-service/internal/screening/service.go:279.51,281.3 1 0
github.com/ace-platform/compliance-service/internal/screening/service.go:284.2,285.16 2 1
github.com/ace-platform/compliance-service/internal/screening/service.go:285.16,287.3 1 0
github.com/ace-platform/compliance-service/internal/screening/service.go:290.2,290.49 1 1
github.com/ace-platform/compliance-service/internal/screening/service.go:290.49,293.61 3 1
github.com/ace-platform/compliance-service/internal/screening/service.go:293.61,295.4 1 0
github.com/ace-platform/compliance-service/internal/screening/service.go:296.3,296.18 1 1
github.com/ace-platform/compliance-service/internal/screening/service.go:300.2,302.60 3 1
github.com/ace-platform/compliance-service/internal/screening/service.go:302.60,304.3 1 0
github.com/ace-platform/compliance-service/internal/screening/service.go:307.2,308.16 2 1
github.com/ace-platform/compliance-service/internal/screening/service.go:308.16,310.3 1 0
github.com/ace-platform/compliance-service/internal/screening/service.go:313.2,313.24 1 1
github.com/ace-platform/compliance-service/internal/screening/service.go:314.39,319.22 5 1
github.com/ace-platform/compliance-service/internal/screening/service.go:320.22,322.35 2 0
github.com/ace-platform/compliance-service/internal/screening/service.go:323.28,326.35 3 0
github.com/ace-platform/compliance-service/internal/screening/service.go:329.2,329.60 1 1
github.com/ace-platform/compliance-service/internal/screening/service.go:329.60,331.3 1 0
github.com/ace-platform/compliance-service/internal/screening/service.go:332.2,332.17 1 1
github.com/ace-platform/compliance-service/internal/screening/service.go:336.115,347.49 2 1
github.com/ace-platform/compliance-service/internal/screening/service.go:347.49,349.3 1 0
github.com/ace-platform/compliance-service/internal/screening/service.go:350.2,350.19 1 1
github.com/ace-platform/compliance-service/internal/screening/service.go:354.135,356.16 2 1
github.com/ace-platform/compliance-service/internal/screening/service.go:356.16,358.3 1 0
github.com/ace-platform/compliance-service/internal/screening/service.go:360.2,360.79 1 1
github.com/ace-platform/compliance-service/internal/screening/service.go:360.79,362.3 1 1
github.com/ace-platform/compliance-service/internal/screening/service.go:364.2,364.20 1 1
github.com/ace-platform/compliance-service/internal/screening/service.go:365.91,365.91 0 1
github.com/ace-platform/compliance-service/internal/screening/service.go:367.10,368.70 1 1
github.com/ace-platform/compliance-service/internal/screening/service.go:371.2,376.49 5 1
github.com/ace-platform/compliance-service/internal/screening/service.go:376.49,378.3 1 0
github.com/ace-platform/compliance-service/internal/screening/service.go:379.2,379.19 1 1
github.com/ace-platform/compliance-service/internal/screening/service.go:383.129,385.2 1 1
github.com/ace-platform/compliance-service/internal/screening/service.go:388.126,389.63 1 1
github.com/ace-platform/compliance-service/internal/screening/service.go:389.63,391.3 1 1
github.com/ace-platform/compliance-service/internal/screening/service.go:393.2,403.51 2 1
github.com/ace-platform/compliance-service/internal/screening/service.go:403.51,405.3 1 0
github.com/ace-platform/compliance-service/internal/screening/service.go:406.2,406.17 1 1
github.com/ace-platform/compliance-service/internal/screening/store.go:41.40,49.2 1 1
github.com/ace-platform/compliance-service/internal/screening/store.go:51.82,56.2 4 1
github.com/ace-platform/compliance-service/internal/screening/store.go:58.96,62.9 4 1
github.com/ace-platform/compliance-service/internal/screening/store.go:62.9,64.3 1 1
github.com/ace-platform/compliance-service/internal/screening/store.go:65.2,65.15 1 1
github.com/ace-platform/compliance-service/internal/screening/store.go:68.98,72.33 4 1
github.com/ace-platform/compliance-service/internal/screening/store.go:72.33,73.39 1 1
github.com/ace-platform/compliance-service/internal/screening/store.go:73.39,74.62 1 1
github.com/ace-platform/compliance-service/internal/screening/store.go:74.62,76.5 1 1
github.com/ace-platform/compliance-service/internal/screening/store.go:79.2,79.19 1 1
github.com/ace-platform/compliance-service/internal/screening/store.go:79.19,81.3 1 1
github.com/ace-platform/compliance-service/internal/screening/store.go:82.2,82.20 1 1
github.com/ace-platform/compliance-service/internal/screening/store.go:85.70,90.2 4 1
github.com/ace-platform/compliance-service/internal/screening/store.go:92.81,96.9 4 1
github.com/ace-platform/compliance-service/internal/screening/store.go:96.9,98.3 1 0
github.com/ace-platform/compliance-service/internal/screening/store.go:99.2,99.15 1 1
github.com/ace-platform/compliance-service/internal/screening/store.go:102.69,108.2 5 1
github.com/ace-platform/compliance-service/internal/screening/store.go:110.92,114.9 4 1
github.com/ace-platform/compliance-service/internal/screening/store.go:114.9,116.3 1 1
github.com/ace-platform/compliance-service/internal/screening/store.go:117.2,117.19 1 1
github.com/ace-platform/compliance-service/internal/screening/store.go:120.71,125.2 4 1
github.com/ace-platform/compliance-service/internal/screening/store.go:127.82,131.9 4 1
github.com/ace-platform/compliance-service/internal/screening/store.go:131.9,133.3 1 0
github.com/ace-platform/compliance-service/internal/screening/store.go:134.2,134.15 1 1
github.com/ace-platform/compliance-service/internal/screening/store.go:137.135,140.16 3 1
github.com/ace-platform/compliance-service/internal/screening/store.go:140.16,142.3 1 0
github.com/ace-platform/compliance-service/internal/screening/store.go:143.2,144.29 2 1
github.com/ace-platform/compliance-service/internal/screening/store.go:144.29,145.53 1 1
github.com/ace-platform/compliance-service/internal/screening/store.go:145.53,146.12 1 0
github.com/ace-platform/compliance-service/internal/screening/store.go:148.3,148.62 1 1
github.com/ace-platform/compliance-service/internal/screening/store.go:148.62,149.12 1 1
github.com/ace-platform/compliance-service/internal/screening/store.go:151.3,152.27 2 1
github.com/ace-platform/compliance-service/internal/screening/store.go:152.27,153.9 1 0
github.com/ace-platform/compliance-service/internal/screening/store.go:156.2,156.20 1 1
github.com/ace-platform/compliance-service/internal/screening/store.go:159.67,164.2 4 1
github.com/ace-platform/compliance-service/internal/screening/store.go:167.78,171.9 4 0
github.com/ace-platform/compliance-service/internal/screening/store.go:171.9,173.3 1 0
github.com/ace-platform/compliance-service/internal/screening/store.go:174.2,174.15 1 0
github.com/ace-platform/compliance-service/internal/screening/store.go:178.65,182.29 4 0
github.com/ace-platform/compliance-service/internal/screening/store.go:182.29,183.59 1 0
github.com/ace-platform/compliance-service/internal/screening/store.go:183.59,185.4 1 0
github.com/ace-platform/compliance-service/internal/screening/store.go:187.2,187.15 1 0
github.com/ace-platform/compliance-service/internal/screening/store.go:191.57,195.33 4 0
github.com/ace-platform/compliance-service/internal/screening/store.go:195.33,196.55 1 0
github.com/ace-platform/compliance-service/internal/screening/store.go:196.55,198.4 1 0
github.com/ace-platform/compliance-service/internal/screening/store.go:200.2,200.15 1 0
github.com/ace-platform/compliance-service/internal/screening/store.go:204.99,208.33 4 0
github.com/ace-platform/compliance-service/internal/screening/store.go:208.33,209.39 1 0
github.com/ace-platform/compliance-service/internal/screening/store.go:209.39,211.4 1 0
github.com/ace-platform/compliance-service/internal/screening/store.go:213.2,213.15 1 0
github.com/ace-platform/compliance-service/internal/screening/store.go:217.43,219.2 1 0
github.com/ace-platform/compliance-service/internal/onboarding/service.go:13.34,16.2 2 1
github.com/ace-platform/compliance-service/internal/onboarding/service.go:23.39,25.2 1 1
github.com/ace-platform/compliance-service/internal/onboarding/service.go:28.245,29.25 1 1
github.com/ace-platform/compliance-service/internal/onboarding/service.go:29.25,31.3 1 1
github.com/ace-platform/compliance-service/internal/onboarding/service.go:32.2,32.21 1 1
github.com/ace-platform/compliance-service/internal/onboarding/service.go:32.21,34.3 1 1
github.com/ace-platform/compliance-service/internal/onboarding/service.go:35.2,35.50 1 1
github.com/ace-platform/compliance-service/internal/onboarding/service.go:35.50,37.3 1 1
github.com/ace-platform/compliance-service/internal/onboarding/service.go:38.2,38.27 1 1
github.com/ace-platform/compliance-service/internal/onboarding/service.go:38.27,40.3 1 1
github.com/ace-platform/compliance-service/internal/onboarding/service.go:42.2,58.53 3 1
github.com/ace-platform/compliance-service/internal/onboarding/service.go:58.53,60.3 1 0
github.com/ace-platform/compliance-service/internal/onboarding/service.go:63.2,65.53 3 1
github.com/ace-platform/compliance-service/internal/onboarding/service.go:65.53,67.3 1 0
github.com/ace-platform/compliance-service/internal/onboarding/service.go:69.2,69.17 1 1
github.com/ace-platform/compliance-service/internal/onboarding/service.go:73.87,75.2 1 1
github.com/ace-platform/compliance-service/internal/onboarding/service.go:78.144,80.2 1 1
github.com/ace-platform/compliance-service/internal/onboarding/service.go:83.155,85.16 2 1
github.com/ace-platform/compliance-service/internal/onboarding/service.go:85.16,87.3 1 0
github.com/ace-platform/compliance-service/internal/onboarding/service.go:89.2,89.95 1 1
github.com/ace-platform/compliance-service/internal/onboarding/service.go:89.95,91.3 1 0
github.com/ace-platform/compliance-service/internal/onboarding/service.go:93.2,93.33 1 1
github.com/ace-platform/compliance-service/internal/onboarding/service.go:93.33,95.3 1 1
github.com/ace-platform/compliance-service/internal/onboarding/service.go:97.2,110.50 3 1
github.com/ace-platform/compliance-service/internal/onboarding/service.go:110.50,112.3 1 0
github.com/ace-platform/compliance-service/internal/onboarding/service.go:114.2,114.17 1 1
github.com/ace-platform/compliance-service/internal/onboarding/service.go:118.82,120.2 1 1
github.com/ace-platform/compliance-service/internal/onboarding/service.go:123.88,125.16 2 1
github.com/ace-platform/compliance-service/internal/onboarding/service.go:125.16,127.3 1 0
github.com/ace-platform/compliance-service/internal/onboarding/service.go:129.2,129.48 1 1
github.com/ace-platform/compliance-service/internal/onboarding/service.go:129.48,131.3 1 0
github.com/ace-platform/compliance-service/internal/onboarding/service.go:133.2,134.16 2 1
github.com/ace-platform/compliance-service/internal/onboarding/service.go:134.16,136.3 1 0
github.com/ace-platform/compliance-service/internal/onboarding/service.go:138.2,140.25 3 1
github.com/ace-platform/compliance-service/internal/onboarding/service.go:140.25,142.3 1 1
github.com/ace-platform/compliance-service/internal/onboarding/service.go:144.2,144.31 1 1
github.com/ace-platform/compliance-service/internal/onboarding/service.go:144.31,145.21 1 1
github.com/ace-platform/compliance-service/internal/onboarding/service.go:145.21,147.4 1 1
github.com/ace-platform/compliance-service/internal/onboarding/service.go:150.2,152.53 3 1
github.com/ace-platform/compliance-service/internal/onboarding/service.go:152.53,154.3 1 0
github.com/ace-platform/compliance-service/internal/onboarding/service.go:155.2,155.17 1 1
github.com/ace-platform/compliance-service/internal/onboarding/service.go:160.90,162.16 2 1
github.com/ace-platform/compliance-service/internal/onboarding/service.go:162.16,164.3 1 0
github.com/ace-platform/compliance-service/internal/onboarding/service.go:165.2,165.103 1 1
github.com/ace-platform/compliance-service/internal/onboarding/service.go:165.103,167.3 1 0
github.com/ace-platform/compliance-service/internal/onboarding/service.go:169.2,171.53 3 1
github.com/ace-platform/compliance-service/internal/onboarding/service.go:171.53,173.3 1 0
github.com/ace-platform/compliance-service/internal/onboarding/service.go:176.2,177.16 2 1
github.com/ace-platform/compliance-service/internal/onboarding/service.go:177.16,179.3 1 0
github.com/ace-platform/compliance-service/internal/onboarding/service.go:180.2,181.27 2 1
github.com/ace-platform/compliance-service/internal/onboarding/service.go:181.27,184.51 3 1
github.com/ace-platform/compliance-service/internal/onboarding/service.go:184.51,186.4 1 0
github.com/ace-platform/compliance-service/internal/onboarding/service.go:190.2,192.53 3 1
github.com/ace-platform/compliance-service/internal/onboarding/service.go:192.53,194.3 1 0
github.com/ace-platform/compliance-service/internal/onboarding/service.go:196.2,196.17 1 1
github.com/ace-platform/compliance-service/internal/onboarding/service.go:200.109,202.16 2 1
github.com/ace-platform/compliance-service/internal/onboarding/service.go:202.16,204.3 1 0
github.com/ace-platform/compliance-service/internal/onboarding/service.go:206.2,206.85 1 1
github.com/ace-platform/compliance-service/internal/onboarding/service.go:206.85,208.3 1 1
github.com/ace-platform/compliance-service/internal/onboarding/service.go:209.2,209.21 1 1
github.com/ace-platform/compliance-service/internal/onboarding/service.go:209.21,211.3 1 1
github.com/ace-platform/compliance-service/internal/onboarding/service.go:213.2,220.53 7 1
github.com/ace-platform/compliance-service/internal/onboarding/service.go:220.53,222.3 1 0
github.com/ace-platform/compliance-service/internal/onboarding/service.go:223.2,223.17 1 1
github.com/ace-platform/compliance-service/internal/onboarding/service.go:227.109,229.16 2 1
github.com/ace-platform/compliance-service/internal/onboarding/service.go:229.16,231.3 1 0
github.com/ace-platform/compliance-service/internal/onboarding/service.go:233.2,233.44 1 1
github.com/ace-platform/compliance-service/internal/onboarding/service.go:233.44,235.3 1 0
github.com/ace-platform/compliance-service/internal/onboarding/service.go:236.2,236.21 1 1
github.com/ace-platform/compliance-service/internal/onboarding/service.go:236.21,238.3 1 0
github.com/ace-platform/compliance-service/internal/onboarding/service.go:239.2,239.18 1 1
github.com/ace-platform/compliance-service/internal/onboarding/service.go:239.18,241.3 1 1
github.com/ace-platform/compliance-service/internal/onboarding/service.go:243.2,248.53 5 1
github.com/ace-platform/compliance-service/internal/onboarding/service.go:248.53,250.3 1 0
github.com/ace-platform/compliance-service/internal/onboarding/service.go:251.2,251.17 1 1
github.com/ace-platform/compliance-service/internal/onboarding/service.go:255.110,257.16 2 1
github.com/ace-platform/compliance-service/internal/onboarding/service.go:257.16,259.3 1 0
github.com/ace-platform/compliance-service/internal/onboarding/service.go:261.2,261.40 1 1
github.com/ace-platform/compliance-service/internal/onboarding/service.go:261.40,263.3 1 0
github.com/ace-platform/compliance-service/internal/onboarding/service.go:265.2,270.53 5 1
github.com/ace-platform/compliance-service/internal/onboarding/service.go:270.53,272.3 1 0
github.com/ace-platform/compliance-service/internal/onboarding/service.go:273.2,273.17 1 1
github.com/ace-platform/compliance-service/internal/onboarding/service.go:277.111,279.16 2 1
github.com/ace-platform/compliance-service/internal/onboarding/service.go:279.16,281.3 1 0
github.com/ace-platform/compliance-service/internal/onboarding/service.go:283.2,283.41 1 1
github.com/ace-platform/compliance-service/internal/onboarding/service.go:283.41,285.3 1 0
github.com/ace-platform/compliance-service/internal/onboarding/service.go:287.2,294.53 7 1
github.com/ace-platform/compliance-service/internal/onboarding/service.go:294.53,296.3 1 0
github.com/ace-platform/compliance-service/internal/onboarding/service.go:297.2,297.17 1 1
github.com/ace-platform/compliance-service/internal/onboarding/service.go:301.98,303.16 2 1
github.com/ace-platform/compliance-service/internal/onboarding/service.go:303.16,308.3 1 1
github.com/ace-platform/compliance-service/internal/onboarding/service.go:310.2,316.20 2 1
github.com/ace-platform/compliance-service/internal/onboarding/service.go:317.28,318.71 1 1
github.com/ace-platform/compliance-service/internal/onboarding/service.go:318.71,320.4 1 0
github.com/ace-platform/compliance-service/internal/onboarding/service.go:320.9,322.4 1 1
github.com/ace-platform/compliance-service/internal/onboarding/service.go:323.29,324.39 1 1
github.com/ace-platform/compliance-service/internal/onboarding/service.go:325.10,326.38 1 0
github.com/ace-platform/compliance-service/internal/onboarding/service.go:329.2,329.20 1 1
github.com/ace-platform/compliance-service/internal/onboarding/service.go:333.36,335.2 1 0
github.com/ace-platform/compliance-service/internal/onboarding/store.go:31.40,37.2 1 1
github.com/ace-platform/compliance-service/internal/onboarding/store.go:39.74,46.2 6 1
github.com/ace-platform/compliance-service/internal/onboarding/store.go:48.93,52.9 4 1
github.com/ace-platform/compliance-service/internal/onboarding/store.go:52.9,54.3 1 1
github.com/ace-platform/compliance-service/internal/onboarding/store.go:55.2,55.17 1 1
github.com/ace-platform/compliance-service/internal/onboarding/store.go:58.106,62.9 4 1
github.com/ace-platform/compliance-service/internal/onboarding/store.go:62.9,64.3 1 1
github.com/ace-platform/compliance-service/internal/onboarding/store.go:65.2,66.9 2 1
github.com/ace-platform/compliance-service/internal/onboarding/store.go:66.9,68.3 1 0
github.com/ace-platform/compliance-service/internal/onboarding/store.go:69.2,69.17 1 1
github.com/ace-platform/compliance-service/internal/onboarding/store.go:72.150,75.16 3 1
github.com/ace-platform/compliance-service/internal/onboarding/store.go:75.16,77.3 1 0
github.com/ace-platform/compliance-service/internal/onboarding/store.go:78.2,79.37 2 1
github.com/ace-platform/compliance-service/internal/onboarding/store.go:79.37,80.55 1 1
github.com/ace-platform/compliance-service/internal/onboarding/store.go:80.55,81.12 1 1
github.com/ace-platform/compliance-service/internal/onboarding/store.go:83.3,83.60 1 1
github.com/ace-platform/compliance-service/internal/onboarding/store.go:83.60,84.12 1 0
github.com/ace-platform/compliance-service/internal/onboarding/store.go:86.3,87.27 2 1
github.com/ace-platform/compliance-service/internal/onboarding/store.go:87.27,88.9 1 0
github.com/ace-platform/compliance-service/internal/onboarding/store.go:91.2,91.20 1 1
github.com/ace-platform/compliance-service/internal/onboarding/store.go:94.65,99.2 4 1
github.com/ace-platform/compliance-service/internal/onboarding/store.go:101.81,105.9 4 0
github.com/ace-platform/compliance-service/internal/onboarding/store.go:105.9,107.3 1 0
github.com/ace-platform/compliance-service/internal/onboarding/store.go:108.2,108.17 1 0
github.com/ace-platform/compliance-service/internal/onboarding/store.go:111.88,115.34 4 1
github.com/ace-platform/compliance-service/internal/onboarding/store.go:115.34,116.41 1 1
github.com/ace-platform/compliance-service/internal/onboarding/store.go:116.41,118.4 1 1
github.com/ace-platform/compliance-service/internal/onboarding/store.go:120.2,120.20 1 1
github.com/ace-platform/compliance-service/internal/kafka/config.go:27.37,29.58 2 0
github.com/ace-platform/compliance-service/internal/kafka/config.go:29.58,31.3 1 0
github.com/ace-platform/compliance-service/internal/kafka/config.go:32.2,32.50 1 0
github.com/ace-platform/compliance-service/internal/kafka/config.go:32.50,33.44 1 0
github.com/ace-platform/compliance-service/internal/kafka/config.go:33.44,35.4 1 0
github.com/ace-platform/compliance-service/internal/kafka/config.go:37.2,37.55 1 0
github.com/ace-platform/compliance-service/internal/kafka/config.go:37.55,38.44 1 0
github.com/ace-platform/compliance-service/internal/kafka/config.go:38.44,40.4 1 0
github.com/ace-platform/compliance-service/internal/kafka/config.go:42.2,42.12 1 0
github.com/ace-platform/compliance-service/internal/kafka/config.go:48.59,50.58 2 0
github.com/ace-platform/compliance-service/internal/kafka/config.go:50.58,52.3 1 0
github.com/ace-platform/compliance-service/internal/kafka/config.go:53.2,53.50 1 0
github.com/ace-platform/compliance-service/internal/kafka/config.go:53.50,54.44 1 0
github.com/ace-platform/compliance-service/internal/kafka/config.go:54.44,56.4 1 0
github.com/ace-platform/compliance-service/internal/kafka/config.go:58.2,58.55 1 0
github.com/ace-platform/compliance-service/internal/kafka/config.go:58.55,59.44 1 0
github.com/ace-platform/compliance-service/internal/kafka/config.go:59.44,61.4 1 0
github.com/ace-platform/compliance-service/internal/kafka/config.go:63.2,63.54 1 0
github.com/ace-platform/compliance-service/internal/kafka/config.go:63.54,64.44 1 0
github.com/ace-platform/compliance-service/internal/kafka/config.go:64.44,66.4 1 0
github.com/ace-platform/compliance-service/internal/kafka/config.go:68.2,68.12 1 0
github.com/ace-platform/compliance-service/internal/kafka/consumer.go:35.59,43.2 1 1
github.com/ace-platform/compliance-service/internal/kafka/consumer.go:57.84,65.2 1 1
github.com/ace-platform/compliance-service/internal/kafka/consumer.go:68.68,72.2 3 1
github.com/ace-platform/compliance-service/internal/kafka/consumer.go:75.69,79.2 3 1
github.com/ace-platform/compliance-service/internal/kafka/consumer.go:82.60,86.31 4 1
github.com/ace-platform/compliance-service/internal/kafka/consumer.go:86.31,87.33 1 1
github.com/ace-platform/compliance-service/internal/kafka/consumer.go:87.33,90.4 2 1
github.com/ace-platform/compliance-service/internal/kafka/consumer.go:92.2,95.32 3 1
github.com/ace-platform/compliance-service/internal/kafka/consumer.go:95.32,97.51 2 1
github.com/ace-platform/compliance-service/internal/kafka/consumer.go:97.51,100.4 2 1
github.com/ace-platform/compliance-service/internal/kafka/consumer.go:102.2,103.12 2 1
github.com/ace-platform/compliance-service/internal/kafka/consumer.go:106.111,107.6 1 1
github.com/ace-platform/compliance-service/internal/kafka/consumer.go:107.6,108.10 1 1
github.com/ace-platform/compliance-service/internal/kafka/consumer.go:109.21,110.10 1 1
github.com/ace-platform/compliance-service/internal/kafka/consumer.go:111.25,112.11 1 1
github.com/ace-platform/compliance-service/internal/kafka/consumer.go:112.11,114.5 1 1
github.com/ace-platform/compliance-service/internal/kafka/consumer.go:115.4,115.45 1 1
github.com/ace-platform/compliance-service/internal/kafka/consumer.go:120.105,122.58 2 1
github.com/ace-platform/compliance-service/internal/kafka/consumer.go:122.58,126.3 3 1
github.com/ace-platform/compliance-service/internal/kafka/consumer.go:129.2,130.30 2 1
github.com/ace-platform/compliance-service/internal/kafka/consumer.go:130.30,133.3 2 1
github.com/ace-platform/compliance-service/internal/kafka/consumer.go:134.2,137.62 3 1
github.com/ace-platform/compliance-service/internal/kafka/consumer.go:137.62,138.18 1 1
github.com/ace-platform/compliance-service/internal/kafka/consumer.go:138.18,140.4 1 1
github.com/ace-platform/compliance-service/internal/kafka/consumer.go:141.3,141.45 1 1
github.com/ace-platform/compliance-service/internal/kafka/consumer.go:141.45,143.12 2 1
github.com/ace-platform/compliance-service/internal/kafka/consumer.go:146.3,148.51 3 1
github.com/ace-platform/compliance-service/internal/kafka/consumer.go:148.51,150.4 1 1
github.com/ace-platform/compliance-service/internal/kafka/consumer.go:151.3,152.9 2 1
github.com/ace-platform/compliance-service/internal/kafka/consumer.go:155.2,156.34 2 1
github.com/ace-platform/compliance-service/internal/kafka/consumer.go:159.74,160.26 1 1
github.com/ace-platform/compliance-service/internal/kafka/consumer.go:160.26,162.3 1 0
github.com/ace-platform/compliance-service/internal/kafka/consumer.go:163.2,171.19 3 1
github.com/ace-platform/compliance-service/internal/kafka/consumer.go:171.19,173.3 1 1
github.com/ace-platform/compliance-service/internal/kafka/consumer.go:176.41,180.32 3 1
github.com/ace-platform/compliance-service/internal/kafka/consumer.go:180.32,181.20 1 1
github.com/ace-platform/compliance-service/internal/kafka/consumer.go:181.20,182.9 1 1
github.com/ace-platform/compliance-service/internal/kafka/consumer.go:184.3,185.10 2 1
github.com/ace-platform/compliance-service/internal/kafka/consumer.go:190.41,195.2 4 1
github.com/ace-platform/compliance-service/internal/kafka/consumer.go:198.48,202.2 3 1
github.com/ace-platform/compliance-service/internal/kafka/consumer.go:205.46,206.43 1 1
github.com/ace-platform/compliance-service/internal/kafka/consumer.go:206.43,208.3 1 1
github.com/ace-platform/compliance-service/internal/kafka/consumer.go:209.2,209.14 1 1
github.com/ace-platform/compliance-service/internal/kafka/event.go:23.93,25.16 2 1
github.com/ace-platform/compliance-service/internal/kafka/event.go:25.16,27.3 1 0
github.com/ace-platform/compliance-service/internal/kafka/event.go:28.2,29.16 2 1
github.com/ace-platform/compliance-service/internal/kafka/event.go:29.16,31.3 1 0
github.com/ace-platform/compliance-service/internal/kafka/event.go:32.2,40.8 1 1
github.com/ace-platform/compliance-service/internal/kafka/event.go:53.37,55.45 2 1
github.com/ace-platform/compliance-service/internal/kafka/event.go:55.45,57.3 1 0
github.com/ace-platform/compliance-service/internal/kafka/event.go:58.2,61.60 3 1
github.com/ace-platform/compliance-service/internal/kafka/producer.go:27.45,34.2 1 1
github.com/ace-platform/compliance-service/internal/kafka/producer.go:48.62,53.2 1 1
github.com/ace-platform/compliance-service/internal/kafka/producer.go:56.80,62.2 5 1
github.com/ace-platform/compliance-service/internal/kafka/producer.go:66.90,70.2 3 1
github.com/ace-platform/compliance-service/internal/kafka/producer.go:73.74,75.14 2 1
github.com/ace-platform/compliance-service/internal/kafka/producer.go:75.14,78.3 2 1
github.com/ace-platform/compliance-service/internal/kafka/producer.go:79.2,85.57 6 1
github.com/ace-platform/compliance-service/internal/kafka/producer.go:85.57,86.18 1 1
github.com/ace-platform/compliance-service/internal/kafka/producer.go:86.18,88.4 1 1
github.com/ace-platform/compliance-service/internal/kafka/producer.go:90.3,90.18 1 1
github.com/ace-platform/compliance-service/internal/kafka/producer.go:90.18,91.50 1 1
github.com/ace-platform/compliance-service/internal/kafka/producer.go:91.50,93.13 2 1
github.com/ace-platform/compliance-service/internal/kafka/producer.go:97.3,98.17 2 1
github.com/ace-platform/compliance-service/internal/kafka/producer.go:98.17,100.4 1 1
github.com/ace-platform/compliance-service/internal/kafka/producer.go:102.3,108.16 2 1
github.com/ace-platform/compliance-service/internal/kafka/producer.go:108.16,109.11 1 1
github.com/ace-platform/compliance-service/internal/kafka/producer.go:110.19,110.19 0 1
github.com/ace-platform/compliance-service/internal/kafka/producer.go:111.12,113.13 2 1
github.com/ace-platform/compliance-service/internal/kafka/producer.go:116.3,116.13 1 1
github.com/ace-platform/compliance-service/internal/kafka/producer.go:118.2,118.112 1 1
github.com/ace-platform/compliance-service/internal/kafka/producer.go:122.41,126.30 4 1
github.com/ace-platform/compliance-service/internal/kafka/producer.go:126.30,128.3 1 0
github.com/ace-platform/compliance-service/internal/kafka/producer.go:129.2,129.12 1 1
github.com/ace-platform/compliance-service/internal/kafka/producer.go:133.58,137.15 4 1
github.com/ace-platform/compliance-service/internal/kafka/producer.go:137.15,139.3 1 1
github.com/ace-platform/compliance-service/internal/kafka/producer.go:140.2,141.6 2 1
github.com/ace-platform/compliance-service/internal/kafka/producer.go:141.6,142.10 1 1
github.com/ace-platform/compliance-service/internal/kafka/producer.go:143.22,144.11 1 1
github.com/ace-platform/compliance-service/internal/kafka/producer.go:144.11,146.5 1 0
github.com/ace-platform/compliance-service/internal/kafka/producer.go:147.4,147.26 1 1
github.com/ace-platform/compliance-service/internal/kafka/producer.go:148.11,149.15 1 1
github.com/ace-platform/compliance-service/internal/kafka/wiring.go:53.117,55.16 2 1
github.com/ace-platform/compliance-service/internal/kafka/wiring.go:55.16,57.3 1 0
github.com/ace-platform/compliance-service/internal/kafka/wiring.go:58.2,58.70 1 1
github.com/ace-platform/compliance-service/internal/kafka/wiring.go:64.55,65.54 1 1
github.com/ace-platform/compliance-service/internal/kafka/wiring.go:65.54,67.65 2 1
github.com/ace-platform/compliance-service/internal/kafka/wiring.go:67.65,69.4 1 0
github.com/ace-platform/compliance-service/internal/kafka/wiring.go:70.3,70.47 1 1
github.com/ace-platform/compliance-service/internal/kafka/wiring.go:77.63,78.54 1 1
github.com/ace-platform/compliance-service/internal/kafka/wiring.go:78.54,80.65 2 1
github.com/ace-platform/compliance-service/internal/kafka/wiring.go:80.65,82.4 1 0
github.com/ace-platform/compliance-service/internal/kafka/wiring.go:83.3,83.47 1 1
github.com/ace-platform/compliance-service/internal/server/config.go:14.29,20.2 1 1
github.com/ace-platform/compliance-service/internal/server/config.go:22.29,25.42 2 1
github.com/ace-platform/compliance-service/internal/server/config.go:25.42,26.47 1 1
github.com/ace-platform/compliance-service/internal/server/config.go:26.47,28.4 1 1
github.com/ace-platform/compliance-service/internal/server/config.go:30.2,30.44 1 1
github.com/ace-platform/compliance-service/internal/server/config.go:30.44,31.47 1 1
github.com/ace-platform/compliance-service/internal/server/config.go:31.47,33.4 1 1
github.com/ace-platform/compliance-service/internal/server/config.go:35.2,35.45 1 1
github.com/ace-platform/compliance-service/internal/server/config.go:35.45,37.3 1 1
github.com/ace-platform/compliance-service/internal/server/config.go:38.2,38.12 1 1
github.com/ace-platform/compliance-service/internal/server/server.go:22.104,28.2 1 0
github.com/ace-platform/compliance-service/internal/server/server.go:30.29,32.2 1 0
github.com/ace-platform/compliance-service/internal/server/server.go:35.44,38.74 2 0
github.com/ace-platform/compliance-service/internal/server/server.go:38.74,41.3 2 0
github.com/ace-platform/compliance-service/internal/server/server.go:43.2,43.73 1 0
github.com/ace-platform/compliance-service/internal/server/server.go:43.73,44.21 1 0
github.com/ace-platform/compliance-service/internal/server/server.go:44.21,47.4 2 0
github.com/ace-platform/compliance-service/internal/server/server.go:47.9,50.4 2 0
github.com/ace-platform/compliance-service/internal/server/server.go:53.2,53.78 1 0
github.com/ace-platform/compliance-service/internal/server/server.go:53.78,55.18 2 0
github.com/ace-platform/compliance-service/internal/server/server.go:55.18,58.4 2 0
github.com/ace-platform/compliance-service/internal/server/server.go:59.3,60.17 2 0
github.com/ace-platform/compliance-service/internal/server/server.go:60.17,63.4 2 0
github.com/ace-platform/compliance-service/internal/server/server.go:64.3,65.33 2 0
github.com/ace-platform/compliance-service/internal/server/server.go:68.2,68.85 1 0
github.com/ace-platform/compliance-service/internal/server/server.go:68.85,70.26 2 0
github.com/ace-platform/compliance-service/internal/server/server.go:70.26,73.4 2 0
github.com/ace-platform/compliance-service/internal/server/server.go:74.3,75.17 2 0
github.com/ace-platform/compliance-service/internal/server/server.go:75.17,78.4 2 0
github.com/ace-platform/compliance-service/internal/server/server.go:79.3,80.36 2 0
github.com/ace-platform/compliance-service/internal/server/server.go:83.2,84.39 2 0
github.com/ace-platform/compliance-service/internal/server/server.go:88.53,91.2 2 0
github.com/ace-platform/compliance-service/internal/types/types.go:16.52,17.12 1 1
github.com/ace-platform/compliance-service/internal/types/types.go:19.47,20.14 1 1
github.com/ace-platform/compliance-service/internal/types/types.go:22.2,22.14 1 1
github.com/ace-platform/compliance-service/internal/types/validation.go:6.59,7.12 1 1
github.com/ace-platform/compliance-service/internal/types/validation.go:8.29,9.58 1 1
github.com/ace-platform/compliance-service/internal/types/validation.go:10.28,14.4 1 1
github.com/ace-platform/compliance-service/internal/types/validation.go:15.30,19.4 1 1
github.com/ace-platform/compliance-service/internal/types/validation.go:20.25,25.4 1 1
github.com/ace-platform/compliance-service/internal/types/validation.go:26.32,30.4 1 1
github.com/ace-platform/compliance-service/internal/types/validation.go:31.10,32.13 1 1
github.com/ace-platform/compliance-service/internal/types/validation.go:37.57,51.9 3 1
github.com/ace-platform/compliance-service/internal/types/validation.go:51.9,53.3 1 1
github.com/ace-platform/compliance-service/internal/types/validation.go:54.2,54.28 1 1
github.com/ace-platform/compliance-service/internal/types/validation.go:54.28,55.14 1 1
github.com/ace-platform/compliance-service/internal/types/validation.go:55.14,57.4 1 1
github.com/ace-platform/compliance-service/internal/types/validation.go:59.2,59.72 1 1
