mode: set
github.com/ace-platform/market-data-service/cmd/market-data-service/main.go:15.13,23.23 5 0
github.com/ace-platform/market-data-service/cmd/market-data-service/main.go:23.23,25.3 1 0
github.com/ace-platform/market-data-service/cmd/market-data-service/main.go:26.2,26.55 1 0
github.com/ace-platform/market-data-service/cmd/market-data-service/main.go:26.55,28.17 2 0
github.com/ace-platform/market-data-service/cmd/market-data-service/main.go:28.17,31.4 2 0
github.com/ace-platform/market-data-service/cmd/market-data-service/main.go:35.2,35.12 1 0
github.com/ace-platform/market-data-service/cmd/market-data-service/main.go:35.12,36.49 1 0
github.com/ace-platform/market-data-service/cmd/market-data-service/main.go:36.49,38.4 1 0
github.com/ace-platform/market-data-service/cmd/market-data-service/main.go:42.2,42.12 1 0
github.com/ace-platform/market-data-service/cmd/market-data-service/main.go:42.12,45.22 3 0
github.com/ace-platform/market-data-service/cmd/market-data-service/main.go:45.22,47.4 1 0
github.com/ace-platform/market-data-service/cmd/market-data-service/main.go:51.2,51.12 1 0
github.com/ace-platform/market-data-service/cmd/market-data-service/main.go:51.12,54.22 3 0
github.com/ace-platform/market-data-service/cmd/market-data-service/main.go:54.22,56.4 1 0
github.com/ace-platform/market-data-service/cmd/market-data-service/main.go:60.2,60.12 1 0
github.com/ace-platform/market-data-service/cmd/market-data-service/main.go:60.12,63.22 3 0
github.com/ace-platform/market-data-service/cmd/market-data-service/main.go:63.22,66.4 1 0
github.com/ace-platform/market-data-service/cmd/market-data-service/main.go:70.2,71.16 2 0
github.com/ace-platform/market-data-service/cmd/market-data-service/main.go:71.16,73.3 1 0
github.com/ace-platform/market-data-service/cmd/market-data-service/main.go:75.2,84.13 7 0
github.com/ace-platform/market-data-service/internal/candle/builder.go:29.55,30.21 1 1
github.com/ace-platform/market-data-service/internal/candle/builder.go:30.21,31.33 1 1
github.com/ace-platform/market-data-service/internal/candle/builder.go:31.34,31.35 0 1
github.com/ace-platform/market-data-service/internal/candle/builder.go:33.2,36.3 1 1
github.com/ace-platform/market-data-service/internal/candle/builder.go:40.50,46.48 4 1
github.com/ace-platform/market-data-service/internal/candle/builder.go:46.48,55.14 4 1
github.com/ace-platform/market-data-service/internal/candle/builder.go:55.14,73.4 3 1
github.com/ace-platform/market-data-service/internal/candle/builder.go:76.3,76.38 1 1
github.com/ace-platform/market-data-service/internal/candle/builder.go:76.38,78.4 1 1
github.com/ace-platform/market-data-service/internal/candle/builder.go:79.3,79.34 1 1
github.com/ace-platform/market-data-service/internal/candle/builder.go:79.34,81.4 1 1
github.com/ace-platform/market-data-service/internal/candle/builder.go:82.3,88.19 5 1
github.com/ace-platform/market-data-service/internal/candle/builder.go:88.19,90.4 1 1
github.com/ace-platform/market-data-service/internal/candle/builder.go:92.3,95.17 2 1
github.com/ace-platform/market-data-service/internal/candle/builder.go:100.116,102.32 1 1
github.com/ace-platform/market-data-service/internal/candle/builder.go:102.32,103.103 1 1
github.com/ace-platform/market-data-service/internal/candle/builder.go:103.103,108.4 4 1
github.com/ace-platform/market-data-service/internal/candle/builder.go:113.102,117.32 3 1
github.com/ace-platform/market-data-service/internal/candle/builder.go:117.32,118.67 1 1
github.com/ace-platform/market-data-service/internal/candle/builder.go:118.67,120.4 1 1
github.com/ace-platform/market-data-service/internal/candle/builder.go:122.2,122.30 1 1
github.com/ace-platform/market-data-service/internal/candle/builder.go:126.69,131.32 4 1
github.com/ace-platform/market-data-service/internal/candle/builder.go:131.32,132.39 1 1
github.com/ace-platform/market-data-service/internal/candle/builder.go:132.39,135.4 2 1
github.com/ace-platform/market-data-service/internal/candle/builder.go:137.2,137.15 1 1
github.com/ace-platform/market-data-service/internal/candle/builder.go:141.61,146.32 4 1
github.com/ace-platform/market-data-service/internal/candle/builder.go:146.32,148.51 2 1
github.com/ace-platform/market-data-service/internal/candle/builder.go:148.51,153.4 4 1
github.com/ace-platform/market-data-service/internal/candle/builder.go:155.2,155.16 1 1
github.com/ace-platform/market-data-service/internal/types/candle.go:18.51,19.12 1 1
github.com/ace-platform/market-data-service/internal/types/candle.go:20.18,21.21 1 1
github.com/ace-platform/market-data-service/internal/types/candle.go:22.18,23.25 1 1
github.com/ace-platform/market-data-service/internal/types/candle.go:24.19,25.26 1 1
github.com/ace-platform/market-data-service/internal/types/candle.go:26.18,27.19 1 1
github.com/ace-platform/market-data-service/internal/types/candle.go:28.18,29.23 1 1
github.com/ace-platform/market-data-service/internal/types/candle.go:30.18,31.24 1 1
github.com/ace-platform/market-data-service/internal/types/candle.go:32.10,33.21 1 0
github.com/ace-platform/market-data-service/internal/types/candle.go:38.42,39.12 1 0
github.com/ace-platform/market-data-service/internal/types/candle.go:40.18,41.14 1 0
github.com/ace-platform/market-data-service/internal/types/candle.go:42.18,43.14 1 0
github.com/ace-platform/market-data-service/internal/types/candle.go:44.19,45.15 1 0
github.com/ace-platform/market-data-service/internal/types/candle.go:46.18,47.14 1 0
github.com/ace-platform/market-data-service/internal/types/candle.go:48.18,49.14 1 0
github.com/ace-platform/market-data-service/internal/types/candle.go:50.18,51.14 1 0
github.com/ace-platform/market-data-service/internal/types/candle.go:52.10,53.19 1 0
github.com/ace-platform/market-data-service/internal/types/candle.go:58.38,60.2 1 1
github.com/ace-platform/market-data-service/internal/types/candle.go:80.66,82.18 2 1
github.com/ace-platform/market-data-service/internal/types/candle.go:83.18,84.87 1 1
github.com/ace-platform/market-data-service/internal/types/candle.go:85.18,87.78 2 1
github.com/ace-platform/market-data-service/internal/types/candle.go:88.19,90.78 2 1
github.com/ace-platform/market-data-service/internal/types/candle.go:91.18,92.78 1 1
github.com/ace-platform/market-data-service/internal/types/candle.go:93.18,95.71 2 1
github.com/ace-platform/market-data-service/internal/types/candle.go:96.18,97.71 1 1
github.com/ace-platform/market-data-service/internal/types/candle.go:98.10,99.33 1 0
github.com/ace-platform/market-data-service/internal/types/decimal.go:17.56,19.2 1 0
github.com/ace-platform/market-data-service/internal/types/decimal.go:21.38,23.2 1 0
github.com/ace-platform/market-data-service/internal/types/decimal.go:25.28,27.2 1 1
github.com/ace-platform/market-data-service/internal/types/decimal.go:29.40,31.2 1 0
github.com/ace-platform/market-data-service/internal/types/decimal.go:33.46,35.13 2 1
github.com/ace-platform/market-data-service/internal/types/decimal.go:35.13,37.3 1 0
github.com/ace-platform/market-data-service/internal/types/decimal.go:39.2,40.31 2 1
github.com/ace-platform/market-data-service/internal/types/decimal.go:40.31,43.3 2 0
github.com/ace-platform/market-data-service/internal/types/decimal.go:45.2,47.16 3 1
github.com/ace-platform/market-data-service/internal/types/decimal.go:47.16,49.3 1 0
github.com/ace-platform/market-data-service/internal/types/decimal.go:51.2,52.21 2 1
github.com/ace-platform/market-data-service/internal/types/decimal.go:52.21,54.23 2 1
github.com/ace-platform/market-data-service/internal/types/decimal.go:54.23,56.4 1 0
github.com/ace-platform/market-data-service/internal/types/decimal.go:57.3,57.24 1 1
github.com/ace-platform/market-data-service/internal/types/decimal.go:57.24,59.4 1 1
github.com/ace-platform/market-data-service/internal/types/decimal.go:60.3,61.17 2 1
github.com/ace-platform/market-data-service/internal/types/decimal.go:61.17,63.4 1 0
github.com/ace-platform/market-data-service/internal/types/decimal.go:66.2,67.14 2 1
github.com/ace-platform/market-data-service/internal/types/decimal.go:67.14,69.3 1 0
github.com/ace-platform/market-data-service/internal/types/decimal.go:70.2,70.33 1 1
github.com/ace-platform/market-data-service/internal/types/decimal.go:73.34,73.52 1 0
github.com/ace-platform/market-data-service/internal/types/decimal.go:74.34,74.57 1 1
github.com/ace-platform/market-data-service/internal/types/decimal.go:76.41,77.27 1 0
github.com/ace-platform/market-data-service/internal/types/decimal.go:77.27,79.3 1 0
github.com/ace-platform/market-data-service/internal/types/decimal.go:80.2,80.27 1 0
github.com/ace-platform/market-data-service/internal/types/decimal.go:80.27,82.3 1 0
github.com/ace-platform/market-data-service/internal/types/decimal.go:83.2,83.10 1 0
github.com/ace-platform/market-data-service/internal/types/decimal.go:86.54,86.86 1 1
github.com/ace-platform/market-data-service/internal/types/decimal.go:87.55,87.87 1 1
github.com/ace-platform/market-data-service/internal/types/decimal.go:88.55,88.88 1 1
github.com/ace-platform/market-data-service/internal/types/decimal.go:89.57,89.90 1 0
github.com/ace-platform/market-data-service/internal/types/decimal.go:90.55,90.88 1 0
github.com/ace-platform/market-data-service/internal/types/decimal.go:92.45,92.93 1 1
github.com/ace-platform/market-data-service/internal/types/decimal.go:93.45,93.93 1 0
github.com/ace-platform/market-data-service/internal/types/decimal.go:95.48,97.2 1 1
github.com/ace-platform/market-data-service/internal/types/decimal.go:100.48,101.18 1 1
github.com/ace-platform/market-data-service/internal/types/decimal.go:101.18,103.3 1 0
github.com/ace-platform/market-data-service/internal/types/decimal.go:104.2,104.42 1 1
github.com/ace-platform/market-data-service/internal/types/decimal.go:107.32,108.17 1 0
github.com/ace-platform/market-data-service/internal/types/decimal.go:108.17,110.3 1 0
github.com/ace-platform/market-data-service/internal/types/decimal.go:111.2,111.10 1 0
github.com/ace-platform/market-data-service/internal/types/decimal.go:114.34,117.14 3 0
github.com/ace-platform/market-data-service/internal/types/decimal.go:117.14,119.3 1 0
github.com/ace-platform/market-data-service/internal/types/decimal.go:120.2,124.14 4 0
github.com/ace-platform/market-data-service/internal/types/decimal.go:124.14,126.3 1 0
github.com/ace-platform/market-data-service/internal/types/decimal.go:128.2,128.19 1 0
github.com/ace-platform/market-data-service/internal/types/decimal.go:128.19,130.3 1 0
github.com/ace-platform/market-data-service/internal/types/decimal.go:132.2,134.55 3 0
github.com/ace-platform/market-data-service/internal/ddl/generate.go:7.40,27.2 1 0
github.com/ace-platform/market-data-service/internal/ddl/generate.go:30.98,57.2 2 0
github.com/ace-platform/market-data-service/internal/ddl/generate.go:61.37,89.2 14 0
github.com/ace-platform/market-data-service/internal/ddl/generate.go:92.41,100.2 1 0
github.com/ace-platform/market-data-service/internal/retention/policy.go:27.30,38.2 1 0
github.com/ace-platform/market-data-service/internal/retention/policy.go:41.53,44.31 3 0
github.com/ace-platform/market-data-service/internal/retention/policy.go:44.31,45.23 1 0
github.com/ace-platform/market-data-service/internal/retention/policy.go:45.23,46.12 1 0
github.com/ace-platform/market-data-service/internal/retention/policy.go:48.3,49.50 2 0
github.com/ace-platform/market-data-service/internal/retention/policy.go:51.2,51.14 1 0
github.com/ace-platform/market-data-service/internal/kafka/config.go:27.37,29.58 2 0
github.com/ace-platform/market-data-service/internal/kafka/config.go:29.58,31.3 1 0
github.com/ace-platform/market-data-service/internal/kafka/config.go:32.2,32.50 1 0
github.com/ace-platform/market-data-service/internal/kafka/config.go:32.50,33.44 1 0
github.com/ace-platform/market-data-service/internal/kafka/config.go:33.44,35.4 1 0
github.com/ace-platform/market-data-service/internal/kafka/config.go:37.2,37.55 1 0
github.com/ace-platform/market-data-service/internal/kafka/config.go:37.55,38.44 1 0
github.com/ace-platform/market-data-service/internal/kafka/config.go:38.44,40.4 1 0
github.com/ace-platform/market-data-service/internal/kafka/config.go:42.2,42.12 1 0
github.com/ace-platform/market-data-service/internal/kafka/config.go:48.59,50.58 2 0
github.com/ace-platform/market-data-service/internal/kafka/config.go:50.58,52.3 1 0
github.com/ace-platform/market-data-service/internal/kafka/config.go:53.2,53.50 1 0
github.com/ace-platform/market-data-service/internal/kafka/config.go:53.50,54.44 1 0
github.com/ace-platform/market-data-service/internal/kafka/config.go:54.44,56.4 1 0
github.com/ace-platform/market-data-service/internal/kafka/config.go:58.2,58.55 1 0
github.com/ace-platform/market-data-service/internal/kafka/config.go:58.55,59.44 1 0
github.com/ace-platform/market-data-service/internal/kafka/config.go:59.44,61.4 1 0
github.com/ace-platform/market-data-service/internal/kafka/config.go:63.2,63.54 1 0
github.com/ace-platform/market-data-service/internal/kafka/config.go:63.54,64.44 1 0
github.com/ace-platform/market-data-service/internal/kafka/config.go:64.44,66.4 1 0
github.com/ace-platform/market-data-service/internal/kafka/config.go:68.2,68.12 1 0
github.com/ace-platform/market-data-service/internal/kafka/consumer.go:35.59,43.2 1 1
github.com/ace-platform/market-data-service/internal/kafka/consumer.go:57.84,65.2 1 1
github.com/ace-platform/market-data-service/internal/kafka/consumer.go:68.68,72.2 3 1
github.com/ace-platform/market-data-service/internal/kafka/consumer.go:75.69,79.2 3 1
github.com/ace-platform/market-data-service/internal/kafka/consumer.go:82.60,86.31 4 1
github.com/ace-platform/market-data-service/internal/kafka/consumer.go:86.31,87.33 1 1
github.com/ace-platform/market-data-service/internal/kafka/consumer.go:87.33,90.4 2 1
github.com/ace-platform/market-data-service/internal/kafka/consumer.go:92.2,95.32 3 1
github.com/ace-platform/market-data-service/internal/kafka/consumer.go:95.32,97.51 2 1
github.com/ace-platform/market-data-service/internal/kafka/consumer.go:97.51,100.4 2 1
github.com/ace-platform/market-data-service/internal/kafka/consumer.go:102.2,103.12 2 1
github.com/ace-platform/market-data-service/internal/kafka/consumer.go:106.111,107.6 1 1
github.com/ace-platform/market-data-service/internal/kafka/consumer.go:107.6,108.10 1 1
github.com/ace-platform/market-data-service/internal/kafka/consumer.go:109.21,110.10 1 1
github.com/ace-platform/market-data-service/internal/kafka/consumer.go:111.25,112.11 1 1
github.com/ace-platform/market-data-service/internal/kafka/consumer.go:112.11,114.5 1 1
github.com/ace-platform/market-data-service/internal/kafka/consumer.go:115.4,115.45 1 1
github.com/ace-platform/market-data-service/internal/kafka/consumer.go:120.105,122.58 2 1
github.com/ace-platform/market-data-service/internal/kafka/consumer.go:122.58,126.3 3 1
github.com/ace-platform/market-data-service/internal/kafka/consumer.go:129.2,130.30 2 1
github.com/ace-platform/market-data-service/internal/kafka/consumer.go:130.30,133.3 2 1
github.com/ace-platform/market-data-service/internal/kafka/consumer.go:134.2,137.62 3 1
github.com/ace-platform/market-data-service/internal/kafka/consumer.go:137.62,138.18 1 1
github.com/ace-platform/market-data-service/internal/kafka/consumer.go:138.18,140.4 1 1
github.com/ace-platform/market-data-service/internal/kafka/consumer.go:141.3,141.45 1 1
github.com/ace-platform/market-data-service/internal/kafka/consumer.go:141.45,143.12 2 1
github.com/ace-platform/market-data-service/internal/kafka/consumer.go:146.3,148.51 3 1
github.com/ace-platform/market-data-service/internal/kafka/consumer.go:148.51,150.4 1 1
github.com/ace-platform/market-data-service/internal/kafka/consumer.go:151.3,152.9 2 1
github.com/ace-platform/market-data-service/internal/kafka/consumer.go:155.2,156.34 2 1
github.com/ace-platform/market-data-service/internal/kafka/consumer.go:159.74,160.26 1 1
github.com/ace-platform/market-data-service/internal/kafka/consumer.go:160.26,162.3 1 0
github.com/ace-platform/market-data-service/internal/kafka/consumer.go:163.2,171.19 3 1
github.com/ace-platform/market-data-service/internal/kafka/consumer.go:171.19,173.3 1 1
github.com/ace-platform/market-data-service/internal/kafka/consumer.go:176.41,180.32 3 1
github.com/ace-platform/market-data-service/internal/kafka/consumer.go:180.32,181.20 1 1
github.com/ace-platform/market-data-service/internal/kafka/consumer.go:181.20,182.9 1 1
github.com/ace-platform/market-data-service/internal/kafka/consumer.go:184.3,185.10 2 1
github.com/ace-platform/market-data-service/internal/kafka/consumer.go:190.41,195.2 4 1
github.com/ace-platform/market-data-service/internal/kafka/consumer.go:198.48,202.2 3 1
github.com/ace-platform/market-data-service/internal/kafka/consumer.go:205.46,206.43 1 1
github.com/ace-platform/market-data-service/internal/kafka/consumer.go:206.43,208.3 1 1
github.com/ace-platform/market-data-service/internal/kafka/consumer.go:209.2,209.14 1 1
github.com/ace-platform/market-data-service/internal/kafka/event.go:23.93,25.16 2 1
github.com/ace-platform/market-data-service/internal/kafka/event.go:25.16,27.3 1 0
github.com/ace-platform/market-data-service/internal/kafka/event.go:28.2,29.16 2 1
github.com/ace-platform/market-data-service/internal/kafka/event.go:29.16,31.3 1 0
github.com/ace-platform/market-data-service/internal/kafka/event.go:32.2,40.8 1 1
github.com/ace-platform/market-data-service/internal/kafka/event.go:53.37,55.45 2 1
github.com/ace-platform/market-data-service/internal/kafka/event.go:55.45,57.3 1 0
github.com/ace-platform/market-data-service/internal/kafka/event.go:58.2,61.60 3 1
github.com/ace-platform/market-data-service/internal/kafka/producer.go:27.45,34.2 1 1
github.com/ace-platform/market-data-service/internal/kafka/producer.go:48.62,53.2 1 1
github.com/ace-platform/market-data-service/internal/kafka/producer.go:56.80,62.2 5 1
github.com/ace-platform/market-data-service/internal/kafka/producer.go:66.90,70.2 3 1
github.com/ace-platform/market-data-service/internal/kafka/producer.go:73.74,75.14 2 1
github.com/ace-platform/market-data-service/internal/kafka/producer.go:75.14,78.3 2 1
github.com/ace-platform/market-data-service/internal/kafka/producer.go:79.2,85.57 6 1
github.com/ace-platform/market-data-service/internal/kafka/producer.go:85.57,86.18 1 1
github.com/ace-platform/market-data-service/internal/kafka/producer.go:86.18,88.4 1 1
github.com/ace-platform/market-data-service/internal/kafka/producer.go:90.3,90.18 1 1
github.com/ace-platform/market-data-service/internal/kafka/producer.go:90.18,91.50 1 1
github.com/ace-platform/market-data-service/internal/kafka/producer.go:91.50,93.13 2 1
github.com/ace-platform/market-data-service/internal/kafka/producer.go:97.3,98.17 2 1
github.com/ace-platform/market-data-service/internal/kafka/producer.go:98.17,100.4 1 1
github.com/ace-platform/market-data-service/internal/kafka/producer.go:102.3,108.16 2 1
github.com/ace-platform/market-data-service/internal/kafka/producer.go:108.16,109.11 1 1
github.com/ace-platform/market-data-service/internal/kafka/producer.go:110.19,110.19 0 1
github.com/ace-platform/market-data-service/internal/kafka/producer.go:111.12,113.13 2 1
github.com/ace-platform/market-data-service/internal/kafka/producer.go:116.3,116.13 1 1
github.com/ace-platform/market-data-service/internal/kafka/producer.go:118.2,118.112 1 1
github.com/ace-platform/market-data-service/internal/kafka/producer.go:122.41,126.30 4 1
github.com/ace-platform/market-data-service/internal/kafka/producer.go:126.30,128.3 1 0
github.com/ace-platform/market-data-service/internal/kafka/producer.go:129.2,129.12 1 1
github.com/ace-platform/market-data-service/internal/kafka/producer.go:133.58,137.15 4 1
github.com/ace-platform/market-data-service/internal/kafka/producer.go:137.15,139.3 1 1
github.com/ace-platform/market-data-service/internal/kafka/producer.go:140.2,141.6 2 1
github.com/ace-platform/market-data-service/internal/kafka/producer.go:141.6,142.10 1 1
github.com/ace-platform/market-data-service/internal/kafka/producer.go:143.22,144.11 1 1
github.com/ace-platform/market-data-service/internal/kafka/producer.go:144.11,146.5 1 0
github.com/ace-platform/market-data-service/internal/kafka/producer.go:147.4,147.26 1 1
github.com/ace-platform/market-data-service/internal/kafka/producer.go:148.11,149.15 1 1
github.com/ace-platform/market-data-service/internal/kafka/wiring.go:62.97,64.16 2 1
github.com/ace-platform/market-data-service/internal/kafka/wiring.go:64.16,66.3 1 0
github.com/ace-platform/market-data-service/internal/kafka/wiring.go:67.2,67.70 1 1
github.com/ace-platform/market-data-service/internal/kafka/wiring.go:73.53,74.54 1 1
github.com/ace-platform/market-data-service/internal/kafka/wiring.go:74.54,76.65 2 1
github.com/ace-platform/market-data-service/internal/kafka/wiring.go:76.65,78.4 1 0
github.com/ace-platform/market-data-service/internal/kafka/wiring.go:79.3,79.47 1 1
github.com/ace-platform/market-data-service/internal/kafka/wiring.go:86.64,87.54 1 1
github.com/ace-platform/market-data-service/internal/kafka/wiring.go:87.54,89.65 2 1
github.com/ace-platform/market-data-service/internal/kafka/wiring.go:89.65,91.4 1 0
github.com/ace-platform/market-data-service/internal/kafka/wiring.go:92.3,92.47 1 1
github.com/ace-platform/market-data-service/internal/store/candlestore.go:26.36,30.2 1 1
github.com/ace-platform/market-data-service/internal/store/candlestore.go:33.45,42.2 4 1
github.com/ace-platform/market-data-service/internal/store/candlestore.go:45.129,49.16 3 1
github.com/ace-platform/market-data-service/internal/store/candlestore.go:49.16,51.3 1 1
github.com/ace-platform/market-data-service/internal/store/candlestore.go:53.2,54.32 2 1
github.com/ace-platform/market-data-service/internal/store/candlestore.go:54.32,55.67 1 1
github.com/ace-platform/market-data-service/internal/store/candlestore.go:55.67,56.12 1 0
github.com/ace-platform/market-data-service/internal/store/candlestore.go:58.3,58.58 1 1
github.com/ace-platform/market-data-service/internal/store/candlestore.go:58.58,60.4 1 1
github.com/ace-platform/market-data-service/internal/store/candlestore.go:63.2,63.41 1 1
github.com/ace-platform/market-data-service/internal/store/candlestore.go:63.41,65.3 1 1
github.com/ace-platform/market-data-service/internal/store/candlestore.go:67.2,67.25 1 1
github.com/ace-platform/market-data-service/internal/store/candlestore.go:67.25,69.3 1 1
github.com/ace-platform/market-data-service/internal/store/candlestore.go:70.2,70.15 1 1
github.com/ace-platform/market-data-service/internal/store/candlestore.go:75.89,80.29 4 1
github.com/ace-platform/market-data-service/internal/store/candlestore.go:80.29,81.60 1 1
github.com/ace-platform/market-data-service/internal/store/candlestore.go:81.60,84.4 2 1
github.com/ace-platform/market-data-service/internal/store/candlestore.go:86.2,86.14 1 1
github.com/ace-platform/market-data-service/internal/store/tradestore.go:18.34,22.2 1 1
github.com/ace-platform/market-data-service/internal/store/tradestore.go:25.48,29.2 3 1
github.com/ace-platform/market-data-service/internal/store/tradestore.go:32.70,37.19 4 1
github.com/ace-platform/market-data-service/internal/store/tradestore.go:37.19,39.3 1 1
github.com/ace-platform/market-data-service/internal/store/tradestore.go:40.2,40.28 1 1
github.com/ace-platform/market-data-service/internal/store/tradestore.go:40.28,42.3 1 0
github.com/ace-platform/market-data-service/internal/store/tradestore.go:45.2,46.25 2 1
github.com/ace-platform/market-data-service/internal/store/tradestore.go:46.25,48.3 1 1
github.com/ace-platform/market-data-service/internal/store/tradestore.go:49.2,49.15 1 1
github.com/ace-platform/market-data-service/internal/store/tradestore.go:53.93,58.43 4 1
github.com/ace-platform/market-data-service/internal/store/tradestore.go:58.43,59.39 1 1
github.com/ace-platform/market-data-service/internal/store/tradestore.go:59.39,61.4 1 1
github.com/ace-platform/market-data-service/internal/store/tradestore.go:63.2,63.15 1 1
github.com/ace-platform/market-data-service/internal/store/tradestore.go:67.102,72.43 4 1
github.com/ace-platform/market-data-service/internal/store/tradestore.go:72.43,73.62 1 1
github.com/ace-platform/market-data-service/internal/store/tradestore.go:73.62,75.41 2 1
github.com/ace-platform/market-data-service/internal/store/tradestore.go:75.41,76.10 1 0
github.com/ace-platform/market-data-service/internal/store/tradestore.go:80.2,80.15 1 1
github.com/ace-platform/market-data-service/internal/store/tradestore.go:84.73,89.22 4 1
github.com/ace-platform/market-data-service/internal/store/tradestore.go:89.22,91.3 1 1
github.com/ace-platform/market-data-service/internal/store/tradestore.go:92.2,92.36 1 1
github.com/ace-platform/market-data-service/internal/store/tradestore.go:96.48,101.27 4 1
github.com/ace-platform/market-data-service/internal/store/tradestore.go:101.27,103.3 1 1
github.com/ace-platform/market-data-service/internal/store/tradestore.go:104.2,104.12 1 1
github.com/ace-platform/market-data-service/internal/store/tradestore.go:108.51,112.2 3 0
github.com/ace-platform/market-data-service/internal/types/candle.go:18.51,19.12 1 0
github.com/ace-platform/market-data-service/internal/types/candle.go:20.18,21.21 1 0
github.com/ace-platform/market-data-service/internal/types/candle.go:22.18,23.25 1 0
github.com/ace-platform/market-data-service/internal/types/candle.go:24.19,25.26 1 0
github.com/ace-platform/market-data-service/internal/types/candle.go:26.18,27.19 1 0
github.com/ace-platform/market-data-service/internal/types/candle.go:28.18,29.23 1 0
github.com/ace-platform/market-data-service/internal/types/candle.go:30.18,31.24 1 0
github.com/ace-platform/market-data-service/internal/types/candle.go:32.10,33.21 1 0
github.com/ace-platform/market-data-service/internal/types/candle.go:38.42,39.12 1 0
github.com/ace-platform/market-data-service/internal/types/candle.go:40.18,41.14 1 0
github.com/ace-platform/market-data-service/internal/types/candle.go:42.18,43.14 1 0
github.com/ace-platform/market-data-service/internal/types/candle.go:44.19,45.15 1 0
github.com/ace-platform/market-data-service/internal/types/candle.go:46.18,47.14 1 0
github.com/ace-platform/market-data-service/internal/types/candle.go:48.18,49.14 1 0
github.com/ace-platform/market-data-service/internal/types/candle.go:50.18,51.14 1 0
github.com/ace-platform/market-data-service/internal/types/candle.go:52.10,53.19 1 0
github.com/ace-platform/market-data-service/internal/types/candle.go:58.38,60.2 1 0
github.com/ace-platform/market-data-service/internal/types/candle.go:80.66,82.18 2 0
github.com/ace-platform/market-data-service/internal/types/candle.go:83.18,84.87 1 0
github.com/ace-platform/market-data-service/internal/types/candle.go:85.18,87.78 2 0
github.com/ace-platform/market-data-service/internal/types/candle.go:88.19,90.78 2 0
github.com/ace-platform/market-data-service/internal/types/candle.go:91.18,92.78 1 0
github.com/ace-platform/market-data-service/internal/types/candle.go:93.18,95.71 2 0
github.com/ace-platform/market-data-service/internal/types/candle.go:96.18,97.71 1 0
github.com/ace-platform/market-data-service/internal/types/candle.go:98.10,99.33 1 0
github.com/ace-platform/market-data-service/internal/types/decimal.go:17.56,19.2 1 0
github.com/ace-platform/market-data-service/internal/types/decimal.go:21.38,23.2 1 0
github.com/ace-platform/market-data-service/internal/types/decimal.go:25.28,27.2 1 0
github.com/ace-platform/market-data-service/internal/types/decimal.go:29.40,31.2 1 0
github.com/ace-platform/market-data-service/internal/types/decimal.go:33.46,35.13 2 1
github.com/ace-platform/market-data-service/internal/types/decimal.go:35.13,37.3 1 0
github.com/ace-platform/market-data-service/internal/types/decimal.go:39.2,40.31 2 1
github.com/ace-platform/market-data-service/internal/types/decimal.go:40.31,43.3 2 0
github.com/ace-platform/market-data-service/internal/types/decimal.go:45.2,47.16 3 1
github.com/ace-platform/market-data-service/internal/types/decimal.go:47.16,49.3 1 0
github.com/ace-platform/market-data-service/internal/types/decimal.go:51.2,52.21 2 1
github.com/ace-platform/market-data-service/internal/types/decimal.go:52.21,54.23 2 0
github.com/ace-platform/market-data-service/internal/types/decimal.go:54.23,56.4 1 0
github.com/ace-platform/market-data-service/internal/types/decimal.go:57.3,57.24 1 0
github.com/ace-platform/market-data-service/internal/types/decimal.go:57.24,59.4 1 0
github.com/ace-platform/market-data-service/internal/types/decimal.go:60.3,61.17 2 0
github.com/ace-platform/market-data-service/internal/types/decimal.go:61.17,63.4 1 0
github.com/ace-platform/market-data-service/internal/types/decimal.go:66.2,67.14 2 1
github.com/ace-platform/market-data-service/internal/types/decimal.go:67.14,69.3 1 0
github.com/ace-platform/market-data-service/internal/types/decimal.go:70.2,70.33 1 1
github.com/ace-platform/market-data-service/internal/types/decimal.go:73.34,73.52 1 0
github.com/ace-platform/market-data-service/internal/types/decimal.go:74.34,74.57 1 0
github.com/ace-platform/market-data-service/internal/types/decimal.go:76.41,77.27 1 0
github.com/ace-platform/market-data-service/internal/types/decimal.go:77.27,79.3 1 0
github.com/ace-platform/market-data-service/internal/types/decimal.go:80.2,80.27 1 0
github.com/ace-platform/market-data-service/internal/types/decimal.go:80.27,82.3 1 0
github.com/ace-platform/market-data-service/internal/types/decimal.go:83.2,83.10 1 0
github.com/ace-platform/market-data-service/internal/types/decimal.go:86.54,86.86 1 0
github.com/ace-platform/market-data-service/internal/types/decimal.go:87.55,87.87 1 0
github.com/ace-platform/market-data-service/internal/types/decimal.go:88.55,88.88 1 1
github.com/ace-platform/market-data-service/internal/types/decimal.go:89.57,89.90 1 0
github.com/ace-platform/market-data-service/internal/types/decimal.go:90.55,90.88 1 0
github.com/ace-platform/market-data-service/internal/types/decimal.go:92.45,92.93 1 0
github.com/ace-platform/market-data-service/internal/types/decimal.go:93.45,93.93 1 0
github.com/ace-platform/market-data-service/internal/types/decimal.go:95.48,97.2 1 0
github.com/ace-platform/market-data-service/internal/types/decimal.go:100.48,101.18 1 0
github.com/ace-platform/market-data-service/internal/types/decimal.go:101.18,103.3 1 0
github.com/ace-platform/market-data-service/internal/types/decimal.go:104.2,104.42 1 0
github.com/ace-platform/market-data-service/internal/types/decimal.go:107.32,108.17 1 0
github.com/ace-platform/market-data-service/internal/types/decimal.go:108.17,110.3 1 0
github.com/ace-platform/market-data-service/internal/types/decimal.go:111.2,111.10 1 0
github.com/ace-platform/market-data-service/internal/types/decimal.go:114.34,117.14 3 0
github.com/ace-platform/market-data-service/internal/types/decimal.go:117.14,119.3 1 0
github.com/ace-platform/market-data-service/internal/types/decimal.go:120.2,124.14 4 0
github.com/ace-platform/market-data-service/internal/types/decimal.go:124.14,126.3 1 0
github.com/ace-platform/market-data-service/internal/types/decimal.go:128.2,128.19 1 0
github.com/ace-platform/market-data-service/internal/types/decimal.go:128.19,130.3 1 0
github.com/ace-platform/market-data-service/internal/types/decimal.go:132.2,134.55 3 0
github.com/ace-platform/market-data-service/internal/retention/policy.go:27.30,38.2 1 1
github.com/ace-platform/market-data-service/internal/retention/policy.go:41.53,44.31 3 0
github.com/ace-platform/market-data-service/internal/retention/policy.go:44.31,45.23 1 0
github.com/ace-platform/market-data-service/internal/retention/policy.go:45.23,46.12 1 0
github.com/ace-platform/market-data-service/internal/retention/policy.go:48.3,49.50 2 0
github.com/ace-platform/market-data-service/internal/retention/policy.go:51.2,51.14 1 0
github.com/ace-platform/market-data-service/internal/server/config.go:16.29,22.2 1 1
github.com/ace-platform/market-data-service/internal/server/config.go:25.29,28.42 2 0
github.com/ace-platform/market-data-service/internal/server/config.go:28.42,29.47 1 0
github.com/ace-platform/market-data-service/internal/server/config.go:29.47,31.4 1 0
github.com/ace-platform/market-data-service/internal/server/config.go:33.2,33.44 1 0
github.com/ace-platform/market-data-service/internal/server/config.go:33.44,34.47 1 0
github.com/ace-platform/market-data-service/internal/server/config.go:34.47,36.4 1 0
github.com/ace-platform/market-data-service/internal/server/config.go:38.2,38.45 1 0
github.com/ace-platform/market-data-service/internal/server/config.go:38.45,40.3 1 0
github.com/ace-platform/market-data-service/internal/server/config.go:41.2,41.12 1 0
github.com/ace-platform/market-data-service/internal/server/server.go:33.36,49.59 6 1
github.com/ace-platform/market-data-service/internal/server/server.go:49.59,51.17 2 1
github.com/ace-platform/market-data-service/internal/server/server.go:51.17,53.4 1 0
github.com/ace-platform/market-data-service/internal/server/server.go:56.2,56.10 1 1
github.com/ace-platform/market-data-service/internal/server/server.go:60.49,65.2 4 1
github.com/ace-platform/market-data-service/internal/server/server.go:68.129,69.16 1 1
github.com/ace-platform/market-data-service/internal/server/server.go:69.16,71.3 1 0
github.com/ace-platform/market-data-service/internal/server/server.go:72.2,72.18 1 1
github.com/ace-platform/market-data-service/internal/server/server.go:72.18,74.3 1 1
github.com/ace-platform/market-data-service/internal/server/server.go:75.2,75.18 1 1
github.com/ace-platform/market-data-service/internal/server/server.go:75.18,77.3 1 0
github.com/ace-platform/market-data-service/internal/server/server.go:80.2,83.74 2 1
github.com/ace-platform/market-data-service/internal/server/server.go:83.74,84.66 1 1
github.com/ace-platform/market-data-service/internal/server/server.go:84.66,86.4 1 1
github.com/ace-platform/market-data-service/internal/server/server.go:89.2,89.26 1 1
github.com/ace-platform/market-data-service/internal/server/server.go:89.26,91.3 1 0
github.com/ace-platform/market-data-service/internal/server/server.go:92.2,92.16 1 1
github.com/ace-platform/market-data-service/internal/server/server.go:96.117,98.2 1 0
github.com/ace-platform/market-data-service/internal/server/server.go:101.70,103.2 1 1
github.com/ace-platform/market-data-service/internal/server/server.go:106.68,108.2 1 1
github.com/ace-platform/market-data-service/internal/server/server.go:111.118,112.16 1 1
github.com/ace-platform/market-data-service/internal/server/server.go:112.16,114.3 1 0
github.com/ace-platform/market-data-service/internal/server/server.go:115.2,115.18 1 1
github.com/ace-platform/market-data-service/internal/server/server.go:115.18,117.3 1 0
github.com/ace-platform/market-data-service/internal/server/server.go:119.2,119.23 1 1
github.com/ace-platform/market-data-service/internal/server/server.go:119.23,121.26 2 1
github.com/ace-platform/market-data-service/internal/server/server.go:121.26,123.4 1 0
github.com/ace-platform/market-data-service/internal/server/server.go:124.3,124.16 1 1
github.com/ace-platform/market-data-service/internal/server/server.go:127.2,127.21 1 1
github.com/ace-platform/market-data-service/internal/server/server.go:127.21,128.19 1 0
github.com/ace-platform/market-data-service/internal/server/server.go:128.19,130.4 1 0
github.com/ace-platform/market-data-service/internal/server/server.go:131.3,131.67 1 0
github.com/ace-platform/market-data-service/internal/server/server.go:134.2,134.48 1 1
github.com/ace-platform/market-data-service/internal/server/server.go:138.84,140.2 1 1
github.com/ace-platform/market-data-service/internal/server/server.go:143.57,145.2 1 1
github.com/ace-platform/market-data-service/internal/server/server.go:148.33,150.2 1 0
github.com/ace-platform/market-data-service/internal/server/server.go:153.33,155.28 2 0
github.com/ace-platform/market-data-service/internal/server/server.go:155.28,158.3 2 0
github.com/ace-platform/market-data-service/internal/server/server.go:162.29,164.2 1 1
github.com/ace-platform/market-data-service/internal/server/server.go:167.33,169.2 1 1
github.com/ace-platform/market-data-service/internal/server/server.go:172.44,174.74 2 0
github.com/ace-platform/market-data-service/internal/server/server.go:174.74,177.3 2 0
github.com/ace-platform/market-data-service/internal/server/server.go:178.2,178.73 1 0
github.com/ace-platform/market-data-service/internal/server/server.go:178.73,179.18 1 0
github.com/ace-platform/market-data-service/internal/server/server.go:179.18,182.4 2 0
github.com/ace-platform/market-data-service/internal/server/server.go:182.9,185.4 2 0
github.com/ace-platform/market-data-service/internal/server/server.go:188.2,190.39 3 0
github.com/ace-platform/market-data-service/internal/server/server.go:194.53,198.2 3 0
github.com/ace-platform/market-data-service/internal/server/server.go:201.39,201.55 1 0
github.com/ace-platform/market-data-service/internal/server/server.go:204.50,204.76 1 0
github.com/ace-platform/market-data-service/internal/types/candle.go:18.51,19.12 1 0
github.com/ace-platform/market-data-service/internal/types/candle.go:20.18,21.21 1 0
github.com/ace-platform/market-data-service/internal/types/candle.go:22.18,23.25 1 0
github.com/ace-platform/market-data-service/internal/types/candle.go:24.19,25.26 1 0
github.com/ace-platform/market-data-service/internal/types/candle.go:26.18,27.19 1 0
github.com/ace-platform/market-data-service/internal/types/candle.go:28.18,29.23 1 0
github.com/ace-platform/market-data-service/internal/types/candle.go:30.18,31.24 1 0
github.com/ace-platform/market-data-service/internal/types/candle.go:32.10,33.21 1 0
github.com/ace-platform/market-data-service/internal/types/candle.go:38.42,39.12 1 0
github.com/ace-platform/market-data-service/internal/types/candle.go:40.18,41.14 1 0
github.com/ace-platform/market-data-service/internal/types/candle.go:42.18,43.14 1 0
github.com/ace-platform/market-data-service/internal/types/candle.go:44.19,45.15 1 0
github.com/ace-platform/market-data-service/internal/types/candle.go:46.18,47.14 1 0
github.com/ace-platform/market-data-service/internal/types/candle.go:48.18,49.14 1 0
github.com/ace-platform/market-data-service/internal/types/candle.go:50.18,51.14 1 0
github.com/ace-platform/market-data-service/internal/types/candle.go:52.10,53.19 1 0
github.com/ace-platform/market-data-service/internal/types/candle.go:58.38,60.2 1 1
github.com/ace-platform/market-data-service/internal/types/candle.go:80.66,82.18 2 1
github.com/ace-platform/market-data-service/internal/types/candle.go:83.18,84.87 1 1
github.com/ace-platform/market-data-service/internal/types/candle.go:85.18,87.78 2 1
github.com/ace-platform/market-data-service/internal/types/candle.go:88.19,90.78 2 1
github.com/ace-platform/market-data-service/internal/types/candle.go:91.18,92.78 1 1
github.com/ace-platform/market-data-service/internal/types/candle.go:93.18,95.71 2 1
github.com/ace-platform/market-data-service/internal/types/candle.go:96.18,97.71 1 1
github.com/ace-platform/market-data-service/internal/types/candle.go:98.10,99.33 1 0
github.com/ace-platform/market-data-service/internal/types/decimal.go:17.56,19.2 1 0
github.com/ace-platform/market-data-service/internal/types/decimal.go:21.38,23.2 1 0
github.com/ace-platform/market-data-service/internal/types/decimal.go:25.28,27.2 1 1
github.com/ace-platform/market-data-service/internal/types/decimal.go:29.40,31.2 1 1
github.com/ace-platform/market-data-service/internal/types/decimal.go:33.46,35.13 2 1
github.com/ace-platform/market-data-service/internal/types/decimal.go:35.13,37.3 1 0
github.com/ace-platform/market-data-service/internal/types/decimal.go:39.2,40.31 2 1
github.com/ace-platform/market-data-service/internal/types/decimal.go:40.31,43.3 2 0
github.com/ace-platform/market-data-service/internal/types/decimal.go:45.2,47.16 3 1
github.com/ace-platform/market-data-service/internal/types/decimal.go:47.16,49.3 1 0
github.com/ace-platform/market-data-service/internal/types/decimal.go:51.2,52.21 2 1
github.com/ace-platform/market-data-service/internal/types/decimal.go:52.21,54.23 2 0
github.com/ace-platform/market-data-service/internal/types/decimal.go:54.23,56.4 1 0
github.com/ace-platform/market-data-service/internal/types/decimal.go:57.3,57.24 1 0
github.com/ace-platform/market-data-service/internal/types/decimal.go:57.24,59.4 1 0
github.com/ace-platform/market-data-service/internal/types/decimal.go:60.3,61.17 2 0
github.com/ace-platform/market-data-service/internal/types/decimal.go:61.17,63.4 1 0
github.com/ace-platform/market-data-service/internal/types/decimal.go:66.2,67.14 2 1
github.com/ace-platform/market-data-service/internal/types/decimal.go:67.14,69.3 1 0
github.com/ace-platform/market-data-service/internal/types/decimal.go:70.2,70.33 1 1
github.com/ace-platform/market-data-service/internal/types/decimal.go:73.34,73.52 1 1
github.com/ace-platform/market-data-service/internal/types/decimal.go:74.34,74.57 1 1
github.com/ace-platform/market-data-service/internal/types/decimal.go:76.41,77.27 1 0
github.com/ace-platform/market-data-service/internal/types/decimal.go:77.27,79.3 1 0
github.com/ace-platform/market-data-service/internal/types/decimal.go:80.2,80.27 1 0
github.com/ace-platform/market-data-service/internal/types/decimal.go:80.27,82.3 1 0
github.com/ace-platform/market-data-service/internal/types/decimal.go:83.2,83.10 1 0
github.com/ace-platform/market-data-service/internal/types/decimal.go:86.54,86.86 1 1
github.com/ace-platform/market-data-service/internal/types/decimal.go:87.55,87.87 1 1
github.com/ace-platform/market-data-service/internal/types/decimal.go:88.55,88.88 1 1
github.com/ace-platform/market-data-service/internal/types/decimal.go:89.57,89.90 1 0
github.com/ace-platform/market-data-service/internal/types/decimal.go:90.55,90.88 1 0
github.com/ace-platform/market-data-service/internal/types/decimal.go:92.45,92.93 1 1
github.com/ace-platform/market-data-service/internal/types/decimal.go:93.45,93.93 1 1
github.com/ace-platform/market-data-service/internal/types/decimal.go:95.48,97.2 1 1
github.com/ace-platform/market-data-service/internal/types/decimal.go:100.48,101.18 1 1
github.com/ace-platform/market-data-service/internal/types/decimal.go:101.18,103.3 1 0
github.com/ace-platform/market-data-service/internal/types/decimal.go:104.2,104.42 1 1
github.com/ace-platform/market-data-service/internal/types/decimal.go:107.32,108.17 1 0
github.com/ace-platform/market-data-service/internal/types/decimal.go:108.17,110.3 1 0
github.com/ace-platform/market-data-service/internal/types/decimal.go:111.2,111.10 1 0
github.com/ace-platform/market-data-service/internal/types/decimal.go:114.34,117.14 3 0
github.com/ace-platform/market-data-service/internal/types/decimal.go:117.14,119.3 1 0
github.com/ace-platform/market-data-service/internal/types/decimal.go:120.2,124.14 4 0
github.com/ace-platform/market-data-service/internal/types/decimal.go:124.14,126.3 1 0
github.com/ace-platform/market-data-service/internal/types/decimal.go:128.2,128.19 1 0
github.com/ace-platform/market-data-service/internal/types/decimal.go:128.19,130.3 1 0
github.com/ace-platform/market-data-service/internal/types/decimal.go:132.2,134.55 3 0
github.com/ace-platform/market-data-service/internal/types/candle.go:18.51,19.12 1 0
github.com/ace-platform/market-data-service/internal/types/candle.go:20.18,21.21 1 0
github.com/ace-platform/market-data-service/internal/types/candle.go:22.18,23.25 1 0
github.com/ace-platform/market-data-service/internal/types/candle.go:24.19,25.26 1 0
github.com/ace-platform/market-data-service/internal/types/candle.go:26.18,27.19 1 0
github.com/ace-platform/market-data-service/internal/types/candle.go:28.18,29.23 1 0
github.com/ace-platform/market-data-service/internal/types/candle.go:30.18,31.24 1 0
github.com/ace-platform/market-data-service/internal/types/candle.go:32.10,33.21 1 0
github.com/ace-platform/market-data-service/internal/types/candle.go:38.42,39.12 1 0
github.com/ace-platform/market-data-service/internal/types/candle.go:40.18,41.14 1 0
github.com/ace-platform/market-data-service/internal/types/candle.go:42.18,43.14 1 0
github.com/ace-platform/market-data-service/internal/types/candle.go:44.19,45.15 1 0
github.com/ace-platform/market-data-service/internal/types/candle.go:46.18,47.14 1 0
github.com/ace-platform/market-data-service/internal/types/candle.go:48.18,49.14 1 0
github.com/ace-platform/market-data-service/internal/types/candle.go:50.18,51.14 1 0
github.com/ace-platform/market-data-service/internal/types/candle.go:52.10,53.19 1 0
github.com/ace-platform/market-data-service/internal/types/candle.go:58.38,60.2 1 0
github.com/ace-platform/market-data-service/internal/types/candle.go:80.66,82.18 2 0
github.com/ace-platform/market-data-service/internal/types/candle.go:83.18,84.87 1 0
github.com/ace-platform/market-data-service/internal/types/candle.go:85.18,87.78 2 0
github.com/ace-platform/market-data-service/internal/types/candle.go:88.19,90.78 2 0
github.com/ace-platform/market-data-service/internal/types/candle.go:91.18,92.78 1 0
github.com/ace-platform/market-data-service/internal/types/candle.go:93.18,95.71 2 0
github.com/ace-platform/market-data-service/internal/types/candle.go:96.18,97.71 1 0
github.com/ace-platform/market-data-service/internal/types/candle.go:98.10,99.33 1 0
github.com/ace-platform/market-data-service/internal/types/decimal.go:17.56,19.2 1 0
github.com/ace-platform/market-data-service/internal/types/decimal.go:21.38,23.2 1 0
github.com/ace-platform/market-data-service/internal/types/decimal.go:25.28,27.2 1 0
github.com/ace-platform/market-data-service/internal/types/decimal.go:29.40,31.2 1 0
github.com/ace-platform/market-data-service/internal/types/decimal.go:33.46,35.13 2 0
github.com/ace-platform/market-data-service/internal/types/decimal.go:35.13,37.3 1 0
github.com/ace-platform/market-data-service/internal/types/decimal.go:39.2,40.31 2 0
github.com/ace-platform/market-data-service/internal/types/decimal.go:40.31,43.3 2 0
github.com/ace-platform/market-data-service/internal/types/decimal.go:45.2,47.16 3 0
github.com/ace-platform/market-data-service/internal/types/decimal.go:47.16,49.3 1 0
github.com/ace-platform/market-data-service/internal/types/decimal.go:51.2,52.21 2 0
github.com/ace-platform/market-data-service/internal/types/decimal.go:52.21,54.23 2 0
github.com/ace-platform/market-data-service/internal/types/decimal.go:54.23,56.4 1 0
github.com/ace-platform/market-data-service/internal/types/decimal.go:57.3,57.24 1 0
github.com/ace-platform/market-data-service/internal/types/decimal.go:57.24,59.4 1 0
github.com/ace-platform/market-data-service/internal/types/decimal.go:60.3,61.17 2 0
github.com/ace-platform/market-data-service/internal/types/decimal.go:61.17,63.4 1 0
github.com/ace-platform/market-data-service/internal/types/decimal.go:66.2,67.14 2 0
github.com/ace-platform/market-data-service/internal/types/decimal.go:67.14,69.3 1 0
github.com/ace-platform/market-data-service/internal/types/decimal.go:70.2,70.33 1 0
github.com/ace-platform/market-data-service/internal/types/decimal.go:73.34,73.52 1 0
github.com/ace-platform/market-data-service/internal/types/decimal.go:74.34,74.57 1 0
github.com/ace-platform/market-data-service/internal/types/decimal.go:76.41,77.27 1 0
github.com/ace-platform/market-data-service/internal/types/decimal.go:77.27,79.3 1 0
github.com/ace-platform/market-data-service/internal/types/decimal.go:80.2,80.27 1 0
github.com/ace-platform/market-data-service/internal/types/decimal.go:80.27,82.3 1 0
github.com/ace-platform/market-data-service/internal/types/decimal.go:83.2,83.10 1 0
github.com/ace-platform/market-data-service/internal/types/decimal.go:86.54,86.86 1 0
github.com/ace-platform/market-data-service/internal/types/decimal.go:87.55,87.87 1 0
github.com/ace-platform/market-data-service/internal/types/decimal.go:88.55,88.88 1 0
github.com/ace-platform/market-data-service/internal/types/decimal.go:89.57,89.90 1 0
github.com/ace-platform/market-data-service/internal/types/decimal.go:90.55,90.88 1 0
github.com/ace-platform/market-data-service/internal/types/decimal.go:92.45,92.93 1 0
github.com/ace-platform/market-data-service/internal/types/decimal.go:93.45,93.93 1 0
github.com/ace-platform/market-data-service/internal/types/decimal.go:95.48,97.2 1 0
github.com/ace-platform/market-data-service/internal/types/decimal.go:100.48,101.18 1 0
github.com/ace-platform/market-data-service/internal/types/decimal.go:101.18,103.3 1 0
github.com/ace-platform/market-data-service/internal/types/decimal.go:104.2,104.42 1 0
github.com/ace-platform/market-data-service/internal/types/decimal.go:107.32,108.17 1 0
github.com/ace-platform/market-data-service/internal/types/decimal.go:108.17,110.3 1 0
github.com/ace-platform/market-data-service/internal/types/decimal.go:111.2,111.10 1 0
github.com/ace-platform/market-data-service/internal/types/decimal.go:114.34,117.14 3 0
github.com/ace-platform/market-data-service/internal/types/decimal.go:117.14,119.3 1 0
github.com/ace-platform/market-data-service/internal/types/decimal.go:120.2,124.14 4 0
github.com/ace-platform/market-data-service/internal/types/decimal.go:124.14,126.3 1 0
github.com/ace-platform/market-data-service/internal/types/decimal.go:128.2,128.19 1 0
github.com/ace-platform/market-data-service/internal/types/decimal.go:128.19,130.3 1 0
github.com/ace-platform/market-data-service/internal/types/decimal.go:132.2,134.55 3 0
github.com/ace-platform/market-data-service/internal/ticker/engine.go:24.26,29.2 1 1
github.com/ace-platform/market-data-service/internal/ticker/engine.go:32.57,36.2 3 1
github.com/ace-platform/market-data-service/internal/ticker/engine.go:39.49,44.9 4 1
github.com/ace-platform/market-data-service/internal/ticker/engine.go:44.9,47.3 2 1
github.com/ace-platform/market-data-service/internal/ticker/engine.go:49.2,50.25 2 1
github.com/ace-platform/market-data-service/internal/ticker/engine.go:54.70,59.35 4 1
github.com/ace-platform/market-data-service/internal/ticker/engine.go:59.35,61.3 1 1
github.com/ace-platform/market-data-service/internal/ticker/engine.go:63.2,66.64 3 1
github.com/ace-platform/market-data-service/internal/ticker/engine.go:70.68,77.29 5 1
github.com/ace-platform/market-data-service/internal/ticker/engine.go:77.29,79.29 2 1
github.com/ace-platform/market-data-service/internal/ticker/engine.go:79.29,81.4 1 1
github.com/ace-platform/market-data-service/internal/ticker/engine.go:84.2,85.35 2 1
github.com/ace-platform/market-data-service/internal/ticker/engine.go:85.35,87.36 2 1
github.com/ace-platform/market-data-service/internal/ticker/engine.go:87.36,88.12 1 0
github.com/ace-platform/market-data-service/internal/ticker/engine.go:90.3,90.67 1 1
github.com/ace-platform/market-data-service/internal/ticker/engine.go:92.2,92.15 1 1
github.com/ace-platform/market-data-service/internal/ticker/engine.go:95.109,105.33 2 1
github.com/ace-platform/market-data-service/internal/ticker/engine.go:105.33,106.34 1 1
github.com/ace-platform/market-data-service/internal/ticker/engine.go:106.34,107.12 1 1
github.com/ace-platform/market-data-service/internal/ticker/engine.go:109.3,109.16 1 1
github.com/ace-platform/market-data-service/internal/ticker/engine.go:109.16,114.4 4 1
github.com/ace-platform/market-data-service/internal/ticker/engine.go:115.3,115.35 1 1
github.com/ace-platform/market-data-service/internal/ticker/engine.go:115.35,117.4 1 1
github.com/ace-platform/market-data-service/internal/ticker/engine.go:118.3,118.31 1 1
github.com/ace-platform/market-data-service/internal/ticker/engine.go:118.31,120.4 1 1
github.com/ace-platform/market-data-service/internal/ticker/engine.go:121.3,122.57 2 1
github.com/ace-platform/market-data-service/internal/ticker/engine.go:125.2,128.24 4 1
github.com/ace-platform/market-data-service/internal/ticker/engine.go:128.24,131.3 1 1
github.com/ace-platform/market-data-service/internal/ticker/engine.go:133.2,146.15 2 1
github.com/ace-platform/market-data-service/internal/ticker/engine.go:150.48,154.34 3 1
github.com/ace-platform/market-data-service/internal/ticker/engine.go:154.34,156.34 2 1
github.com/ace-platform/market-data-service/internal/ticker/engine.go:156.34,157.36 1 1
github.com/ace-platform/market-data-service/internal/ticker/engine.go:157.36,159.5 1 1
github.com/ace-platform/market-data-service/internal/ticker/engine.go:161.3,161.24 1 1
github.com/ace-platform/market-data-service/internal/types/candle.go:18.51,19.12 1 0
github.com/ace-platform/market-data-service/internal/types/candle.go:20.18,21.21 1 0
github.com/ace-platform/market-data-service/internal/types/candle.go:22.18,23.25 1 0
github.com/ace-platform/market-data-service/internal/types/candle.go:24.19,25.26 1 0
github.com/ace-platform/market-data-service/internal/types/candle.go:26.18,27.19 1 0
github.com/ace-platform/market-data-service/internal/types/candle.go:28.18,29.23 1 0
github.com/ace-platform/market-data-service/internal/types/candle.go:30.18,31.24 1 0
github.com/ace-platform/market-data-service/internal/types/candle.go:32.10,33.21 1 0
github.com/ace-platform/market-data-service/internal/types/candle.go:38.42,39.12 1 0
github.com/ace-platform/market-data-service/internal/types/candle.go:40.18,41.14 1 0
github.com/ace-platform/market-data-service/internal/types/candle.go:42.18,43.14 1 0
github.com/ace-platform/market-data-service/internal/types/candle.go:44.19,45.15 1 0
github.com/ace-platform/market-data-service/internal/types/candle.go:46.18,47.14 1 0
github.com/ace-platform/market-data-service/internal/types/candle.go:48.18,49.14 1 0
github.com/ace-platform/market-data-service/internal/types/candle.go:50.18,51.14 1 0
github.com/ace-platform/market-data-service/internal/types/candle.go:52.10,53.19 1 0
github.com/ace-platform/market-data-service/internal/types/candle.go:58.38,60.2 1 0
github.com/ace-platform/market-data-service/internal/types/candle.go:80.66,82.18 2 0
github.com/ace-platform/market-data-service/internal/types/candle.go:83.18,84.87 1 0
github.com/ace-platform/market-data-service/internal/types/candle.go:85.18,87.78 2 0
github.com/ace-platform/market-data-service/internal/types/candle.go:88.19,90.78 2 0
github.com/ace-platform/market-data-service/internal/types/candle.go:91.18,92.78 1 0
github.com/ace-platform/market-data-service/internal/types/candle.go:93.18,95.71 2 0
github.com/ace-platform/market-data-service/internal/types/candle.go:96.18,97.71 1 0
github.com/ace-platform/market-data-service/internal/types/candle.go:98.10,99.33 1 0
github.com/ace-platform/market-data-service/internal/types/decimal.go:17.56,19.2 1 0
github.com/ace-platform/market-data-service/internal/types/decimal.go:21.38,23.2 1 0
github.com/ace-platform/market-data-service/internal/types/decimal.go:25.28,27.2 1 0
github.com/ace-platform/market-data-service/internal/types/decimal.go:29.40,31.2 1 1
github.com/ace-platform/market-data-service/internal/types/decimal.go:33.46,35.13 2 1
github.com/ace-platform/market-data-service/internal/types/decimal.go:35.13,37.3 1 0
github.com/ace-platform/market-data-service/internal/types/decimal.go:39.2,40.31 2 1
github.com/ace-platform/market-data-service/internal/types/decimal.go:40.31,43.3 2 1
github.com/ace-platform/market-data-service/internal/types/decimal.go:45.2,47.16 3 1
github.com/ace-platform/market-data-service/internal/types/decimal.go:47.16,49.3 1 0
github.com/ace-platform/market-data-service/internal/types/decimal.go:51.2,52.21 2 1
github.com/ace-platform/market-data-service/internal/types/decimal.go:52.21,54.23 2 0
github.com/ace-platform/market-data-service/internal/types/decimal.go:54.23,56.4 1 0
github.com/ace-platform/market-data-service/internal/types/decimal.go:57.3,57.24 1 0
github.com/ace-platform/market-data-service/internal/types/decimal.go:57.24,59.4 1 0
github.com/ace-platform/market-data-service/internal/types/decimal.go:60.3,61.17 2 0
github.com/ace-platform/market-data-service/internal/types/decimal.go:61.17,63.4 1 0
github.com/ace-platform/market-data-service/internal/types/decimal.go:66.2,67.14 2 1
github.com/ace-platform/market-data-service/internal/types/decimal.go:67.14,69.3 1 1
github.com/ace-platform/market-data-service/internal/types/decimal.go:70.2,70.33 1 1
github.com/ace-platform/market-data-service/internal/types/decimal.go:73.34,73.52 1 1
github.com/ace-platform/market-data-service/internal/types/decimal.go:74.34,74.57 1 1
github.com/ace-platform/market-data-service/internal/types/decimal.go:76.41,77.27 1 0
github.com/ace-platform/market-data-service/internal/types/decimal.go:77.27,79.3 1 0
github.com/ace-platform/market-data-service/internal/types/decimal.go:80.2,80.27 1 0
github.com/ace-platform/market-data-service/internal/types/decimal.go:80.27,82.3 1 0
github.com/ace-platform/market-data-service/internal/types/decimal.go:83.2,83.10 1 0
github.com/ace-platform/market-data-service/internal/types/decimal.go:86.54,86.86 1 1
github.com/ace-platform/market-data-service/internal/types/decimal.go:87.55,87.87 1 1
github.com/ace-platform/market-data-service/internal/types/decimal.go:88.55,88.88 1 1
github.com/ace-platform/market-data-service/internal/types/decimal.go:89.57,89.90 1 0
github.com/ace-platform/market-data-service/internal/types/decimal.go:90.55,90.88 1 0
github.com/ace-platform/market-data-service/internal/types/decimal.go:92.45,92.93 1 1
github.com/ace-platform/market-data-service/internal/types/decimal.go:93.45,93.93 1 1
github.com/ace-platform/market-data-service/internal/types/decimal.go:95.48,97.2 1 1
github.com/ace-platform/market-data-service/internal/types/decimal.go:100.48,101.18 1 0
github.com/ace-platform/market-data-service/internal/types/decimal.go:101.18,103.3 1 0
github.com/ace-platform/market-data-service/internal/types/decimal.go:104.2,104.42 1 0
github.com/ace-platform/market-data-service/internal/types/decimal.go:107.32,108.17 1 0
github.com/ace-platform/market-data-service/internal/types/decimal.go:108.17,110.3 1 0
github.com/ace-platform/market-data-service/internal/types/decimal.go:111.2,111.10 1 0
github.com/ace-platform/market-data-service/internal/types/decimal.go:114.34,117.14 3 0
github.com/ace-platform/market-data-service/internal/types/decimal.go:117.14,119.3 1 0
github.com/ace-platform/market-data-service/internal/types/decimal.go:120.2,124.14 4 0
github.com/ace-platform/market-data-service/internal/types/decimal.go:124.14,126.3 1 0
github.com/ace-platform/market-data-service/internal/types/decimal.go:128.2,128.19 1 0
github.com/ace-platform/market-data-service/internal/types/decimal.go:128.19,130.3 1 0
github.com/ace-platform/market-data-service/internal/types/decimal.go:132.2,134.55 3 0
github.com/ace-platform/market-data-service/internal/streaming/hub.go:17.38,19.2 1 1
github.com/ace-platform/market-data-service/internal/streaming/hub.go:28.37,30.2 1 1
github.com/ace-platform/market-data-service/internal/streaming/hub.go:40.20,45.2 1 1
github.com/ace-platform/market-data-service/internal/streaming/hub.go:48.86,52.18 3 1
github.com/ace-platform/market-data-service/internal/streaming/hub.go:52.18,54.3 1 0
github.com/ace-platform/market-data-service/internal/streaming/hub.go:56.2,59.22 2 1
github.com/ace-platform/market-data-service/internal/streaming/hub.go:59.22,62.49 3 1
github.com/ace-platform/market-data-service/internal/streaming/hub.go:62.49,64.4 1 1
github.com/ace-platform/market-data-service/internal/streaming/hub.go:65.3,65.16 1 1
github.com/ace-platform/market-data-service/internal/streaming/hub.go:68.2,68.46 1 1
github.com/ace-platform/market-data-service/internal/streaming/hub.go:68.46,70.3 1 1
github.com/ace-platform/market-data-service/internal/streaming/hub.go:71.2,73.12 2 1
github.com/ace-platform/market-data-service/internal/streaming/hub.go:77.84,81.18 3 1
github.com/ace-platform/market-data-service/internal/streaming/hub.go:81.18,83.3 1 0
github.com/ace-platform/market-data-service/internal/streaming/hub.go:85.2,88.22 2 1
github.com/ace-platform/market-data-service/internal/streaming/hub.go:88.22,91.48 3 1
github.com/ace-platform/market-data-service/internal/streaming/hub.go:91.48,93.4 1 1
github.com/ace-platform/market-data-service/internal/streaming/hub.go:94.3,94.16 1 1
github.com/ace-platform/market-data-service/internal/streaming/hub.go:97.2,97.45 1 1
github.com/ace-platform/market-data-service/internal/streaming/hub.go:97.45,99.3 1 1
github.com/ace-platform/market-data-service/internal/streaming/hub.go:100.2,102.12 2 1
github.com/ace-platform/market-data-service/internal/streaming/hub.go:106.45,111.24 4 1
github.com/ace-platform/market-data-service/internal/streaming/hub.go:111.24,112.10 1 1
github.com/ace-platform/market-data-service/internal/streaming/hub.go:113.20,113.20 0 1
github.com/ace-platform/market-data-service/internal/streaming/hub.go:114.11,114.11 0 1
github.com/ace-platform/market-data-service/internal/streaming/hub.go:121.43,126.24 4 1
github.com/ace-platform/market-data-service/internal/streaming/hub.go:126.24,127.10 1 1
github.com/ace-platform/market-data-service/internal/streaming/hub.go:128.20,128.20 0 1
github.com/ace-platform/market-data-service/internal/streaming/hub.go:129.11,129.11 0 0
github.com/ace-platform/market-data-service/internal/types/candle.go:18.51,19.12 1 0
github.com/ace-platform/market-data-service/internal/types/candle.go:20.18,21.21 1 0
github.com/ace-platform/market-data-service/internal/types/candle.go:22.18,23.25 1 0
github.com/ace-platform/market-data-service/internal/types/candle.go:24.19,25.26 1 0
github.com/ace-platform/market-data-service/internal/types/candle.go:26.18,27.19 1 0
github.com/ace-platform/market-data-service/internal/types/candle.go:28.18,29.23 1 0
github.com/ace-platform/market-data-service/internal/types/candle.go:30.18,31.24 1 0
github.com/ace-platform/market-data-service/internal/types/candle.go:32.10,33.21 1 0
github.com/ace-platform/market-data-service/internal/types/candle.go:38.42,39.12 1 0
github.com/ace-platform/market-data-service/internal/types/candle.go:40.18,41.14 1 0
github.com/ace-platform/market-data-service/internal/types/candle.go:42.18,43.14 1 0
github.com/ace-platform/market-data-service/internal/types/candle.go:44.19,45.15 1 0
github.com/ace-platform/market-data-service/internal/types/candle.go:46.18,47.14 1 0
github.com/ace-platform/market-data-service/internal/types/candle.go:48.18,49.14 1 0
github.com/ace-platform/market-data-service/internal/types/candle.go:50.18,51.14 1 0
github.com/ace-platform/market-data-service/internal/types/candle.go:52.10,53.19 1 0
github.com/ace-platform/market-data-service/internal/types/candle.go:58.38,60.2 1 0
github.com/ace-platform/market-data-service/internal/types/candle.go:80.66,82.18 2 0
github.com/ace-platform/market-data-service/internal/types/candle.go:83.18,84.87 1 0
github.com/ace-platform/market-data-service/internal/types/candle.go:85.18,87.78 2 0
github.com/ace-platform/market-data-service/internal/types/candle.go:88.19,90.78 2 0
github.com/ace-platform/market-data-service/internal/types/candle.go:91.18,92.78 1 0
github.com/ace-platform/market-data-service/internal/types/candle.go:93.18,95.71 2 0
github.com/ace-platform/market-data-service/internal/types/candle.go:96.18,97.71 1 0
github.com/ace-platform/market-data-service/internal/types/candle.go:98.10,99.33 1 0
github.com/ace-platform/market-data-service/internal/types/decimal.go:17.56,19.2 1 0
github.com/ace-platform/market-data-service/internal/types/decimal.go:21.38,23.2 1 0
github.com/ace-platform/market-data-service/internal/types/decimal.go:25.28,27.2 1 0
github.com/ace-platform/market-data-service/internal/types/decimal.go:29.40,31.2 1 0
github.com/ace-platform/market-data-service/internal/types/decimal.go:33.46,35.13 2 1
github.com/ace-platform/market-data-service/internal/types/decimal.go:35.13,37.3 1 0
github.com/ace-platform/market-data-service/internal/types/decimal.go:39.2,40.31 2 1
github.com/ace-platform/market-data-service/internal/types/decimal.go:40.31,43.3 2 0
github.com/ace-platform/market-data-service/internal/types/decimal.go:45.2,47.16 3 1
github.com/ace-platform/market-data-service/internal/types/decimal.go:47.16,49.3 1 0
github.com/ace-platform/market-data-service/internal/types/decimal.go:51.2,52.21 2 1
github.com/ace-platform/market-data-service/internal/types/decimal.go:52.21,54.23 2 0
github.com/ace-platform/market-data-service/internal/types/decimal.go:54.23,56.4 1 0
github.com/ace-platform/market-data-service/internal/types/decimal.go:57.3,57.24 1 0
github.com/ace-platform/market-data-service/internal/types/decimal.go:57.24,59.4 1 0
github.com/ace-platform/market-data-service/internal/types/decimal.go:60.3,61.17 2 0
github.com/ace-platform/market-data-service/internal/types/decimal.go:61.17,63.4 1 0
github.com/ace-platform/market-data-service/internal/types/decimal.go:66.2,67.14 2 1
github.com/ace-platform/market-data-service/internal/types/decimal.go:67.14,69.3 1 0
github.com/ace-platform/market-data-service/internal/types/decimal.go:70.2,70.33 1 1
github.com/ace-platform/market-data-service/internal/types/decimal.go:73.34,73.52 1 0
github.com/ace-platform/market-data-service/internal/types/decimal.go:74.34,74.57 1 0
github.com/ace-platform/market-data-service/internal/types/decimal.go:76.41,77.27 1 0
github.com/ace-platform/market-data-service/internal/types/decimal.go:77.27,79.3 1 0
github.com/ace-platform/market-data-service/internal/types/decimal.go:80.2,80.27 1 0
github.com/ace-platform/market-data-service/internal/types/decimal.go:80.27,82.3 1 0
github.com/ace-platform/market-data-service/internal/types/decimal.go:83.2,83.10 1 0
github.com/ace-platform/market-data-service/internal/types/decimal.go:86.54,86.86 1 0
github.com/ace-platform/market-data-service/internal/types/decimal.go:87.55,87.87 1 0
github.com/ace-platform/market-data-service/internal/types/decimal.go:88.55,88.88 1 0
github.com/ace-platform/market-data-service/internal/types/decimal.go:89.57,89.90 1 0
github.com/ace-platform/market-data-service/internal/types/decimal.go:90.55,90.88 1 0
github.com/ace-platform/market-data-service/internal/types/decimal.go:92.45,92.93 1 0
github.com/ace-platform/market-data-service/internal/types/decimal.go:93.45,93.93 1 0
github.com/ace-platform/market-data-service/internal/types/decimal.go:95.48,97.2 1 0
github.com/ace-platform/market-data-service/internal/types/decimal.go:100.48,101.18 1 0
github.com/ace-platform/market-data-service/internal/types/decimal.go:101.18,103.3 1 0
github.com/ace-platform/market-data-service/internal/types/decimal.go:104.2,104.42 1 0
github.com/ace-platform/market-data-service/internal/types/decimal.go:107.32,108.17 1 0
github.com/ace-platform/market-data-service/internal/types/decimal.go:108.17,110.3 1 0
github.com/ace-platform/market-data-service/internal/types/decimal.go:111.2,111.10 1 0
github.com/ace-platform/market-data-service/internal/types/decimal.go:114.34,117.14 3 0
github.com/ace-platform/market-data-service/internal/types/decimal.go:117.14,119.3 1 0
github.com/ace-platform/market-data-service/internal/types/decimal.go:120.2,124.14 4 0
github.com/ace-platform/market-data-service/internal/types/decimal.go:124.14,126.3 1 0
github.com/ace-platform/market-data-service/internal/types/decimal.go:128.2,128.19 1 0
github.com/ace-platform/market-data-service/internal/types/decimal.go:128.19,130.3 1 0
github.com/ace-platform/market-data-service/internal/types/decimal.go:132.2,134.55 3 0
